[M::bwa_idx_load_from_disk] read 0 ALT contigs
[M::process] read 81874 sequences (10000012 bp)...
[M::process] read 81304 sequences (10000133 bp)...
[M::mem_pestat] # candidate unique pairs for (FF, FR, RF, RR): (1, 51, 0, 1)
[M::mem_pestat] skip orientation FF as there are not enough pairs
[M::mem_pestat] analyzing insert size distribution for orientation FR...
[M::mem_pestat] (25, 50, 75) percentile: (24, 29, 134)
[M::mem_pestat] low and high boundaries for computing mean and std.dev: (1, 354)
[M::mem_pestat] mean and std.dev: (89.69, 83.11)
[M::mem_pestat] low and high boundaries for proper pairs: (1, 464)
[M::mem_pestat] skip orientation RF as there are not enough pairs
[M::mem_pestat] skip orientation RR as there are not enough pairs
[M::mem_process_seqs] Processed 81874 reads in 1.072 CPU sec, 0.883 real sec
[M::process] read 14988 sequences (1840849 bp)...
[M::mem_pestat] # candidate unique pairs for (FF, FR, RF, RR): (0, 62, 0, 0)
[M::mem_pestat] skip orientation FF as there are not enough pairs
[M::mem_pestat] analyzing insert size distribution for orientation FR...
[M::mem_pestat] (25, 50, 75) percentile: (24, 48, 167)
[M::mem_pestat] low and high boundaries for computing mean and std.dev: (1, 453)
[M::mem_pestat] mean and std.dev: (100.90, 95.83)
[M::mem_pestat] low and high boundaries for proper pairs: (1, 596)
[M::mem_pestat] skip orientation RF as there are not enough pairs
[M::mem_pestat] skip orientation RR as there are not enough pairs
[M::mem_process_seqs] Processed 81304 reads in 0.981 CPU sec, 0.865 real sec
[M::mem_pestat] # candidate unique pairs for (FF, FR, RF, RR): (1, 6, 0, 0)
[M::mem_pestat] skip orientation FF as there are not enough pairs
[M::mem_pestat] skip orientation FR as there are not enough pairs
[M::mem_pestat] skip orientation RF as there are not enough pairs
[M::mem_pestat] skip orientation RR as there are not enough pairs
[M::mem_process_seqs] Processed 14988 reads in 0.230 CPU sec, 0.183 real sec
[main] Version: 0.7.17-r1188
[main] CMD: bwa mem -R @RG\tID:SRR13644062\tSM:SRR13644062\tLB:lib1\tPL:ILLUMINA -t 1 assembly/GCF_009858895.2_ASM985889v3_genomic.fna fastqs/SRR13644062_1.fastq.gz fastqs/SRR13644062_2.fastq.gz
[main] Real time: 2.323 sec; CPU: 2.554 sec
