[M::bwa_idx_load_from_disk] read 0 ALT contigs
[M::process] read 313216 sequences (38280285 bp)...
[M::mem_pestat] # candidate unique pairs for (FF, FR, RF, RR): (30, 144543, 36, 28)
[M::mem_pestat] analyzing insert size distribution for orientation FF...
[M::mem_pestat] (25, 50, 75) percentile: (163, 291, 2148)
[M::mem_pestat] low and high boundaries for computing mean and std.dev: (1, 6118)
[M::mem_pestat] mean and std.dev: (975.50, 1334.31)
[M::mem_pestat] low and high boundaries for proper pairs: (1, 8103)
[M::mem_pestat] analyzing insert size distribution for orientation FR...
[M::mem_pestat] (25, 50, 75) percentile: (95, 148, 216)
[M::mem_pestat] low and high boundaries for computing mean and std.dev: (1, 458)
[M::mem_pestat] mean and std.dev: (160.96, 82.33)
[M::mem_pestat] low and high boundaries for proper pairs: (1, 579)
[M::mem_pestat] analyzing insert size distribution for orientation RF...
[M::mem_pestat] (25, 50, 75) percentile: (409, 555, 4746)
[M::mem_pestat] low and high boundaries for computing mean and std.dev: (1, 13420)
[M::mem_pestat] mean and std.dev: (2319.39, 2913.43)
[M::mem_pestat] low and high boundaries for proper pairs: (1, 17757)
[M::mem_pestat] analyzing insert size distribution for orientation RR...
[M::mem_pestat] (25, 50, 75) percentile: (161, 245, 851)
[M::mem_pestat] low and high boundaries for computing mean and std.dev: (1, 2231)
[M::mem_pestat] mean and std.dev: (230.05, 174.92)
[M::mem_pestat] low and high boundaries for proper pairs: (1, 2921)
[M::mem_pestat] skip orientation FF
[M::mem_pestat] skip orientation RF
[M::mem_pestat] skip orientation RR
[M::mem_process_seqs] Processed 313216 reads in 16.034 CPU sec, 0.527 real sec
[main] Version: 0.7.17-r1188
[main] CMD: bwa mem -R @RG\tID:SRR13644096\tSM:SRR13644096\tLB:lib1\tPL:ILLUMINA -t 40 assembly/GCF_009858895.2_ASM985889v3_genomic.fna fastqs/SRR13644096_1.fastq.gz fastqs/SRR13644096_2.fastq.gz
[main] Real time: 3.074 sec; CPU: 17.027 sec
