[M::bwa_idx_load_from_disk] read 0 ALT contigs
[M::process] read 892680 sequences (102277037 bp)...
[M::mem_pestat] # candidate unique pairs for (FF, FR, RF, RR): (18, 410269, 67, 42)
[M::mem_pestat] analyzing insert size distribution for orientation FF...
[M::mem_pestat] (25, 50, 75) percentile: (159, 1292, 4987)
[M::mem_pestat] low and high boundaries for computing mean and std.dev: (1, 14643)
[M::mem_pestat] mean and std.dev: (2376.33, 2359.41)
[M::mem_pestat] low and high boundaries for proper pairs: (1, 19471)
[M::mem_pestat] analyzing insert size distribution for orientation FR...
[M::mem_pestat] (25, 50, 75) percentile: (83, 130, 192)
[M::mem_pestat] low and high boundaries for computing mean and std.dev: (1, 410)
[M::mem_pestat] mean and std.dev: (144.29, 76.16)
[M::mem_pestat] low and high boundaries for proper pairs: (1, 519)
[M::mem_pestat] analyzing insert size distribution for orientation RF...
[M::mem_pestat] (25, 50, 75) percentile: (312, 974, 2091)
[M::mem_pestat] low and high boundaries for computing mean and std.dev: (1, 5649)
[M::mem_pestat] mean and std.dev: (960.54, 947.92)
[M::mem_pestat] low and high boundaries for proper pairs: (1, 7428)
[M::mem_pestat] analyzing insert size distribution for orientation RR...
[M::mem_pestat] (25, 50, 75) percentile: (208, 1967, 6544)
[M::mem_pestat] low and high boundaries for computing mean and std.dev: (1, 19216)
[M::mem_pestat] mean and std.dev: (3257.26, 3346.26)
[M::mem_pestat] low and high boundaries for proper pairs: (1, 25552)
[M::mem_pestat] skip orientation FF
[M::mem_pestat] skip orientation RF
[M::mem_pestat] skip orientation RR
[M::mem_process_seqs] Processed 892680 reads in 39.300 CPU sec, 1.293 real sec
[main] Version: 0.7.17-r1188
[main] CMD: bwa mem -R @RG\tID:SRR12638336\tSM:SRR12638336\tLB:lib1\tPL:ILLUMINA -t 40 assembly/GCF_009858895.2_ASM985889v3_genomic.fna fastqs/SRR12638336_1.fastq.gz fastqs/SRR12638336_2.fastq.gz
[main] Real time: 7.867 sec; CPU: 41.864 sec
