[M::bwa_idx_load_from_disk] read 0 ALT contigs
[M::process] read 1008132 sequences (112999157 bp)...
[M::mem_pestat] # candidate unique pairs for (FF, FR, RF, RR): (52, 486897, 118, 33)
[M::mem_pestat] analyzing insert size distribution for orientation FF...
[M::mem_pestat] (25, 50, 75) percentile: (188, 1084, 5656)
[M::mem_pestat] low and high boundaries for computing mean and std.dev: (1, 16592)
[M::mem_pestat] mean and std.dev: (2667.12, 3017.00)
[M::mem_pestat] low and high boundaries for proper pairs: (1, 22060)
[M::mem_pestat] analyzing insert size distribution for orientation FR...
[M::mem_pestat] (25, 50, 75) percentile: (79, 122, 179)
[M::mem_pestat] low and high boundaries for computing mean and std.dev: (1, 379)
[M::mem_pestat] mean and std.dev: (136.10, 72.85)
[M::mem_pestat] low and high boundaries for proper pairs: (1, 479)
[M::mem_pestat] analyzing insert size distribution for orientation RF...
[M::mem_pestat] (25, 50, 75) percentile: (488, 1080, 1997)
[M::mem_pestat] low and high boundaries for computing mean and std.dev: (1, 5015)
[M::mem_pestat] mean and std.dev: (1252.77, 1051.36)
[M::mem_pestat] low and high boundaries for proper pairs: (1, 6524)
[M::mem_pestat] analyzing insert size distribution for orientation RR...
[M::mem_pestat] (25, 50, 75) percentile: (104, 170, 1156)
[M::mem_pestat] low and high boundaries for computing mean and std.dev: (1, 3260)
[M::mem_pestat] mean and std.dev: (457.63, 683.60)
[M::mem_pestat] low and high boundaries for proper pairs: (1, 4312)
[M::mem_pestat] skip orientation FF
[M::mem_pestat] skip orientation RF
[M::mem_pestat] skip orientation RR
[M::mem_process_seqs] Processed 1008132 reads in 165.946 CPU sec, 4.679 real sec
[main] Version: 0.7.17-r1188
[main] CMD: bwa mem -R @RG\tID:SRR12983968\tSM:SRR12983968\tLB:lib1\tPL:ILLUMINA -t 40 assembly/GCF_009858895.2_ASM985889v3_genomic.fna fastqs/SRR12983968_1.fastq.gz fastqs/SRR12983968_2.fastq.gz
[main] Real time: 12.533 sec; CPU: 169.615 sec
