[M::bwa_idx_load_from_disk] read 0 ALT contigs
[M::process] read 80346 sequences (10000101 bp)...
[M::process] read 80128 sequences (10000162 bp)...
[M::mem_pestat] # candidate unique pairs for (FF, FR, RF, RR): (0, 2424, 0, 2)
[M::mem_pestat] skip orientation FF as there are not enough pairs
[M::mem_pestat] analyzing insert size distribution for orientation FR...
[M::mem_pestat] (25, 50, 75) percentile: (93, 145, 211)
[M::mem_pestat] low and high boundaries for computing mean and std.dev: (1, 447)
[M::mem_pestat] mean and std.dev: (157.27, 80.93)
[M::mem_pestat] low and high boundaries for proper pairs: (1, 565)
[M::mem_pestat] skip orientation RF as there are not enough pairs
[M::mem_pestat] skip orientation RR as there are not enough pairs
[M::mem_process_seqs] Processed 80346 reads in 1.223 CPU sec, 1.001 real sec
[M::process] read 32690 sequences (4098286 bp)...
[M::mem_pestat] # candidate unique pairs for (FF, FR, RF, RR): (0, 2436, 1, 1)
[M::mem_pestat] skip orientation FF as there are not enough pairs
[M::mem_pestat] analyzing insert size distribution for orientation FR...
[M::mem_pestat] (25, 50, 75) percentile: (90, 141, 206)
[M::mem_pestat] low and high boundaries for computing mean and std.dev: (1, 438)
[M::mem_pestat] mean and std.dev: (153.52, 79.76)
[M::mem_pestat] low and high boundaries for proper pairs: (1, 554)
[M::mem_pestat] skip orientation RF as there are not enough pairs
[M::mem_pestat] skip orientation RR as there are not enough pairs
[M::mem_process_seqs] Processed 80128 reads in 1.098 CPU sec, 0.941 real sec
[M::mem_pestat] # candidate unique pairs for (FF, FR, RF, RR): (0, 941, 0, 0)
[M::mem_pestat] skip orientation FF as there are not enough pairs
[M::mem_pestat] analyzing insert size distribution for orientation FR...
[M::mem_pestat] (25, 50, 75) percentile: (92, 147, 209)
[M::mem_pestat] low and high boundaries for computing mean and std.dev: (1, 443)
[M::mem_pestat] mean and std.dev: (156.60, 80.26)
[M::mem_pestat] low and high boundaries for proper pairs: (1, 560)
[M::mem_pestat] skip orientation RF as there are not enough pairs
[M::mem_pestat] skip orientation RR as there are not enough pairs
[M::mem_process_seqs] Processed 32690 reads in 0.592 CPU sec, 0.508 real sec
[main] Version: 0.7.17-r1188
[main] CMD: bwa mem -R @RG\tID:SRR13644067\tSM:SRR13644067\tLB:lib1\tPL:ILLUMINA -t 1 assembly/GCF_009858895.2_ASM985889v3_genomic.fna fastqs/SRR13644067_1.fastq.gz fastqs/SRR13644067_2.fastq.gz
[main] Real time: 2.783 sec; CPU: 3.147 sec
