[M::bwa_idx_load_from_disk] read 0 ALT contigs
[M::process] read 711180 sequences (82689468 bp)...
[M::mem_pestat] # candidate unique pairs for (FF, FR, RF, RR): (42, 340759, 61, 40)
[M::mem_pestat] analyzing insert size distribution for orientation FF...
[M::mem_pestat] (25, 50, 75) percentile: (89, 215, 2482)
[M::mem_pestat] low and high boundaries for computing mean and std.dev: (1, 7268)
[M::mem_pestat] mean and std.dev: (1128.97, 1958.84)
[M::mem_pestat] low and high boundaries for proper pairs: (1, 9661)
[M::mem_pestat] analyzing insert size distribution for orientation FR...
[M::mem_pestat] (25, 50, 75) percentile: (85, 132, 195)
[M::mem_pestat] low and high boundaries for computing mean and std.dev: (1, 415)
[M::mem_pestat] mean and std.dev: (146.62, 77.05)
[M::mem_pestat] low and high boundaries for proper pairs: (1, 525)
[M::mem_pestat] analyzing insert size distribution for orientation RF...
[M::mem_pestat] (25, 50, 75) percentile: (366, 955, 1591)
[M::mem_pestat] low and high boundaries for computing mean and std.dev: (1, 4041)
[M::mem_pestat] mean and std.dev: (937.52, 798.89)
[M::mem_pestat] low and high boundaries for proper pairs: (1, 5266)
[M::mem_pestat] analyzing insert size distribution for orientation RR...
[M::mem_pestat] (25, 50, 75) percentile: (108, 341, 1295)
[M::mem_pestat] low and high boundaries for computing mean and std.dev: (1, 3669)
[M::mem_pestat] mean and std.dev: (675.43, 975.41)
[M::mem_pestat] low and high boundaries for proper pairs: (1, 4856)
[M::mem_pestat] skip orientation FF
[M::mem_pestat] skip orientation RF
[M::mem_pestat] skip orientation RR
[M::mem_process_seqs] Processed 711180 reads in 32.046 CPU sec, 1.066 real sec
[main] Version: 0.7.17-r1188
[main] CMD: bwa mem -R @RG\tID:SRR12638351\tSM:SRR12638351\tLB:lib1\tPL:ILLUMINA -t 40 assembly/GCF_009858895.2_ASM985889v3_genomic.fna fastqs/SRR12638351_1.fastq.gz fastqs/SRR12638351_2.fastq.gz
[main] Real time: 6.522 sec; CPU: 34.570 sec
