[M::bwa_idx_load_from_disk] read 0 ALT contigs
[M::process] read 847754 sequences (97945684 bp)...
[M::mem_pestat] # candidate unique pairs for (FF, FR, RF, RR): (42, 328440, 76, 42)
[M::mem_pestat] analyzing insert size distribution for orientation FF...
[M::mem_pestat] (25, 50, 75) percentile: (108, 396, 1893)
[M::mem_pestat] low and high boundaries for computing mean and std.dev: (1, 5463)
[M::mem_pestat] mean and std.dev: (799.67, 1276.06)
[M::mem_pestat] low and high boundaries for proper pairs: (1, 7248)
[M::mem_pestat] analyzing insert size distribution for orientation FR...
[M::mem_pestat] (25, 50, 75) percentile: (85, 132, 195)
[M::mem_pestat] low and high boundaries for computing mean and std.dev: (1, 415)
[M::mem_pestat] mean and std.dev: (146.20, 76.50)
[M::mem_pestat] low and high boundaries for proper pairs: (1, 525)
[M::mem_pestat] analyzing insert size distribution for orientation RF...
[M::mem_pestat] (25, 50, 75) percentile: (273, 363, 479)
[M::mem_pestat] low and high boundaries for computing mean and std.dev: (1, 891)
[M::mem_pestat] mean and std.dev: (317.90, 123.15)
[M::mem_pestat] low and high boundaries for proper pairs: (1, 1097)
[M::mem_pestat] analyzing insert size distribution for orientation RR...
[M::mem_pestat] (25, 50, 75) percentile: (70, 169, 1212)
[M::mem_pestat] low and high boundaries for computing mean and std.dev: (1, 3496)
[M::mem_pestat] mean and std.dev: (442.78, 702.99)
[M::mem_pestat] low and high boundaries for proper pairs: (1, 4638)
[M::mem_pestat] skip orientation FF
[M::mem_pestat] skip orientation RF
[M::mem_pestat] skip orientation RR
[M::mem_process_seqs] Processed 847754 reads in 33.535 CPU sec, 1.178 real sec
[main] Version: 0.7.17-r1188
[main] CMD: bwa mem -R @RG\tID:SRR12638345\tSM:SRR12638345\tLB:lib1\tPL:ILLUMINA -t 40 assembly/GCF_009858895.2_ASM985889v3_genomic.fna fastqs/SRR12638345_1.fastq.gz fastqs/SRR12638345_2.fastq.gz
[main] Real time: 7.084 sec; CPU: 35.982 sec
