[M::bwa_idx_load_from_disk] read 0 ALT contigs
[M::process] read 240718 sequences (29665452 bp)...
[M::mem_pestat] # candidate unique pairs for (FF, FR, RF, RR): (28, 108206, 27, 28)
[M::mem_pestat] analyzing insert size distribution for orientation FF...
[M::mem_pestat] (25, 50, 75) percentile: (132, 202, 1480)
[M::mem_pestat] low and high boundaries for computing mean and std.dev: (1, 4176)
[M::mem_pestat] mean and std.dev: (463.70, 768.70)
[M::mem_pestat] low and high boundaries for proper pairs: (1, 5524)
[M::mem_pestat] analyzing insert size distribution for orientation FR...
[M::mem_pestat] (25, 50, 75) percentile: (97, 151, 219)
[M::mem_pestat] low and high boundaries for computing mean and std.dev: (1, 463)
[M::mem_pestat] mean and std.dev: (163.33, 82.65)
[M::mem_pestat] low and high boundaries for proper pairs: (1, 585)
[M::mem_pestat] analyzing insert size distribution for orientation RF...
[M::mem_pestat] (25, 50, 75) percentile: (657, 6020, 8258)
[M::mem_pestat] low and high boundaries for computing mean and std.dev: (1, 23460)
[M::mem_pestat] mean and std.dev: (4389.44, 3561.47)
[M::mem_pestat] low and high boundaries for proper pairs: (1, 31061)
[M::mem_pestat] analyzing insert size distribution for orientation RR...
[M::mem_pestat] (25, 50, 75) percentile: (105, 252, 3587)
[M::mem_pestat] low and high boundaries for computing mean and std.dev: (1, 10551)
[M::mem_pestat] mean and std.dev: (2068.61, 2956.84)
[M::mem_pestat] low and high boundaries for proper pairs: (1, 14033)
[M::mem_pestat] skip orientation FF
[M::mem_pestat] skip orientation RF
[M::mem_pestat] skip orientation RR
[M::mem_process_seqs] Processed 240718 reads in 12.354 CPU sec, 0.403 real sec
[main] Version: 0.7.17-r1188
[main] CMD: bwa mem -R @RG\tID:SRR13644102\tSM:SRR13644102\tLB:lib1\tPL:ILLUMINA -t 40 assembly/GCF_009858895.2_ASM985889v3_genomic.fna fastqs/SRR13644102_1.fastq.gz fastqs/SRR13644102_2.fastq.gz
[main] Real time: 2.302 sec; CPU: 13.112 sec
