[M::bwa_idx_load_from_disk] read 0 ALT contigs
[M::process] read 77326 sequences (10000247 bp)...
[M::process] read 68230 sequences (8875596 bp)...
[M::mem_pestat] # candidate unique pairs for (FF, FR, RF, RR): (62, 37593, 42, 44)
[M::mem_pestat] analyzing insert size distribution for orientation FF...
[M::mem_pestat] (25, 50, 75) percentile: (109, 291, 1744)
[M::mem_pestat] low and high boundaries for computing mean and std.dev: (1, 5014)
[M::mem_pestat] mean and std.dev: (573.09, 906.13)
[M::mem_pestat] low and high boundaries for proper pairs: (1, 6649)
[M::mem_pestat] analyzing insert size distribution for orientation FR...
[M::mem_pestat] (25, 50, 75) percentile: (113, 178, 259)
[M::mem_pestat] low and high boundaries for computing mean and std.dev: (1, 551)
[M::mem_pestat] mean and std.dev: (191.88, 102.65)
[M::mem_pestat] low and high boundaries for proper pairs: (1, 697)
[M::mem_pestat] analyzing insert size distribution for orientation RF...
[M::mem_pestat] (25, 50, 75) percentile: (170, 1963, 3685)
[M::mem_pestat] low and high boundaries for computing mean and std.dev: (1, 10715)
[M::mem_pestat] mean and std.dev: (2568.38, 2798.56)
[M::mem_pestat] low and high boundaries for proper pairs: (1, 14230)
[M::mem_pestat] analyzing insert size distribution for orientation RR...
[M::mem_pestat] (25, 50, 75) percentile: (172, 388, 3652)
[M::mem_pestat] low and high boundaries for computing mean and std.dev: (1, 10612)
[M::mem_pestat] mean and std.dev: (2180.70, 3188.69)
[M::mem_pestat] low and high boundaries for proper pairs: (1, 14935)
[M::mem_pestat] skip orientation FF
[M::mem_pestat] skip orientation RF
[M::mem_pestat] skip orientation RR
[M::mem_process_seqs] Processed 77326 reads in 3.776 CPU sec, 3.656 real sec
[M::mem_pestat] # candidate unique pairs for (FF, FR, RF, RR): (46, 33188, 34, 48)
[M::mem_pestat] analyzing insert size distribution for orientation FF...
[M::mem_pestat] (25, 50, 75) percentile: (136, 342, 1169)
[M::mem_pestat] low and high boundaries for computing mean and std.dev: (1, 3235)
[M::mem_pestat] mean and std.dev: (405.65, 504.56)
[M::mem_pestat] low and high boundaries for proper pairs: (1, 4268)
[M::mem_pestat] analyzing insert size distribution for orientation FR...
[M::mem_pestat] (25, 50, 75) percentile: (116, 182, 264)
[M::mem_pestat] low and high boundaries for computing mean and std.dev: (1, 560)
[M::mem_pestat] mean and std.dev: (194.64, 103.88)
[M::mem_pestat] low and high boundaries for proper pairs: (1, 708)
[M::mem_pestat] analyzing insert size distribution for orientation RF...
[M::mem_pestat] (25, 50, 75) percentile: (145, 1836, 7190)
[M::mem_pestat] low and high boundaries for computing mean and std.dev: (1, 21280)
[M::mem_pestat] mean and std.dev: (3439.09, 3320.75)
[M::mem_pestat] low and high boundaries for proper pairs: (1, 28325)
[M::mem_pestat] analyzing insert size distribution for orientation RR...
[M::mem_pestat] (25, 50, 75) percentile: (192, 348, 4526)
[M::mem_pestat] low and high boundaries for computing mean and std.dev: (1, 13194)
[M::mem_pestat] mean and std.dev: (2044.46, 2936.79)
[M::mem_pestat] low and high boundaries for proper pairs: (1, 17528)
[M::mem_pestat] skip orientation FF
[M::mem_pestat] skip orientation RF
[M::mem_pestat] skip orientation RR
[M::mem_process_seqs] Processed 68230 reads in 2.938 CPU sec, 3.320 real sec
[main] Version: 0.7.17-r1188
[main] CMD: bwa mem -R @RG\tID:SRR13644079\tSM:SRR13644079\tLB:lib1\tPL:ILLUMINA -t 1 assembly/GCF_009858895.2_ASM985889v3_genomic.fna fastqs/SRR13644079_1.fastq.gz fastqs/SRR13644079_2.fastq.gz
[main] Real time: 8.043 sec; CPU: 7.083 sec
