[M::bwa_idx_load_from_disk] read 0 ALT contigs
[M::process] read 86776 sequences (10000236 bp)...
[M::process] read 86390 sequences (10000230 bp)...
[M::mem_pestat] # candidate unique pairs for (FF, FR, RF, RR): (6, 42232, 13, 4)
[M::mem_pestat] skip orientation FF as there are not enough pairs
[M::mem_pestat] analyzing insert size distribution for orientation FR...
[M::mem_pestat] (25, 50, 75) percentile: (83, 130, 194)
[M::mem_pestat] low and high boundaries for computing mean and std.dev: (1, 416)
[M::mem_pestat] mean and std.dev: (145.02, 78.19)
[M::mem_pestat] low and high boundaries for proper pairs: (1, 527)
[M::mem_pestat] analyzing insert size distribution for orientation RF...
[M::mem_pestat] (25, 50, 75) percentile: (629, 898, 3227)
[M::mem_pestat] low and high boundaries for computing mean and std.dev: (1, 8423)
[M::mem_pestat] mean and std.dev: (1470.00, 1302.37)
[M::mem_pestat] low and high boundaries for proper pairs: (1, 11021)
[M::mem_pestat] skip orientation RR as there are not enough pairs
[M::mem_pestat] skip orientation RF
[M::mem_process_seqs] Processed 86776 reads in 3.794 CPU sec, 3.606 real sec
[M::process] read 86636 sequences (10000142 bp)...
[M::mem_pestat] # candidate unique pairs for (FF, FR, RF, RR): (7, 42030, 19, 10)
[M::mem_pestat] skip orientation FF as there are not enough pairs
[M::mem_pestat] analyzing insert size distribution for orientation FR...
[M::mem_pestat] (25, 50, 75) percentile: (84, 131, 194)
[M::mem_pestat] low and high boundaries for computing mean and std.dev: (1, 414)
[M::mem_pestat] mean and std.dev: (145.27, 77.26)
[M::mem_pestat] low and high boundaries for proper pairs: (1, 524)
[M::mem_pestat] analyzing insert size distribution for orientation RF...
[M::mem_pestat] (25, 50, 75) percentile: (587, 958, 1703)
[M::mem_pestat] low and high boundaries for computing mean and std.dev: (1, 3935)
[M::mem_pestat] mean and std.dev: (1136.53, 913.68)
[M::mem_pestat] low and high boundaries for proper pairs: (1, 5051)
[M::mem_pestat] analyzing insert size distribution for orientation RR...
[M::mem_pestat] (25, 50, 75) percentile: (468, 936, 3267)
[M::mem_pestat] low and high boundaries for computing mean and std.dev: (1, 8865)
[M::mem_pestat] mean and std.dev: (2072.50, 2272.42)
[M::mem_pestat] low and high boundaries for proper pairs: (1, 11664)
[M::mem_pestat] skip orientation RF
[M::mem_pestat] skip orientation RR
[M::mem_process_seqs] Processed 86390 reads in 4.036 CPU sec, 3.823 real sec
[M::process] read 85902 sequences (10000152 bp)...
[M::mem_pestat] # candidate unique pairs for (FF, FR, RF, RR): (8, 42188, 19, 5)
[M::mem_pestat] skip orientation FF as there are not enough pairs
[M::mem_pestat] analyzing insert size distribution for orientation FR...
[M::mem_pestat] (25, 50, 75) percentile: (84, 130, 193)
[M::mem_pestat] low and high boundaries for computing mean and std.dev: (1, 411)
[M::mem_pestat] mean and std.dev: (144.67, 77.39)
[M::mem_pestat] low and high boundaries for proper pairs: (1, 520)
[M::mem_pestat] analyzing insert size distribution for orientation RF...
[M::mem_pestat] (25, 50, 75) percentile: (477, 920, 1074)
[M::mem_pestat] low and high boundaries for computing mean and std.dev: (1, 2268)
[M::mem_pestat] mean and std.dev: (841.42, 425.08)
[M::mem_pestat] low and high boundaries for proper pairs: (1, 2865)
[M::mem_pestat] skip orientation RR as there are not enough pairs
[M::mem_pestat] skip orientation RF
[M::mem_process_seqs] Processed 86636 reads in 3.991 CPU sec, 3.672 real sec
[M::process] read 85610 sequences (10000001 bp)...
[M::mem_pestat] # candidate unique pairs for (FF, FR, RF, RR): (5, 41968, 10, 3)
[M::mem_pestat] skip orientation FF as there are not enough pairs
[M::mem_pestat] analyzing insert size distribution for orientation FR...
[M::mem_pestat] (25, 50, 75) percentile: (85, 132, 194)
[M::mem_pestat] low and high boundaries for computing mean and std.dev: (1, 412)
[M::mem_pestat] mean and std.dev: (145.73, 77.06)
[M::mem_pestat] low and high boundaries for proper pairs: (1, 521)
[M::mem_pestat] analyzing insert size distribution for orientation RF...
[M::mem_pestat] (25, 50, 75) percentile: (987, 1023, 1094)
[M::mem_pestat] low and high boundaries for computing mean and std.dev: (773, 1308)
[M::mem_pestat] mean and std.dev: (1013.71, 49.60)
[M::mem_pestat] low and high boundaries for proper pairs: (666, 1415)
[M::mem_pestat] skip orientation RR as there are not enough pairs
[M::mem_pestat] skip orientation RF
[M::mem_process_seqs] Processed 85902 reads in 3.683 CPU sec, 3.414 real sec
[M::process] read 83978 sequences (10000248 bp)...
[M::mem_pestat] # candidate unique pairs for (FF, FR, RF, RR): (10, 41876, 12, 5)
[M::mem_pestat] analyzing insert size distribution for orientation FF...
[M::mem_pestat] (25, 50, 75) percentile: (92, 3857, 4264)
[M::mem_pestat] low and high boundaries for computing mean and std.dev: (1, 12608)
[M::mem_pestat] mean and std.dev: (2324.50, 2264.09)
[M::mem_pestat] low and high boundaries for proper pairs: (1, 16780)
[M::mem_pestat] analyzing insert size distribution for orientation FR...
[M::mem_pestat] (25, 50, 75) percentile: (85, 132, 194)
[M::mem_pestat] low and high boundaries for computing mean and std.dev: (1, 412)
[M::mem_pestat] mean and std.dev: (146.29, 77.08)
[M::mem_pestat] low and high boundaries for proper pairs: (1, 521)
[M::mem_pestat] analyzing insert size distribution for orientation RF...
[M::mem_pestat] (25, 50, 75) percentile: (397, 1008, 1612)
[M::mem_pestat] low and high boundaries for computing mean and std.dev: (1, 4042)
[M::mem_pestat] mean and std.dev: (922.82, 825.11)
[M::mem_pestat] low and high boundaries for proper pairs: (1, 5257)
[M::mem_pestat] skip orientation RR as there are not enough pairs
[M::mem_pestat] skip orientation FF
[M::mem_pestat] skip orientation RF
[M::mem_process_seqs] Processed 85610 reads in 3.467 CPU sec, 3.091 real sec
[M::process] read 84902 sequences (10000002 bp)...
[M::mem_pestat] # candidate unique pairs for (FF, FR, RF, RR): (7, 41227, 18, 4)
[M::mem_pestat] skip orientation FF as there are not enough pairs
[M::mem_pestat] analyzing insert size distribution for orientation FR...
[M::mem_pestat] (25, 50, 75) percentile: (89, 136, 198)
[M::mem_pestat] low and high boundaries for computing mean and std.dev: (1, 416)
[M::mem_pestat] mean and std.dev: (149.74, 76.91)
[M::mem_pestat] low and high boundaries for proper pairs: (1, 525)
[M::mem_pestat] analyzing insert size distribution for orientation RF...
[M::mem_pestat] (25, 50, 75) percentile: (349, 1030, 1741)
[M::mem_pestat] low and high boundaries for computing mean and std.dev: (1, 4525)
[M::mem_pestat] mean and std.dev: (1145.81, 1034.47)
[M::mem_pestat] low and high boundaries for proper pairs: (1, 5917)
[M::mem_pestat] skip orientation RR as there are not enough pairs
[M::mem_pestat] skip orientation RF
[M::mem_process_seqs] Processed 83978 reads in 3.703 CPU sec, 3.422 real sec
[M::process] read 85688 sequences (10000224 bp)...
[M::mem_pestat] # candidate unique pairs for (FF, FR, RF, RR): (4, 41553, 9, 3)
[M::mem_pestat] skip orientation FF as there are not enough pairs
[M::mem_pestat] analyzing insert size distribution for orientation FR...
[M::mem_pestat] (25, 50, 75) percentile: (86, 135, 197)
[M::mem_pestat] low and high boundaries for computing mean and std.dev: (1, 419)
[M::mem_pestat] mean and std.dev: (148.32, 77.85)
[M::mem_pestat] low and high boundaries for proper pairs: (1, 530)
[M::mem_pestat] skip orientation RF as there are not enough pairs
[M::mem_pestat] skip orientation RR as there are not enough pairs
[M::mem_process_seqs] Processed 84902 reads in 3.449 CPU sec, 3.113 real sec
[M::process] read 85358 sequences (10000038 bp)...
[M::mem_pestat] # candidate unique pairs for (FF, FR, RF, RR): (6, 41818, 15, 9)
[M::mem_pestat] skip orientation FF as there are not enough pairs
[M::mem_pestat] analyzing insert size distribution for orientation FR...
[M::mem_pestat] (25, 50, 75) percentile: (85, 132, 197)
[M::mem_pestat] low and high boundaries for computing mean and std.dev: (1, 421)
[M::mem_pestat] mean and std.dev: (147.20, 78.24)
[M::mem_pestat] low and high boundaries for proper pairs: (1, 533)
[M::mem_pestat] analyzing insert size distribution for orientation RF...
[M::mem_pestat] (25, 50, 75) percentile: (722, 1006, 1156)
[M::mem_pestat] low and high boundaries for computing mean and std.dev: (1, 2024)
[M::mem_pestat] mean and std.dev: (815.77, 309.00)
[M::mem_pestat] low and high boundaries for proper pairs: (1, 2458)
[M::mem_pestat] skip orientation RR as there are not enough pairs
[M::mem_pestat] skip orientation RF
[M::mem_process_seqs] Processed 85688 reads in 3.247 CPU sec, 2.980 real sec
[M::process] read 85170 sequences (10000202 bp)...
[M::mem_pestat] # candidate unique pairs for (FF, FR, RF, RR): (4, 41651, 26, 4)
[M::mem_pestat] skip orientation FF as there are not enough pairs
[M::mem_pestat] analyzing insert size distribution for orientation FR...
[M::mem_pestat] (25, 50, 75) percentile: (86, 134, 196)
[M::mem_pestat] low and high boundaries for computing mean and std.dev: (1, 416)
[M::mem_pestat] mean and std.dev: (147.42, 77.90)
[M::mem_pestat] low and high boundaries for proper pairs: (1, 526)
[M::mem_pestat] analyzing insert size distribution for orientation RF...
[M::mem_pestat] (25, 50, 75) percentile: (299, 733, 946)
[M::mem_pestat] low and high boundaries for computing mean and std.dev: (1, 2240)
[M::mem_pestat] mean and std.dev: (490.50, 301.79)
[M::mem_pestat] low and high boundaries for proper pairs: (1, 2887)
[M::mem_pestat] skip orientation RR as there are not enough pairs
[M::mem_pestat] skip orientation RF
[M::mem_process_seqs] Processed 85358 reads in 3.417 CPU sec, 3.067 real sec
[M::process] read 84746 sequences (10000030 bp)...
[M::mem_pestat] # candidate unique pairs for (FF, FR, RF, RR): (7, 41686, 14, 5)
[M::mem_pestat] skip orientation FF as there are not enough pairs
[M::mem_pestat] analyzing insert size distribution for orientation FR...
[M::mem_pestat] (25, 50, 75) percentile: (86, 134, 197)
[M::mem_pestat] low and high boundaries for computing mean and std.dev: (1, 419)
[M::mem_pestat] mean and std.dev: (147.99, 77.98)
[M::mem_pestat] low and high boundaries for proper pairs: (1, 530)
[M::mem_pestat] analyzing insert size distribution for orientation RF...
[M::mem_pestat] (25, 50, 75) percentile: (338, 884, 1221)
[M::mem_pestat] low and high boundaries for computing mean and std.dev: (1, 2987)
[M::mem_pestat] mean and std.dev: (798.00, 572.55)
[M::mem_pestat] low and high boundaries for proper pairs: (1, 3870)
[M::mem_pestat] skip orientation RR as there are not enough pairs
[M::mem_pestat] skip orientation RF
[M::mem_process_seqs] Processed 85170 reads in 3.673 CPU sec, 3.384 real sec
[M::process] read 83598 sequences (10000231 bp)...
[M::mem_pestat] # candidate unique pairs for (FF, FR, RF, RR): (4, 41529, 15, 4)
[M::mem_pestat] skip orientation FF as there are not enough pairs
[M::mem_pestat] analyzing insert size distribution for orientation FR...
[M::mem_pestat] (25, 50, 75) percentile: (87, 134, 196)
[M::mem_pestat] low and high boundaries for computing mean and std.dev: (1, 414)
[M::mem_pestat] mean and std.dev: (147.82, 76.97)
[M::mem_pestat] low and high boundaries for proper pairs: (1, 523)
[M::mem_pestat] analyzing insert size distribution for orientation RF...
[M::mem_pestat] (25, 50, 75) percentile: (418, 1018, 3602)
[M::mem_pestat] low and high boundaries for computing mean and std.dev: (1, 9970)
[M::mem_pestat] mean and std.dev: (2145.80, 2470.23)
[M::mem_pestat] low and high boundaries for proper pairs: (1, 13154)
[M::mem_pestat] skip orientation RR as there are not enough pairs
[M::mem_pestat] skip orientation RF
[M::mem_process_seqs] Processed 84746 reads in 3.266 CPU sec, 2.896 real sec
[M::process] read 54076 sequences (6586806 bp)...
[M::mem_pestat] # candidate unique pairs for (FF, FR, RF, RR): (3, 41064, 17, 3)
[M::mem_pestat] skip orientation FF as there are not enough pairs
[M::mem_pestat] analyzing insert size distribution for orientation FR...
[M::mem_pestat] (25, 50, 75) percentile: (90, 137, 199)
[M::mem_pestat] low and high boundaries for computing mean and std.dev: (1, 417)
[M::mem_pestat] mean and std.dev: (150.91, 77.50)
[M::mem_pestat] low and high boundaries for proper pairs: (1, 526)
[M::mem_pestat] analyzing insert size distribution for orientation RF...
[M::mem_pestat] (25, 50, 75) percentile: (1073, 1559, 3562)
[M::mem_pestat] low and high boundaries for computing mean and std.dev: (1, 8540)
[M::mem_pestat] mean and std.dev: (2315.35, 1611.33)
[M::mem_pestat] low and high boundaries for proper pairs: (1, 11029)
[M::mem_pestat] skip orientation RR as there are not enough pairs
[M::mem_pestat] skip orientation RF
[M::mem_process_seqs] Processed 83598 reads in 3.062 CPU sec, 2.845 real sec
[M::mem_pestat] # candidate unique pairs for (FF, FR, RF, RR): (1, 26644, 7, 1)
[M::mem_pestat] skip orientation FF as there are not enough pairs
[M::mem_pestat] analyzing insert size distribution for orientation FR...
[M::mem_pestat] (25, 50, 75) percentile: (94, 141, 203)
[M::mem_pestat] low and high boundaries for computing mean and std.dev: (1, 421)
[M::mem_pestat] mean and std.dev: (154.53, 77.40)
[M::mem_pestat] low and high boundaries for proper pairs: (1, 530)
[M::mem_pestat] skip orientation RF as there are not enough pairs
[M::mem_pestat] skip orientation RR as there are not enough pairs
[M::mem_process_seqs] Processed 54076 reads in 1.897 CPU sec, 1.798 real sec
[main] Version: 0.7.17-r1188
[main] CMD: bwa mem -R @RG\tID:SRR12983961\tSM:SRR12983961\tLB:lib1\tPL:ILLUMINA -t 1 assembly/GCF_009858895.2_ASM985889v3_genomic.fna fastqs/SRR12983961_1.fastq.gz fastqs/SRR12983961_2.fastq.gz
[main] Real time: 41.785 sec; CPU: 44.999 sec
