[M::bwa_idx_load_from_disk] read 0 ALT contigs
[M::process] read 744992 sequences (86672958 bp)...
[M::mem_pestat] # candidate unique pairs for (FF, FR, RF, RR): (32, 350367, 41, 47)
[M::mem_pestat] analyzing insert size distribution for orientation FF...
[M::mem_pestat] (25, 50, 75) percentile: (129, 855, 3430)
[M::mem_pestat] low and high boundaries for computing mean and std.dev: (1, 10032)
[M::mem_pestat] mean and std.dev: (2447.94, 3115.96)
[M::mem_pestat] low and high boundaries for proper pairs: (1, 14912)
[M::mem_pestat] analyzing insert size distribution for orientation FR...
[M::mem_pestat] (25, 50, 75) percentile: (85, 134, 197)
[M::mem_pestat] low and high boundaries for computing mean and std.dev: (1, 421)
[M::mem_pestat] mean and std.dev: (147.43, 77.19)
[M::mem_pestat] low and high boundaries for proper pairs: (1, 533)
[M::mem_pestat] analyzing insert size distribution for orientation RF...
[M::mem_pestat] (25, 50, 75) percentile: (350, 965, 2783)
[M::mem_pestat] low and high boundaries for computing mean and std.dev: (1, 7649)
[M::mem_pestat] mean and std.dev: (1560.68, 1831.11)
[M::mem_pestat] low and high boundaries for proper pairs: (1, 10082)
[M::mem_pestat] analyzing insert size distribution for orientation RR...
[M::mem_pestat] (25, 50, 75) percentile: (144, 647, 2452)
[M::mem_pestat] low and high boundaries for computing mean and std.dev: (1, 7068)
[M::mem_pestat] mean and std.dev: (1118.16, 1420.40)
[M::mem_pestat] low and high boundaries for proper pairs: (1, 9376)
[M::mem_pestat] skip orientation FF
[M::mem_pestat] skip orientation RF
[M::mem_pestat] skip orientation RR
[M::mem_process_seqs] Processed 744992 reads in 33.073 CPU sec, 1.114 real sec
[main] Version: 0.7.17-r1188
[main] CMD: bwa mem -R @RG\tID:SRR12638332\tSM:SRR12638332\tLB:lib1\tPL:ILLUMINA -t 40 assembly/GCF_009858895.2_ASM985889v3_genomic.fna fastqs/SRR12638332_1.fastq.gz fastqs/SRR12638332_2.fastq.gz
[main] Real time: 7.002 sec; CPU: 35.319 sec
