[M::bwa_idx_load_from_disk] read 0 ALT contigs
[M::process] read 821308 sequences (94043538 bp)...
[M::mem_pestat] # candidate unique pairs for (FF, FR, RF, RR): (12, 155908, 9, 14)
[M::mem_pestat] analyzing insert size distribution for orientation FF...
[M::mem_pestat] (25, 50, 75) percentile: (64, 108, 296)
[M::mem_pestat] low and high boundaries for computing mean and std.dev: (1, 760)
[M::mem_pestat] mean and std.dev: (163.75, 179.08)
[M::mem_pestat] low and high boundaries for proper pairs: (1, 992)
[M::mem_pestat] analyzing insert size distribution for orientation FR...
[M::mem_pestat] (25, 50, 75) percentile: (84, 131, 194)
[M::mem_pestat] low and high boundaries for computing mean and std.dev: (1, 414)
[M::mem_pestat] mean and std.dev: (145.02, 75.61)
[M::mem_pestat] low and high boundaries for proper pairs: (1, 524)
[M::mem_pestat] skip orientation RF as there are not enough pairs
[M::mem_pestat] analyzing insert size distribution for orientation RR...
[M::mem_pestat] (25, 50, 75) percentile: (153, 190, 1224)
[M::mem_pestat] low and high boundaries for computing mean and std.dev: (1, 3366)
[M::mem_pestat] mean and std.dev: (647.00, 855.95)
[M::mem_pestat] low and high boundaries for proper pairs: (1, 4437)
[M::mem_pestat] skip orientation FF
[M::mem_pestat] skip orientation RR
[M::mem_process_seqs] Processed 821308 reads in 27.044 CPU sec, 1.038 real sec
[main] Version: 0.7.17-r1188
[main] CMD: bwa mem -R @RG\tID:SRR12638353\tSM:SRR12638353\tLB:lib1\tPL:ILLUMINA -t 40 assembly/GCF_009858895.2_ASM985889v3_genomic.fna fastqs/SRR12638353_1.fastq.gz fastqs/SRR12638353_2.fastq.gz
[main] Real time: 5.754 sec; CPU: 29.265 sec
