19:36:46.815 INFO  NativeLibraryLoader - Loading libgkl_compression.so from jar:file:/home/progs/anaconda2/envs/covid-variant-example/share/picard-2.24.2-0/picard.jar!/com/intel/gkl/native/libgkl_compression.so
[Tue Feb 09 19:36:46 EST 2021] MarkDuplicates --INPUT bams/SRR12983968.sorted.bam --OUTPUT bams/SRR12983968.sorted.markdup.bam --METRICS_FILE stats/SRR12983968.metrics.txt --MAX_SEQUENCES_FOR_DISK_READ_ENDS_MAP 50000 --MAX_FILE_HANDLES_FOR_READ_ENDS_MAP 8000 --SORTING_COLLECTION_SIZE_RATIO 0.25 --TAG_DUPLICATE_SET_MEMBERS false --REMOVE_SEQUENCING_DUPLICATES false --TAGGING_POLICY DontTag --CLEAR_DT true --DUPLEX_UMI false --ADD_PG_TAG_TO_READS true --REMOVE_DUPLICATES false --ASSUME_SORTED false --DUPLICATE_SCORING_STRATEGY SUM_OF_BASE_QUALITIES --PROGRAM_RECORD_ID MarkDuplicates --PROGRAM_GROUP_NAME MarkDuplicates --READ_NAME_REGEX <optimized capture of last three ':' separated fields as numeric values> --OPTICAL_DUPLICATE_PIXEL_DISTANCE 100 --MAX_OPTICAL_DUPLICATE_SET_SIZE 300000 --VERBOSITY INFO --QUIET false --VALIDATION_STRINGENCY STRICT --COMPRESSION_LEVEL 5 --MAX_RECORDS_IN_RAM 500000 --CREATE_INDEX false --CREATE_MD5_FILE false --GA4GH_CLIENT_SECRETS client_secrets.json --help false --version false --showHidden false --USE_JDK_DEFLATER false --USE_JDK_INFLATER false
[Tue Feb 09 19:36:46 EST 2021] Executing as davecarlson@hal9000 on Linux 3.10.0-957.12.2.el7.x86_64 amd64; OpenJDK 64-Bit Server VM 11.0.8-internal+0-adhoc..src; Deflater: Intel; Inflater: Intel; Provider GCS is not available; Picard version: Version:2.24.2
INFO	2021-02-09 19:36:46	MarkDuplicates	Start of doWork freeMemory: 530665856; totalMemory: 536870912; maxMemory: 2147483648
INFO	2021-02-09 19:36:46	MarkDuplicates	Reading input file and constructing read end information.
INFO	2021-02-09 19:36:46	MarkDuplicates	Will retain up to 7780737 data points before spilling to disk.
WARNING	2021-02-09 19:36:46	AbstractOpticalDuplicateFinderCommandLineProgram	A field field parsed out of a read name was expected to contain an integer and did not. Read name: SRR12983968.470596. Cause: String 'SRR12983968.470596' did not start with a parsable number.
INFO	2021-02-09 19:36:52	MarkDuplicates	Read     1,000,000 records.  Elapsed time: 00:00:05s.  Time for last 1,000,000:    5s.  Last read position: NC_045512.2:29,871
INFO	2021-02-09 19:36:52	MarkDuplicates	Tracking 3123 as yet unmatched pairs. 3123 records in RAM.
INFO	2021-02-09 19:36:52	MarkDuplicates	Read 1015540 records. 0 pairs never matched.
INFO	2021-02-09 19:36:52	MarkDuplicates	After buildSortedReadEndLists freeMemory: 436541528; totalMemory: 612368384; maxMemory: 2147483648
INFO	2021-02-09 19:36:52	MarkDuplicates	Will retain up to 67108864 duplicate indices before spilling to disk.
INFO	2021-02-09 19:36:53	MarkDuplicates	Traversing read pair information and detecting duplicates.
INFO	2021-02-09 19:36:53	MarkDuplicates	Traversing fragment information and detecting duplicates.
INFO	2021-02-09 19:36:54	MarkDuplicates	Sorting list of duplicate records.
INFO	2021-02-09 19:36:54	MarkDuplicates	After generateDuplicateIndexes freeMemory: 604253088; totalMemory: 1150287872; maxMemory: 2147483648
INFO	2021-02-09 19:36:54	MarkDuplicates	Marking 465713 records as duplicates.
INFO	2021-02-09 19:36:54	MarkDuplicates	Found 0 optical duplicate clusters.
INFO	2021-02-09 19:36:54	MarkDuplicates	Reads are assumed to be ordered by: coordinate
INFO	2021-02-09 19:37:05	MarkDuplicates	Writing complete. Closing input iterator.
INFO	2021-02-09 19:37:05	MarkDuplicates	Duplicate Index cleanup.
INFO	2021-02-09 19:37:05	MarkDuplicates	Getting Memory Stats.
INFO	2021-02-09 19:37:06	MarkDuplicates	Before output close freeMemory: 528472304; totalMemory: 536870912; maxMemory: 2147483648
INFO	2021-02-09 19:37:06	MarkDuplicates	Closed outputs. Getting more Memory Stats.
INFO	2021-02-09 19:37:06	MarkDuplicates	After output close freeMemory: 528675736; totalMemory: 536870912; maxMemory: 2147483648
[Tue Feb 09 19:37:06 EST 2021] picard.sam.markduplicates.MarkDuplicates done. Elapsed time: 0.32 minutes.
Runtime.totalMemory()=536870912
