[M::bwa_idx_load_from_disk] read 0 ALT contigs
[M::process] read 877514 sequences (101552098 bp)...
[M::mem_pestat] # candidate unique pairs for (FF, FR, RF, RR): (51, 422931, 80, 69)
[M::mem_pestat] analyzing insert size distribution for orientation FF...
[M::mem_pestat] (25, 50, 75) percentile: (121, 1888, 6022)
[M::mem_pestat] low and high boundaries for computing mean and std.dev: (1, 17824)
[M::mem_pestat] mean and std.dev: (2906.29, 3090.72)
[M::mem_pestat] low and high boundaries for proper pairs: (1, 23725)
[M::mem_pestat] analyzing insert size distribution for orientation FR...
[M::mem_pestat] (25, 50, 75) percentile: (84, 131, 194)
[M::mem_pestat] low and high boundaries for computing mean and std.dev: (1, 414)
[M::mem_pestat] mean and std.dev: (145.43, 76.28)
[M::mem_pestat] low and high boundaries for proper pairs: (1, 524)
[M::mem_pestat] analyzing insert size distribution for orientation RF...
[M::mem_pestat] (25, 50, 75) percentile: (307, 995, 1787)
[M::mem_pestat] low and high boundaries for computing mean and std.dev: (1, 4747)
[M::mem_pestat] mean and std.dev: (932.77, 892.64)
[M::mem_pestat] low and high boundaries for proper pairs: (1, 6227)
[M::mem_pestat] analyzing insert size distribution for orientation RR...
[M::mem_pestat] (25, 50, 75) percentile: (100, 403, 4473)
[M::mem_pestat] low and high boundaries for computing mean and std.dev: (1, 13219)
[M::mem_pestat] mean and std.dev: (2163.20, 2857.60)
[M::mem_pestat] low and high boundaries for proper pairs: (1, 17592)
[M::mem_pestat] skip orientation FF
[M::mem_pestat] skip orientation RF
[M::mem_pestat] skip orientation RR
[M::mem_process_seqs] Processed 877514 reads in 39.835 CPU sec, 1.296 real sec
[main] Version: 0.7.17-r1188
[main] CMD: bwa mem -R @RG\tID:SRR12638320\tSM:SRR12638320\tLB:lib1\tPL:ILLUMINA -t 40 assembly/GCF_009858895.2_ASM985889v3_genomic.fna fastqs/SRR12638320_1.fastq.gz fastqs/SRR12638320_2.fastq.gz
[main] Real time: 8.061 sec; CPU: 42.465 sec
