[M::bwa_idx_load_from_disk] read 0 ALT contigs
[M::process] read 309322 sequences (37649557 bp)...
[M::mem_pestat] # candidate unique pairs for (FF, FR, RF, RR): (26, 150799, 31, 23)
[M::mem_pestat] analyzing insert size distribution for orientation FF...
[M::mem_pestat] (25, 50, 75) percentile: (169, 249, 3518)
[M::mem_pestat] low and high boundaries for computing mean and std.dev: (1, 10216)
[M::mem_pestat] mean and std.dev: (1740.04, 2525.87)
[M::mem_pestat] low and high boundaries for proper pairs: (1, 13565)
[M::mem_pestat] analyzing insert size distribution for orientation FR...
[M::mem_pestat] (25, 50, 75) percentile: (95, 146, 212)
[M::mem_pestat] low and high boundaries for computing mean and std.dev: (1, 446)
[M::mem_pestat] mean and std.dev: (158.85, 81.40)
[M::mem_pestat] low and high boundaries for proper pairs: (1, 563)
[M::mem_pestat] analyzing insert size distribution for orientation RF...
[M::mem_pestat] (25, 50, 75) percentile: (1267, 3949, 6389)
[M::mem_pestat] low and high boundaries for computing mean and std.dev: (1, 16633)
[M::mem_pestat] mean and std.dev: (4057.10, 3006.87)
[M::mem_pestat] low and high boundaries for proper pairs: (1, 21755)
[M::mem_pestat] analyzing insert size distribution for orientation RR...
[M::mem_pestat] (25, 50, 75) percentile: (184, 225, 452)
[M::mem_pestat] low and high boundaries for computing mean and std.dev: (1, 988)
[M::mem_pestat] mean and std.dev: (253.32, 164.79)
[M::mem_pestat] low and high boundaries for proper pairs: (1, 1256)
[M::mem_pestat] skip orientation FF
[M::mem_pestat] skip orientation RF
[M::mem_pestat] skip orientation RR
[M::mem_process_seqs] Processed 309322 reads in 16.074 CPU sec, 0.531 real sec
[main] Version: 0.7.17-r1188
[main] CMD: bwa mem -R @RG\tID:SRR13644068\tSM:SRR13644068\tLB:lib1\tPL:ILLUMINA -t 40 assembly/GCF_009858895.2_ASM985889v3_genomic.fna fastqs/SRR13644068_1.fastq.gz fastqs/SRR13644068_2.fastq.gz
[main] Real time: 3.046 sec; CPU: 17.035 sec
