[M::bwa_idx_load_from_disk] read 0 ALT contigs
[M::process] read 87022 sequences (10000288 bp)...
[M::process] read 86748 sequences (10000028 bp)...
[M::mem_pestat] # candidate unique pairs for (FF, FR, RF, RR): (4, 42350, 4, 3)
[M::mem_pestat] skip orientation FF as there are not enough pairs
[M::mem_pestat] analyzing insert size distribution for orientation FR...
[M::mem_pestat] (25, 50, 75) percentile: (83, 130, 191)
[M::mem_pestat] low and high boundaries for computing mean and std.dev: (1, 407)
[M::mem_pestat] mean and std.dev: (144.04, 76.27)
[M::mem_pestat] low and high boundaries for proper pairs: (1, 515)
[M::mem_pestat] skip orientation RF as there are not enough pairs
[M::mem_pestat] skip orientation RR as there are not enough pairs
[M::mem_process_seqs] Processed 87022 reads in 3.052 CPU sec, 2.842 real sec
[M::process] read 86482 sequences (10000050 bp)...
[M::mem_pestat] # candidate unique pairs for (FF, FR, RF, RR): (5, 42223, 6, 2)
[M::mem_pestat] skip orientation FF as there are not enough pairs
[M::mem_pestat] analyzing insert size distribution for orientation FR...
[M::mem_pestat] (25, 50, 75) percentile: (84, 130, 193)
[M::mem_pestat] low and high boundaries for computing mean and std.dev: (1, 411)
[M::mem_pestat] mean and std.dev: (144.72, 76.44)
[M::mem_pestat] low and high boundaries for proper pairs: (1, 520)
[M::mem_pestat] skip orientation RF as there are not enough pairs
[M::mem_pestat] skip orientation RR as there are not enough pairs
[M::mem_process_seqs] Processed 86748 reads in 3.418 CPU sec, 3.131 real sec
[M::process] read 85346 sequences (10000215 bp)...
[M::mem_pestat] # candidate unique pairs for (FF, FR, RF, RR): (6, 42189, 6, 4)
[M::mem_pestat] skip orientation FF as there are not enough pairs
[M::mem_pestat] analyzing insert size distribution for orientation FR...
[M::mem_pestat] (25, 50, 75) percentile: (84, 130, 193)
[M::mem_pestat] low and high boundaries for computing mean and std.dev: (1, 411)
[M::mem_pestat] mean and std.dev: (144.68, 75.99)
[M::mem_pestat] low and high boundaries for proper pairs: (1, 520)
[M::mem_pestat] skip orientation RF as there are not enough pairs
[M::mem_pestat] skip orientation RR as there are not enough pairs
[M::mem_process_seqs] Processed 86482 reads in 3.693 CPU sec, 3.251 real sec
[M::process] read 86820 sequences (10000065 bp)...
[M::mem_pestat] # candidate unique pairs for (FF, FR, RF, RR): (7, 41799, 5, 5)
[M::mem_pestat] skip orientation FF as there are not enough pairs
[M::mem_pestat] analyzing insert size distribution for orientation FR...
[M::mem_pestat] (25, 50, 75) percentile: (86, 133, 195)
[M::mem_pestat] low and high boundaries for computing mean and std.dev: (1, 413)
[M::mem_pestat] mean and std.dev: (146.83, 75.72)
[M::mem_pestat] low and high boundaries for proper pairs: (1, 522)
[M::mem_pestat] skip orientation RF as there are not enough pairs
[M::mem_pestat] skip orientation RR as there are not enough pairs
[M::mem_process_seqs] Processed 85346 reads in 3.928 CPU sec, 3.513 real sec
[M::process] read 86656 sequences (10000045 bp)...
[M::mem_pestat] # candidate unique pairs for (FF, FR, RF, RR): (4, 42278, 4, 4)
[M::mem_pestat] skip orientation FF as there are not enough pairs
[M::mem_pestat] analyzing insert size distribution for orientation FR...
[M::mem_pestat] (25, 50, 75) percentile: (83, 130, 193)
[M::mem_pestat] low and high boundaries for computing mean and std.dev: (1, 413)
[M::mem_pestat] mean and std.dev: (144.94, 76.81)
[M::mem_pestat] low and high boundaries for proper pairs: (1, 523)
[M::mem_pestat] skip orientation RF as there are not enough pairs
[M::mem_pestat] skip orientation RR as there are not enough pairs
[M::mem_process_seqs] Processed 86820 reads in 3.760 CPU sec, 3.375 real sec
[M::process] read 86152 sequences (10000101 bp)...
[M::mem_pestat] # candidate unique pairs for (FF, FR, RF, RR): (7, 42178, 5, 4)
[M::mem_pestat] skip orientation FF as there are not enough pairs
[M::mem_pestat] analyzing insert size distribution for orientation FR...
[M::mem_pestat] (25, 50, 75) percentile: (84, 130, 192)
[M::mem_pestat] low and high boundaries for computing mean and std.dev: (1, 408)
[M::mem_pestat] mean and std.dev: (144.75, 76.33)
[M::mem_pestat] low and high boundaries for proper pairs: (1, 516)
[M::mem_pestat] skip orientation RF as there are not enough pairs
[M::mem_pestat] skip orientation RR as there are not enough pairs
[M::mem_process_seqs] Processed 86656 reads in 3.283 CPU sec, 2.948 real sec
[M::process] read 79286 sequences (9421221 bp)...
[M::mem_pestat] # candidate unique pairs for (FF, FR, RF, RR): (2, 42068, 2, 4)
[M::mem_pestat] skip orientation FF as there are not enough pairs
[M::mem_pestat] analyzing insert size distribution for orientation FR...
[M::mem_pestat] (25, 50, 75) percentile: (85, 131, 192)
[M::mem_pestat] low and high boundaries for computing mean and std.dev: (1, 406)
[M::mem_pestat] mean and std.dev: (145.36, 75.97)
[M::mem_pestat] low and high boundaries for proper pairs: (1, 513)
[M::mem_pestat] skip orientation RF as there are not enough pairs
[M::mem_pestat] skip orientation RR as there are not enough pairs
[M::mem_process_seqs] Processed 86152 reads in 3.496 CPU sec, 3.152 real sec
[M::mem_pestat] # candidate unique pairs for (FF, FR, RF, RR): (3, 38955, 3, 4)
[M::mem_pestat] skip orientation FF as there are not enough pairs
[M::mem_pestat] analyzing insert size distribution for orientation FR...
[M::mem_pestat] (25, 50, 75) percentile: (89, 136, 198)
[M::mem_pestat] low and high boundaries for computing mean and std.dev: (1, 416)
[M::mem_pestat] mean and std.dev: (149.68, 75.95)
[M::mem_pestat] low and high boundaries for proper pairs: (1, 525)
[M::mem_pestat] skip orientation RF as there are not enough pairs
[M::mem_pestat] skip orientation RR as there are not enough pairs
[M::mem_process_seqs] Processed 79286 reads in 3.224 CPU sec, 3.159 real sec
[main] Version: 0.7.17-r1188
[main] CMD: bwa mem -R @RG\tID:SRR12638343\tSM:SRR12638343\tLB:lib1\tPL:ILLUMINA -t 1 assembly/GCF_009858895.2_ASM985889v3_genomic.fna fastqs/SRR12638343_1.fastq.gz fastqs/SRR12638343_2.fastq.gz
[main] Real time: 26.348 sec; CPU: 28.180 sec
