[M::bwa_idx_load_from_disk] read 0 ALT contigs
[M::process] read 689844 sequences (82596223 bp)...
[M::mem_pestat] # candidate unique pairs for (FF, FR, RF, RR): (58, 337846, 168, 54)
[M::mem_pestat] analyzing insert size distribution for orientation FF...
[M::mem_pestat] (25, 50, 75) percentile: (172, 654, 2145)
[M::mem_pestat] low and high boundaries for computing mean and std.dev: (1, 6091)
[M::mem_pestat] mean and std.dev: (1041.19, 1243.15)
[M::mem_pestat] low and high boundaries for proper pairs: (1, 8064)
[M::mem_pestat] analyzing insert size distribution for orientation FR...
[M::mem_pestat] (25, 50, 75) percentile: (91, 137, 200)
[M::mem_pestat] low and high boundaries for computing mean and std.dev: (1, 418)
[M::mem_pestat] mean and std.dev: (151.28, 77.47)
[M::mem_pestat] low and high boundaries for proper pairs: (1, 527)
[M::mem_pestat] analyzing insert size distribution for orientation RF...
[M::mem_pestat] (25, 50, 75) percentile: (257, 494, 1057)
[M::mem_pestat] low and high boundaries for computing mean and std.dev: (1, 2657)
[M::mem_pestat] mean and std.dev: (580.53, 476.12)
[M::mem_pestat] low and high boundaries for proper pairs: (1, 3457)
[M::mem_pestat] analyzing insert size distribution for orientation RR...
[M::mem_pestat] (25, 50, 75) percentile: (120, 229, 629)
[M::mem_pestat] low and high boundaries for computing mean and std.dev: (1, 1647)
[M::mem_pestat] mean and std.dev: (274.98, 250.46)
[M::mem_pestat] low and high boundaries for proper pairs: (1, 2156)
[M::mem_pestat] skip orientation FF
[M::mem_pestat] skip orientation RF
[M::mem_pestat] skip orientation RR
[M::mem_process_seqs] Processed 689844 reads in 60.695 CPU sec, 1.727 real sec
[main] Version: 0.7.17-r1188
[main] CMD: bwa mem -R @RG\tID:SRR12983959\tSM:SRR12983959\tLB:lib1\tPL:ILLUMINA -t 40 assembly/GCF_009858895.2_ASM985889v3_genomic.fna fastqs/SRR12983959_1.fastq.gz fastqs/SRR12983959_2.fastq.gz
[main] Real time: 7.159 sec; CPU: 62.765 sec
