[M::bwa_idx_load_from_disk] read 0 ALT contigs
[M::process] read 864310 sequences (99472647 bp)...
[M::mem_pestat] # candidate unique pairs for (FF, FR, RF, RR): (35, 412689, 69, 40)
[M::mem_pestat] analyzing insert size distribution for orientation FF...
[M::mem_pestat] (25, 50, 75) percentile: (138, 276, 4055)
[M::mem_pestat] low and high boundaries for computing mean and std.dev: (1, 11889)
[M::mem_pestat] mean and std.dev: (2113.20, 2886.55)
[M::mem_pestat] low and high boundaries for proper pairs: (1, 15806)
[M::mem_pestat] analyzing insert size distribution for orientation FR...
[M::mem_pestat] (25, 50, 75) percentile: (83, 130, 193)
[M::mem_pestat] low and high boundaries for computing mean and std.dev: (1, 413)
[M::mem_pestat] mean and std.dev: (144.64, 76.47)
[M::mem_pestat] low and high boundaries for proper pairs: (1, 523)
[M::mem_pestat] analyzing insert size distribution for orientation RF...
[M::mem_pestat] (25, 50, 75) percentile: (480, 1030, 2725)
[M::mem_pestat] low and high boundaries for computing mean and std.dev: (1, 7215)
[M::mem_pestat] mean and std.dev: (1446.75, 1326.84)
[M::mem_pestat] low and high boundaries for proper pairs: (1, 9460)
[M::mem_pestat] analyzing insert size distribution for orientation RR...
[M::mem_pestat] (25, 50, 75) percentile: (186, 1244, 6735)
[M::mem_pestat] low and high boundaries for computing mean and std.dev: (1, 19833)
[M::mem_pestat] mean and std.dev: (3126.40, 3363.43)
[M::mem_pestat] low and high boundaries for proper pairs: (1, 26382)
[M::mem_pestat] skip orientation FF
[M::mem_pestat] skip orientation RF
[M::mem_pestat] skip orientation RR
[M::mem_process_seqs] Processed 864310 reads in 38.178 CPU sec, 1.270 real sec
[main] Version: 0.7.17-r1188
[main] CMD: bwa mem -R @RG\tID:SRR12638319\tSM:SRR12638319\tLB:lib1\tPL:ILLUMINA -t 40 assembly/GCF_009858895.2_ASM985889v3_genomic.fna fastqs/SRR12638319_1.fastq.gz fastqs/SRR12638319_2.fastq.gz
[main] Real time: 7.928 sec; CPU: 40.739 sec
