[M::bwa_idx_load_from_disk] read 0 ALT contigs
[M::process] read 822542 sequences (92921856 bp)...
[M::mem_pestat] # candidate unique pairs for (FF, FR, RF, RR): (20, 386408, 170, 23)
[M::mem_pestat] analyzing insert size distribution for orientation FF...
[M::mem_pestat] (25, 50, 75) percentile: (115, 2241, 4106)
[M::mem_pestat] low and high boundaries for computing mean and std.dev: (1, 12088)
[M::mem_pestat] mean and std.dev: (2462.10, 2767.74)
[M::mem_pestat] low and high boundaries for proper pairs: (1, 16079)
[M::mem_pestat] analyzing insert size distribution for orientation FR...
[M::mem_pestat] (25, 50, 75) percentile: (81, 123, 181)
[M::mem_pestat] low and high boundaries for computing mean and std.dev: (1, 381)
[M::mem_pestat] mean and std.dev: (137.38, 72.80)
[M::mem_pestat] low and high boundaries for proper pairs: (1, 481)
[M::mem_pestat] analyzing insert size distribution for orientation RF...
[M::mem_pestat] (25, 50, 75) percentile: (273, 355, 920)
[M::mem_pestat] low and high boundaries for computing mean and std.dev: (1, 2214)
[M::mem_pestat] mean and std.dev: (503.43, 464.51)
[M::mem_pestat] low and high boundaries for proper pairs: (1, 2861)
[M::mem_pestat] analyzing insert size distribution for orientation RR...
[M::mem_pestat] (25, 50, 75) percentile: (148, 1009, 5960)
[M::mem_pestat] low and high boundaries for computing mean and std.dev: (1, 17584)
[M::mem_pestat] mean and std.dev: (2716.39, 3158.04)
[M::mem_pestat] low and high boundaries for proper pairs: (1, 23396)
[M::mem_pestat] skip orientation FF
[M::mem_pestat] skip orientation RF
[M::mem_pestat] skip orientation RR
[M::mem_process_seqs] Processed 822542 reads in 158.150 CPU sec, 4.325 real sec
[main] Version: 0.7.17-r1188
[main] CMD: bwa mem -R @RG\tID:SRR12983957\tSM:SRR12983957\tLB:lib1\tPL:ILLUMINA -t 40 assembly/GCF_009858895.2_ASM985889v3_genomic.fna fastqs/SRR12983957_1.fastq.gz fastqs/SRR12983957_2.fastq.gz
[main] Real time: 10.719 sec; CPU: 160.559 sec
