[M::bwa_idx_load_from_disk] read 0 ALT contigs
[M::process] read 353274 sequences (43371789 bp)...
[M::mem_pestat] # candidate unique pairs for (FF, FR, RF, RR): (34, 172644, 38, 31)
[M::mem_pestat] analyzing insert size distribution for orientation FF...
[M::mem_pestat] (25, 50, 75) percentile: (169, 218, 567)
[M::mem_pestat] low and high boundaries for computing mean and std.dev: (1, 1363)
[M::mem_pestat] mean and std.dev: (223.54, 145.43)
[M::mem_pestat] low and high boundaries for proper pairs: (1, 1761)
[M::mem_pestat] analyzing insert size distribution for orientation FR...
[M::mem_pestat] (25, 50, 75) percentile: (97, 151, 225)
[M::mem_pestat] low and high boundaries for computing mean and std.dev: (1, 481)
[M::mem_pestat] mean and std.dev: (166.26, 90.36)
[M::mem_pestat] low and high boundaries for proper pairs: (1, 609)
[M::mem_pestat] analyzing insert size distribution for orientation RF...
[M::mem_pestat] (25, 50, 75) percentile: (249, 1129, 4386)
[M::mem_pestat] low and high boundaries for computing mean and std.dev: (1, 12660)
[M::mem_pestat] mean and std.dev: (2500.71, 3080.19)
[M::mem_pestat] low and high boundaries for proper pairs: (1, 16797)
[M::mem_pestat] analyzing insert size distribution for orientation RR...
[M::mem_pestat] (25, 50, 75) percentile: (208, 413, 2048)
[M::mem_pestat] low and high boundaries for computing mean and std.dev: (1, 5728)
[M::mem_pestat] mean and std.dev: (681.33, 991.23)
[M::mem_pestat] low and high boundaries for proper pairs: (1, 7568)
[M::mem_pestat] skip orientation FF
[M::mem_pestat] skip orientation RF
[M::mem_pestat] skip orientation RR
[M::mem_process_seqs] Processed 353274 reads in 17.827 CPU sec, 0.592 real sec
[main] Version: 0.7.17-r1188
[main] CMD: bwa mem -R @RG\tID:SRR13644076\tSM:SRR13644076\tLB:lib1\tPL:ILLUMINA -t 40 assembly/GCF_009858895.2_ASM985889v3_genomic.fna fastqs/SRR13644076_1.fastq.gz fastqs/SRR13644076_2.fastq.gz
[main] Real time: 3.494 sec; CPU: 19.200 sec
