[M::bwa_idx_load_from_disk] read 0 ALT contigs
[M::process] read 414546 sequences (51525311 bp)...
[M::mem_pestat] # candidate unique pairs for (FF, FR, RF, RR): (40, 203522, 61, 61)
[M::mem_pestat] analyzing insert size distribution for orientation FF...
[M::mem_pestat] (25, 50, 75) percentile: (154, 294, 1482)
[M::mem_pestat] low and high boundaries for computing mean and std.dev: (1, 4138)
[M::mem_pestat] mean and std.dev: (528.45, 775.73)
[M::mem_pestat] low and high boundaries for proper pairs: (1, 5466)
[M::mem_pestat] analyzing insert size distribution for orientation FR...
[M::mem_pestat] (25, 50, 75) percentile: (101, 159, 240)
[M::mem_pestat] low and high boundaries for computing mean and std.dev: (1, 518)
[M::mem_pestat] mean and std.dev: (176.23, 100.21)
[M::mem_pestat] low and high boundaries for proper pairs: (1, 657)
[M::mem_pestat] analyzing insert size distribution for orientation RF...
[M::mem_pestat] (25, 50, 75) percentile: (466, 1368, 4259)
[M::mem_pestat] low and high boundaries for computing mean and std.dev: (1, 11845)
[M::mem_pestat] mean and std.dev: (2436.00, 2464.21)
[M::mem_pestat] low and high boundaries for proper pairs: (1, 15638)
[M::mem_pestat] analyzing insert size distribution for orientation RR...
[M::mem_pestat] (25, 50, 75) percentile: (212, 459, 3589)
[M::mem_pestat] low and high boundaries for computing mean and std.dev: (1, 10343)
[M::mem_pestat] mean and std.dev: (2048.08, 2738.30)
[M::mem_pestat] low and high boundaries for proper pairs: (1, 13720)
[M::mem_pestat] skip orientation FF
[M::mem_pestat] skip orientation RF
[M::mem_pestat] skip orientation RR
[M::mem_process_seqs] Processed 414546 reads in 23.866 CPU sec, 1.137 real sec
[main] Version: 0.7.17-r1188
[main] CMD: bwa mem -R @RG\tID:SRR13644086\tSM:SRR13644086\tLB:lib1\tPL:ILLUMINA -t 40 assembly/GCF_009858895.2_ASM985889v3_genomic.fna fastqs/SRR13644086_1.fastq.gz fastqs/SRR13644086_2.fastq.gz
[main] Real time: 4.525 sec; CPU: 25.151 sec
