[M::bwa_idx_load_from_disk] read 0 ALT contigs
[M::process] read 883454 sequences (100848092 bp)...
[M::mem_pestat] # candidate unique pairs for (FF, FR, RF, RR): (41, 307027, 36, 27)
[M::mem_pestat] analyzing insert size distribution for orientation FF...
[M::mem_pestat] (25, 50, 75) percentile: (119, 287, 4875)
[M::mem_pestat] low and high boundaries for computing mean and std.dev: (1, 14387)
[M::mem_pestat] mean and std.dev: (2288.80, 2848.01)
[M::mem_pestat] low and high boundaries for proper pairs: (1, 19143)
[M::mem_pestat] analyzing insert size distribution for orientation FR...
[M::mem_pestat] (25, 50, 75) percentile: (82, 128, 189)
[M::mem_pestat] low and high boundaries for computing mean and std.dev: (1, 403)
[M::mem_pestat] mean and std.dev: (142.27, 75.72)
[M::mem_pestat] low and high boundaries for proper pairs: (1, 510)
[M::mem_pestat] analyzing insert size distribution for orientation RF...
[M::mem_pestat] (25, 50, 75) percentile: (1453, 2090, 2148)
[M::mem_pestat] low and high boundaries for computing mean and std.dev: (63, 3538)
[M::mem_pestat] mean and std.dev: (1832.45, 673.78)
[M::mem_pestat] low and high boundaries for proper pairs: (1, 4528)
[M::mem_pestat] analyzing insert size distribution for orientation RR...
[M::mem_pestat] (25, 50, 75) percentile: (99, 179, 1201)
[M::mem_pestat] low and high boundaries for computing mean and std.dev: (1, 3405)
[M::mem_pestat] mean and std.dev: (436.26, 841.86)
[M::mem_pestat] low and high boundaries for proper pairs: (1, 4507)
[M::mem_pestat] skip orientation FF
[M::mem_pestat] skip orientation RF
[M::mem_pestat] skip orientation RR
[M::mem_process_seqs] Processed 883454 reads in 90.236 CPU sec, 2.643 real sec
[main] Version: 0.7.17-r1188
[main] CMD: bwa mem -R @RG\tID:SRR12983971\tSM:SRR12983971\tLB:lib1\tPL:ILLUMINA -t 40 assembly/GCF_009858895.2_ASM985889v3_genomic.fna fastqs/SRR12983971_1.fastq.gz fastqs/SRR12983971_2.fastq.gz
[main] Real time: 8.841 sec; CPU: 92.755 sec
