[M::bwa_idx_load_from_disk] read 0 ALT contigs
[M::process] read 651924 sequences (76859253 bp)...
[M::mem_pestat] # candidate unique pairs for (FF, FR, RF, RR): (34, 303446, 48, 31)
[M::mem_pestat] analyzing insert size distribution for orientation FF...
[M::mem_pestat] (25, 50, 75) percentile: (146, 354, 1269)
[M::mem_pestat] low and high boundaries for computing mean and std.dev: (1, 3515)
[M::mem_pestat] mean and std.dev: (509.18, 625.18)
[M::mem_pestat] low and high boundaries for proper pairs: (1, 4638)
[M::mem_pestat] analyzing insert size distribution for orientation FR...
[M::mem_pestat] (25, 50, 75) percentile: (87, 135, 198)
[M::mem_pestat] low and high boundaries for computing mean and std.dev: (1, 420)
[M::mem_pestat] mean and std.dev: (149.10, 77.12)
[M::mem_pestat] low and high boundaries for proper pairs: (1, 531)
[M::mem_pestat] analyzing insert size distribution for orientation RF...
[M::mem_pestat] (25, 50, 75) percentile: (301, 845, 2150)
[M::mem_pestat] low and high boundaries for computing mean and std.dev: (1, 5848)
[M::mem_pestat] mean and std.dev: (989.09, 1006.84)
[M::mem_pestat] low and high boundaries for proper pairs: (1, 7697)
[M::mem_pestat] analyzing insert size distribution for orientation RR...
[M::mem_pestat] (25, 50, 75) percentile: (116, 378, 1909)
[M::mem_pestat] low and high boundaries for computing mean and std.dev: (1, 5495)
[M::mem_pestat] mean and std.dev: (1330.00, 1705.65)
[M::mem_pestat] low and high boundaries for proper pairs: (1, 8153)
[M::mem_pestat] skip orientation FF
[M::mem_pestat] skip orientation RF
[M::mem_pestat] skip orientation RR
[M::mem_process_seqs] Processed 651924 reads in 29.416 CPU sec, 0.996 real sec
[main] Version: 0.7.17-r1188
[main] CMD: bwa mem -R @RG\tID:SRR12638349\tSM:SRR12638349\tLB:lib1\tPL:ILLUMINA -t 40 assembly/GCF_009858895.2_ASM985889v3_genomic.fna fastqs/SRR12638349_1.fastq.gz fastqs/SRR12638349_2.fastq.gz
[main] Real time: 6.015 sec; CPU: 31.391 sec
