[M::bwa_idx_load_from_disk] read 0 ALT contigs
[M::process] read 906008 sequences (105214259 bp)...
[M::mem_pestat] # candidate unique pairs for (FF, FR, RF, RR): (12, 235842, 16, 20)
[M::mem_pestat] analyzing insert size distribution for orientation FF...
[M::mem_pestat] (25, 50, 75) percentile: (60, 108, 1859)
[M::mem_pestat] low and high boundaries for computing mean and std.dev: (1, 5457)
[M::mem_pestat] mean and std.dev: (712.83, 1144.54)
[M::mem_pestat] low and high boundaries for proper pairs: (1, 7256)
[M::mem_pestat] analyzing insert size distribution for orientation FR...
[M::mem_pestat] (25, 50, 75) percentile: (83, 127, 187)
[M::mem_pestat] low and high boundaries for computing mean and std.dev: (1, 395)
[M::mem_pestat] mean and std.dev: (141.18, 73.07)
[M::mem_pestat] low and high boundaries for proper pairs: (1, 499)
[M::mem_pestat] analyzing insert size distribution for orientation RF...
[M::mem_pestat] (25, 50, 75) percentile: (334, 1025, 2221)
[M::mem_pestat] low and high boundaries for computing mean and std.dev: (1, 5995)
[M::mem_pestat] mean and std.dev: (1085.87, 1200.11)
[M::mem_pestat] low and high boundaries for proper pairs: (1, 7882)
[M::mem_pestat] analyzing insert size distribution for orientation RR...
[M::mem_pestat] (25, 50, 75) percentile: (79, 2193, 3435)
[M::mem_pestat] low and high boundaries for computing mean and std.dev: (1, 10147)
[M::mem_pestat] mean and std.dev: (2068.45, 2135.37)
[M::mem_pestat] low and high boundaries for proper pairs: (1, 13503)
[M::mem_pestat] skip orientation FF
[M::mem_pestat] skip orientation RF
[M::mem_pestat] skip orientation RR
[M::mem_process_seqs] Processed 906008 reads in 29.629 CPU sec, 1.109 real sec
[main] Version: 0.7.17-r1188
[main] CMD: bwa mem -R @RG\tID:SRR12638323\tSM:SRR12638323\tLB:lib1\tPL:ILLUMINA -t 40 assembly/GCF_009858895.2_ASM985889v3_genomic.fna fastqs/SRR12638323_1.fastq.gz fastqs/SRR12638323_2.fastq.gz
[main] Real time: 6.526 sec; CPU: 32.061 sec
