[M::bwa_idx_load_from_disk] read 0 ALT contigs
[M::process] read 89586 sequences (10000041 bp)...
[M::process] read 89522 sequences (10000096 bp)...
[M::mem_pestat] # candidate unique pairs for (FF, FR, RF, RR): (1, 42972, 15, 8)
[M::mem_pestat] skip orientation FF as there are not enough pairs
[M::mem_pestat] analyzing insert size distribution for orientation FR...
[M::mem_pestat] (25, 50, 75) percentile: (77, 123, 184)
[M::mem_pestat] low and high boundaries for computing mean and std.dev: (1, 398)
[M::mem_pestat] mean and std.dev: (137.67, 76.23)
[M::mem_pestat] low and high boundaries for proper pairs: (1, 505)
[M::mem_pestat] analyzing insert size distribution for orientation RF...
[M::mem_pestat] (25, 50, 75) percentile: (330, 732, 2378)
[M::mem_pestat] low and high boundaries for computing mean and std.dev: (1, 6474)
[M::mem_pestat] mean and std.dev: (1587.33, 1879.70)
[M::mem_pestat] low and high boundaries for proper pairs: (1, 9106)
[M::mem_pestat] skip orientation RR as there are not enough pairs
[M::mem_pestat] skip orientation RF
[M::mem_process_seqs] Processed 89586 reads in 9.506 CPU sec, 9.406 real sec
[M::process] read 89668 sequences (10000095 bp)...
[M::mem_pestat] # candidate unique pairs for (FF, FR, RF, RR): (3, 43057, 11, 2)
[M::mem_pestat] skip orientation FF as there are not enough pairs
[M::mem_pestat] analyzing insert size distribution for orientation FR...
[M::mem_pestat] (25, 50, 75) percentile: (77, 123, 185)
[M::mem_pestat] low and high boundaries for computing mean and std.dev: (1, 401)
[M::mem_pestat] mean and std.dev: (137.61, 75.77)
[M::mem_pestat] low and high boundaries for proper pairs: (1, 509)
[M::mem_pestat] analyzing insert size distribution for orientation RF...
[M::mem_pestat] (25, 50, 75) percentile: (304, 572, 2704)
[M::mem_pestat] low and high boundaries for computing mean and std.dev: (1, 7504)
[M::mem_pestat] mean and std.dev: (1024.60, 964.86)
[M::mem_pestat] low and high boundaries for proper pairs: (1, 9904)
[M::mem_pestat] skip orientation RR as there are not enough pairs
[M::mem_pestat] skip orientation RF
[M::mem_process_seqs] Processed 89522 reads in 7.994 CPU sec, 7.802 real sec
[M::process] read 89206 sequences (10000282 bp)...
[M::mem_pestat] # candidate unique pairs for (FF, FR, RF, RR): (8, 43132, 13, 2)
[M::mem_pestat] skip orientation FF as there are not enough pairs
[M::mem_pestat] analyzing insert size distribution for orientation FR...
[M::mem_pestat] (25, 50, 75) percentile: (77, 122, 184)
[M::mem_pestat] low and high boundaries for computing mean and std.dev: (1, 398)
[M::mem_pestat] mean and std.dev: (137.01, 75.52)
[M::mem_pestat] low and high boundaries for proper pairs: (1, 505)
[M::mem_pestat] analyzing insert size distribution for orientation RF...
[M::mem_pestat] (25, 50, 75) percentile: (921, 1163, 5471)
[M::mem_pestat] low and high boundaries for computing mean and std.dev: (1, 14571)
[M::mem_pestat] mean and std.dev: (2615.85, 2490.49)
[M::mem_pestat] low and high boundaries for proper pairs: (1, 19121)
[M::mem_pestat] skip orientation RR as there are not enough pairs
[M::mem_pestat] skip orientation RF
[M::mem_process_seqs] Processed 89668 reads in 8.102 CPU sec, 7.714 real sec
[M::process] read 88668 sequences (10000019 bp)...
[M::mem_pestat] # candidate unique pairs for (FF, FR, RF, RR): (5, 42968, 12, 5)
[M::mem_pestat] skip orientation FF as there are not enough pairs
[M::mem_pestat] analyzing insert size distribution for orientation FR...
[M::mem_pestat] (25, 50, 75) percentile: (78, 123, 183)
[M::mem_pestat] low and high boundaries for computing mean and std.dev: (1, 393)
[M::mem_pestat] mean and std.dev: (137.41, 75.13)
[M::mem_pestat] low and high boundaries for proper pairs: (1, 498)
[M::mem_pestat] analyzing insert size distribution for orientation RF...
[M::mem_pestat] (25, 50, 75) percentile: (344, 544, 1003)
[M::mem_pestat] low and high boundaries for computing mean and std.dev: (1, 2321)
[M::mem_pestat] mean and std.dev: (650.73, 519.91)
[M::mem_pestat] low and high boundaries for proper pairs: (1, 2980)
[M::mem_pestat] skip orientation RR as there are not enough pairs
[M::mem_pestat] skip orientation RF
[M::mem_process_seqs] Processed 89206 reads in 7.209 CPU sec, 6.897 real sec
[M::process] read 88248 sequences (10000275 bp)...
[M::mem_pestat] # candidate unique pairs for (FF, FR, RF, RR): (5, 42753, 8, 6)
[M::mem_pestat] skip orientation FF as there are not enough pairs
[M::mem_pestat] analyzing insert size distribution for orientation FR...
[M::mem_pestat] (25, 50, 75) percentile: (79, 124, 185)
[M::mem_pestat] low and high boundaries for computing mean and std.dev: (1, 397)
[M::mem_pestat] mean and std.dev: (138.63, 75.30)
[M::mem_pestat] low and high boundaries for proper pairs: (1, 503)
[M::mem_pestat] skip orientation RF as there are not enough pairs
[M::mem_pestat] skip orientation RR as there are not enough pairs
[M::mem_process_seqs] Processed 88668 reads in 7.881 CPU sec, 7.639 real sec
[M::process] read 88588 sequences (10000065 bp)...
[M::mem_pestat] # candidate unique pairs for (FF, FR, RF, RR): (3, 42643, 11, 4)
[M::mem_pestat] skip orientation FF as there are not enough pairs
[M::mem_pestat] analyzing insert size distribution for orientation FR...
[M::mem_pestat] (25, 50, 75) percentile: (80, 125, 185)
[M::mem_pestat] low and high boundaries for computing mean and std.dev: (1, 395)
[M::mem_pestat] mean and std.dev: (139.00, 75.25)
[M::mem_pestat] low and high boundaries for proper pairs: (1, 500)
[M::mem_pestat] analyzing insert size distribution for orientation RF...
[M::mem_pestat] (25, 50, 75) percentile: (241, 402, 1108)
[M::mem_pestat] low and high boundaries for computing mean and std.dev: (1, 2842)
[M::mem_pestat] mean and std.dev: (602.09, 436.34)
[M::mem_pestat] low and high boundaries for proper pairs: (1, 3709)
[M::mem_pestat] skip orientation RR as there are not enough pairs
[M::mem_pestat] skip orientation RF
[M::mem_process_seqs] Processed 88248 reads in 9.314 CPU sec, 9.145 real sec
[M::process] read 88794 sequences (10000149 bp)...
[M::mem_pestat] # candidate unique pairs for (FF, FR, RF, RR): (3, 42706, 13, 6)
[M::mem_pestat] skip orientation FF as there are not enough pairs
[M::mem_pestat] analyzing insert size distribution for orientation FR...
[M::mem_pestat] (25, 50, 75) percentile: (79, 125, 186)
[M::mem_pestat] low and high boundaries for computing mean and std.dev: (1, 400)
[M::mem_pestat] mean and std.dev: (139.26, 76.17)
[M::mem_pestat] low and high boundaries for proper pairs: (1, 507)
[M::mem_pestat] analyzing insert size distribution for orientation RF...
[M::mem_pestat] (25, 50, 75) percentile: (185, 812, 1779)
[M::mem_pestat] low and high boundaries for computing mean and std.dev: (1, 4967)
[M::mem_pestat] mean and std.dev: (823.17, 785.01)
[M::mem_pestat] low and high boundaries for proper pairs: (1, 6561)
[M::mem_pestat] skip orientation RR as there are not enough pairs
[M::mem_pestat] skip orientation RF
[M::mem_process_seqs] Processed 88588 reads in 8.074 CPU sec, 7.879 real sec
[M::process] read 88480 sequences (10000251 bp)...
[M::mem_pestat] # candidate unique pairs for (FF, FR, RF, RR): (7, 42815, 10, 5)
[M::mem_pestat] skip orientation FF as there are not enough pairs
[M::mem_pestat] analyzing insert size distribution for orientation FR...
[M::mem_pestat] (25, 50, 75) percentile: (79, 124, 186)
[M::mem_pestat] low and high boundaries for computing mean and std.dev: (1, 400)
[M::mem_pestat] mean and std.dev: (138.96, 76.24)
[M::mem_pestat] low and high boundaries for proper pairs: (1, 507)
[M::mem_pestat] analyzing insert size distribution for orientation RF...
[M::mem_pestat] (25, 50, 75) percentile: (214, 516, 554)
[M::mem_pestat] low and high boundaries for computing mean and std.dev: (1, 1234)
[M::mem_pestat] mean and std.dev: (373.89, 220.04)
[M::mem_pestat] low and high boundaries for proper pairs: (1, 1574)
[M::mem_pestat] skip orientation RR as there are not enough pairs
[M::mem_pestat] skip orientation RF
[M::mem_process_seqs] Processed 88794 reads in 7.272 CPU sec, 6.902 real sec
[M::process] read 88320 sequences (10000105 bp)...
[M::mem_pestat] # candidate unique pairs for (FF, FR, RF, RR): (5, 42632, 14, 11)
[M::mem_pestat] skip orientation FF as there are not enough pairs
[M::mem_pestat] analyzing insert size distribution for orientation FR...
[M::mem_pestat] (25, 50, 75) percentile: (80, 125, 187)
[M::mem_pestat] low and high boundaries for computing mean and std.dev: (1, 401)
[M::mem_pestat] mean and std.dev: (139.74, 76.22)
[M::mem_pestat] low and high boundaries for proper pairs: (1, 508)
[M::mem_pestat] analyzing insert size distribution for orientation RF...
[M::mem_pestat] (25, 50, 75) percentile: (969, 1318, 2718)
[M::mem_pestat] low and high boundaries for computing mean and std.dev: (1, 6216)
[M::mem_pestat] mean and std.dev: (1874.71, 1372.96)
[M::mem_pestat] low and high boundaries for proper pairs: (1, 7965)
[M::mem_pestat] analyzing insert size distribution for orientation RR...
[M::mem_pestat] (25, 50, 75) percentile: (167, 580, 4558)
[M::mem_pestat] low and high boundaries for computing mean and std.dev: (1, 13340)
[M::mem_pestat] mean and std.dev: (2285.45, 2903.11)
[M::mem_pestat] low and high boundaries for proper pairs: (1, 17731)
[M::mem_pestat] skip orientation RF
[M::mem_pestat] skip orientation RR
[M::mem_process_seqs] Processed 88480 reads in 6.997 CPU sec, 6.691 real sec
[M::process] read 88058 sequences (10000224 bp)...
[M::mem_pestat] # candidate unique pairs for (FF, FR, RF, RR): (7, 42593, 15, 6)
[M::mem_pestat] skip orientation FF as there are not enough pairs
[M::mem_pestat] analyzing insert size distribution for orientation FR...
[M::mem_pestat] (25, 50, 75) percentile: (80, 125, 187)
[M::mem_pestat] low and high boundaries for computing mean and std.dev: (1, 401)
[M::mem_pestat] mean and std.dev: (139.59, 75.80)
[M::mem_pestat] low and high boundaries for proper pairs: (1, 508)
[M::mem_pestat] analyzing insert size distribution for orientation RF...
[M::mem_pestat] (25, 50, 75) percentile: (460, 817, 1228)
[M::mem_pestat] low and high boundaries for computing mean and std.dev: (1, 2764)
[M::mem_pestat] mean and std.dev: (803.93, 556.20)
[M::mem_pestat] low and high boundaries for proper pairs: (1, 3532)
[M::mem_pestat] skip orientation RR as there are not enough pairs
[M::mem_pestat] skip orientation RF
[M::mem_process_seqs] Processed 88320 reads in 7.361 CPU sec, 7.073 real sec
[M::process] read 87482 sequences (10000076 bp)...
[M::mem_pestat] # candidate unique pairs for (FF, FR, RF, RR): (8, 42538, 11, 1)
[M::mem_pestat] skip orientation FF as there are not enough pairs
[M::mem_pestat] analyzing insert size distribution for orientation FR...
[M::mem_pestat] (25, 50, 75) percentile: (81, 125, 187)
[M::mem_pestat] low and high boundaries for computing mean and std.dev: (1, 399)
[M::mem_pestat] mean and std.dev: (139.77, 75.50)
[M::mem_pestat] low and high boundaries for proper pairs: (1, 505)
[M::mem_pestat] analyzing insert size distribution for orientation RF...
[M::mem_pestat] (25, 50, 75) percentile: (394, 940, 2042)
[M::mem_pestat] low and high boundaries for computing mean and std.dev: (1, 5338)
[M::mem_pestat] mean and std.dev: (1128.82, 779.30)
[M::mem_pestat] low and high boundaries for proper pairs: (1, 6986)
[M::mem_pestat] skip orientation RR as there are not enough pairs
[M::mem_pestat] skip orientation RF
[M::mem_process_seqs] Processed 88058 reads in 7.317 CPU sec, 7.017 real sec
[M::process] read 47998 sequences (5546377 bp)...
[M::mem_pestat] # candidate unique pairs for (FF, FR, RF, RR): (7, 42277, 12, 7)
[M::mem_pestat] skip orientation FF as there are not enough pairs
[M::mem_pestat] analyzing insert size distribution for orientation FR...
[M::mem_pestat] (25, 50, 75) percentile: (82, 127, 188)
[M::mem_pestat] low and high boundaries for computing mean and std.dev: (1, 400)
[M::mem_pestat] mean and std.dev: (141.06, 75.86)
[M::mem_pestat] low and high boundaries for proper pairs: (1, 506)
[M::mem_pestat] analyzing insert size distribution for orientation RF...
[M::mem_pestat] (25, 50, 75) percentile: (705, 889, 2911)
[M::mem_pestat] low and high boundaries for computing mean and std.dev: (1, 7323)
[M::mem_pestat] mean and std.dev: (1522.33, 1632.97)
[M::mem_pestat] low and high boundaries for proper pairs: (1, 9529)
[M::mem_pestat] skip orientation RR as there are not enough pairs
[M::mem_pestat] skip orientation RF
[M::mem_process_seqs] Processed 87482 reads in 6.991 CPU sec, 6.788 real sec
[M::mem_pestat] # candidate unique pairs for (FF, FR, RF, RR): (3, 23235, 7, 4)
[M::mem_pestat] skip orientation FF as there are not enough pairs
[M::mem_pestat] analyzing insert size distribution for orientation FR...
[M::mem_pestat] (25, 50, 75) percentile: (84, 128, 189)
[M::mem_pestat] low and high boundaries for computing mean and std.dev: (1, 399)
[M::mem_pestat] mean and std.dev: (142.03, 75.05)
[M::mem_pestat] low and high boundaries for proper pairs: (1, 504)
[M::mem_pestat] skip orientation RF as there are not enough pairs
[M::mem_pestat] skip orientation RR as there are not enough pairs
[M::mem_process_seqs] Processed 47998 reads in 4.254 CPU sec, 4.175 real sec
[main] Version: 0.7.17-r1188
[main] CMD: bwa mem -R @RG\tID:SRR12983972\tSM:SRR12983972\tLB:lib1\tPL:ILLUMINA -t 1 assembly/GCF_009858895.2_ASM985889v3_genomic.fna fastqs/SRR12983972_1.fastq.gz fastqs/SRR12983972_2.fastq.gz
[main] Real time: 95.641 sec; CPU: 98.554 sec
