[M::bwa_idx_load_from_disk] read 0 ALT contigs
[M::process] read 723442 sequences (83476291 bp)...
[M::mem_pestat] # candidate unique pairs for (FF, FR, RF, RR): (35, 254817, 14, 25)
[M::mem_pestat] analyzing insert size distribution for orientation FF...
[M::mem_pestat] (25, 50, 75) percentile: (87, 130, 2980)
[M::mem_pestat] low and high boundaries for computing mean and std.dev: (1, 8766)
[M::mem_pestat] mean and std.dev: (1548.11, 2381.02)
[M::mem_pestat] low and high boundaries for proper pairs: (1, 11659)
[M::mem_pestat] analyzing insert size distribution for orientation FR...
[M::mem_pestat] (25, 50, 75) percentile: (84, 131, 193)
[M::mem_pestat] low and high boundaries for computing mean and std.dev: (1, 411)
[M::mem_pestat] mean and std.dev: (145.11, 75.73)
[M::mem_pestat] low and high boundaries for proper pairs: (1, 520)
[M::mem_pestat] analyzing insert size distribution for orientation RF...
[M::mem_pestat] (25, 50, 75) percentile: (921, 1124, 2329)
[M::mem_pestat] low and high boundaries for computing mean and std.dev: (1, 5145)
[M::mem_pestat] mean and std.dev: (1163.58, 741.90)
[M::mem_pestat] low and high boundaries for proper pairs: (1, 6553)
[M::mem_pestat] analyzing insert size distribution for orientation RR...
[M::mem_pestat] (25, 50, 75) percentile: (141, 191, 5580)
[M::mem_pestat] low and high boundaries for computing mean and std.dev: (1, 16458)
[M::mem_pestat] mean and std.dev: (2182.44, 2868.96)
[M::mem_pestat] low and high boundaries for proper pairs: (1, 21897)
[M::mem_pestat] skip orientation FF
[M::mem_pestat] skip orientation RF
[M::mem_pestat] skip orientation RR
[M::mem_process_seqs] Processed 723442 reads in 27.885 CPU sec, 0.996 real sec
[main] Version: 0.7.17-r1188
[main] CMD: bwa mem -R @RG\tID:SRR12638347\tSM:SRR12638347\tLB:lib1\tPL:ILLUMINA -t 40 assembly/GCF_009858895.2_ASM985889v3_genomic.fna fastqs/SRR12638347_1.fastq.gz fastqs/SRR12638347_2.fastq.gz
[main] Real time: 6.162 sec; CPU: 30.197 sec
