[M::bwa_idx_load_from_disk] read 0 ALT contigs
[M::process] read 270024 sequences (33332984 bp)...
[M::mem_pestat] # candidate unique pairs for (FF, FR, RF, RR): (36, 131081, 40, 39)
[M::mem_pestat] analyzing insert size distribution for orientation FF...
[M::mem_pestat] (25, 50, 75) percentile: (176, 272, 3072)
[M::mem_pestat] low and high boundaries for computing mean and std.dev: (1, 8864)
[M::mem_pestat] mean and std.dev: (1419.15, 2245.97)
[M::mem_pestat] low and high boundaries for proper pairs: (1, 11760)
[M::mem_pestat] analyzing insert size distribution for orientation FR...
[M::mem_pestat] (25, 50, 75) percentile: (98, 152, 221)
[M::mem_pestat] low and high boundaries for computing mean and std.dev: (1, 467)
[M::mem_pestat] mean and std.dev: (164.77, 85.44)
[M::mem_pestat] low and high boundaries for proper pairs: (1, 590)
[M::mem_pestat] analyzing insert size distribution for orientation RF...
[M::mem_pestat] (25, 50, 75) percentile: (922, 3528, 5366)
[M::mem_pestat] low and high boundaries for computing mean and std.dev: (1, 14254)
[M::mem_pestat] mean and std.dev: (3695.30, 2896.86)
[M::mem_pestat] low and high boundaries for proper pairs: (1, 18698)
[M::mem_pestat] analyzing insert size distribution for orientation RR...
[M::mem_pestat] (25, 50, 75) percentile: (225, 470, 5315)
[M::mem_pestat] low and high boundaries for computing mean and std.dev: (1, 15495)
[M::mem_pestat] mean and std.dev: (2401.44, 2941.41)
[M::mem_pestat] low and high boundaries for proper pairs: (1, 20585)
[M::mem_pestat] skip orientation FF
[M::mem_pestat] skip orientation RF
[M::mem_pestat] skip orientation RR
[M::mem_process_seqs] Processed 270024 reads in 14.639 CPU sec, 0.475 real sec
[main] Version: 0.7.17-r1188
[main] CMD: bwa mem -R @RG\tID:SRR13644078\tSM:SRR13644078\tLB:lib1\tPL:ILLUMINA -t 40 assembly/GCF_009858895.2_ASM985889v3_genomic.fna fastqs/SRR13644078_1.fastq.gz fastqs/SRR13644078_2.fastq.gz
[main] Real time: 2.784 sec; CPU: 15.507 sec
