20:16:56.932 INFO  NativeLibraryLoader - Loading libgkl_compression.so from jar:file:/home/progs/anaconda2/envs/covid-variant-example/share/picard-2.24.2-0/picard.jar!/com/intel/gkl/native/libgkl_compression.so
[Tue Feb 09 20:16:56 EST 2021] MarkDuplicates --INPUT bams/SRR12983970.sorted.bam --OUTPUT bams/SRR12983970.sorted.markdup.bam --METRICS_FILE stats/SRR12983970.metrics.txt --MAX_SEQUENCES_FOR_DISK_READ_ENDS_MAP 50000 --MAX_FILE_HANDLES_FOR_READ_ENDS_MAP 8000 --SORTING_COLLECTION_SIZE_RATIO 0.25 --TAG_DUPLICATE_SET_MEMBERS false --REMOVE_SEQUENCING_DUPLICATES false --TAGGING_POLICY DontTag --CLEAR_DT true --DUPLEX_UMI false --ADD_PG_TAG_TO_READS true --REMOVE_DUPLICATES false --ASSUME_SORTED false --DUPLICATE_SCORING_STRATEGY SUM_OF_BASE_QUALITIES --PROGRAM_RECORD_ID MarkDuplicates --PROGRAM_GROUP_NAME MarkDuplicates --READ_NAME_REGEX <optimized capture of last three ':' separated fields as numeric values> --OPTICAL_DUPLICATE_PIXEL_DISTANCE 100 --MAX_OPTICAL_DUPLICATE_SET_SIZE 300000 --VERBOSITY INFO --QUIET false --VALIDATION_STRINGENCY STRICT --COMPRESSION_LEVEL 5 --MAX_RECORDS_IN_RAM 500000 --CREATE_INDEX false --CREATE_MD5_FILE false --GA4GH_CLIENT_SECRETS client_secrets.json --help false --version false --showHidden false --USE_JDK_DEFLATER false --USE_JDK_INFLATER false
[Tue Feb 09 20:16:56 EST 2021] Executing as davecarlson@hal9000 on Linux 3.10.0-957.12.2.el7.x86_64 amd64; OpenJDK 64-Bit Server VM 11.0.8-internal+0-adhoc..src; Deflater: Intel; Inflater: Intel; Provider GCS is not available; Picard version: Version:2.24.2
INFO	2021-02-09 20:16:56	MarkDuplicates	Start of doWork freeMemory: 530665776; totalMemory: 536870912; maxMemory: 2147483648
INFO	2021-02-09 20:16:56	MarkDuplicates	Reading input file and constructing read end information.
INFO	2021-02-09 20:16:56	MarkDuplicates	Will retain up to 7780737 data points before spilling to disk.
WARNING	2021-02-09 20:16:57	AbstractOpticalDuplicateFinderCommandLineProgram	A field field parsed out of a read name was expected to contain an integer and did not. Read name: SRR12983970.21596. Cause: String 'SRR12983970.21596' did not start with a parsable number.
INFO	2021-02-09 20:17:02	MarkDuplicates	Read     1,000,000 records.  Elapsed time: 00:00:05s.  Time for last 1,000,000:    5s.  Last read position: NC_045512.2:19,858
INFO	2021-02-09 20:17:02	MarkDuplicates	Tracking 380 as yet unmatched pairs. 380 records in RAM.
INFO	2021-02-09 20:17:03	MarkDuplicates	Read 1388280 records. 0 pairs never matched.
INFO	2021-02-09 20:17:03	MarkDuplicates	After buildSortedReadEndLists freeMemory: 317880136; totalMemory: 536870912; maxMemory: 2147483648
INFO	2021-02-09 20:17:03	MarkDuplicates	Will retain up to 67108864 duplicate indices before spilling to disk.
INFO	2021-02-09 20:17:04	MarkDuplicates	Traversing read pair information and detecting duplicates.
INFO	2021-02-09 20:17:05	MarkDuplicates	Traversing fragment information and detecting duplicates.
INFO	2021-02-09 20:17:05	MarkDuplicates	Sorting list of duplicate records.
INFO	2021-02-09 20:17:05	MarkDuplicates	After generateDuplicateIndexes freeMemory: 528751776; totalMemory: 1074790400; maxMemory: 2147483648
INFO	2021-02-09 20:17:05	MarkDuplicates	Marking 737205 records as duplicates.
INFO	2021-02-09 20:17:05	MarkDuplicates	Found 0 optical duplicate clusters.
INFO	2021-02-09 20:17:05	MarkDuplicates	Reads are assumed to be ordered by: coordinate
INFO	2021-02-09 20:17:19	MarkDuplicates	Writing complete. Closing input iterator.
INFO	2021-02-09 20:17:19	MarkDuplicates	Duplicate Index cleanup.
INFO	2021-02-09 20:17:19	MarkDuplicates	Getting Memory Stats.
INFO	2021-02-09 20:17:19	MarkDuplicates	Before output close freeMemory: 528468720; totalMemory: 536870912; maxMemory: 2147483648
INFO	2021-02-09 20:17:19	MarkDuplicates	Closed outputs. Getting more Memory Stats.
INFO	2021-02-09 20:17:19	MarkDuplicates	After output close freeMemory: 528672552; totalMemory: 536870912; maxMemory: 2147483648
[Tue Feb 09 20:17:19 EST 2021] picard.sam.markduplicates.MarkDuplicates done. Elapsed time: 0.38 minutes.
Runtime.totalMemory()=536870912
