[M::bwa_idx_load_from_disk] read 0 ALT contigs
[M::process] read 90266 sequences (10000043 bp)...
[M::process] read 90422 sequences (10000181 bp)...
[M::mem_pestat] # candidate unique pairs for (FF, FR, RF, RR): (6, 43514, 12, 4)
[M::mem_pestat] skip orientation FF as there are not enough pairs
[M::mem_pestat] analyzing insert size distribution for orientation FR...
[M::mem_pestat] (25, 50, 75) percentile: (76, 119, 176)
[M::mem_pestat] low and high boundaries for computing mean and std.dev: (1, 376)
[M::mem_pestat] mean and std.dev: (133.14, 71.71)
[M::mem_pestat] low and high boundaries for proper pairs: (1, 476)
[M::mem_pestat] analyzing insert size distribution for orientation RF...
[M::mem_pestat] (25, 50, 75) percentile: (304, 606, 1527)
[M::mem_pestat] low and high boundaries for computing mean and std.dev: (1, 3973)
[M::mem_pestat] mean and std.dev: (707.73, 600.39)
[M::mem_pestat] low and high boundaries for proper pairs: (1, 5196)
[M::mem_pestat] skip orientation RR as there are not enough pairs
[M::mem_pestat] skip orientation RF
[M::mem_process_seqs] Processed 90266 reads in 11.289 CPU sec, 11.350 real sec
[M::process] read 90132 sequences (10000033 bp)...
[M::mem_pestat] # candidate unique pairs for (FF, FR, RF, RR): (3, 43634, 11, 3)
[M::mem_pestat] skip orientation FF as there are not enough pairs
[M::mem_pestat] analyzing insert size distribution for orientation FR...
[M::mem_pestat] (25, 50, 75) percentile: (76, 118, 175)
[M::mem_pestat] low and high boundaries for computing mean and std.dev: (1, 373)
[M::mem_pestat] mean and std.dev: (132.51, 71.61)
[M::mem_pestat] low and high boundaries for proper pairs: (1, 472)
[M::mem_pestat] analyzing insert size distribution for orientation RF...
[M::mem_pestat] (25, 50, 75) percentile: (263, 315, 1075)
[M::mem_pestat] low and high boundaries for computing mean and std.dev: (1, 2699)
[M::mem_pestat] mean and std.dev: (629.90, 698.22)
[M::mem_pestat] low and high boundaries for proper pairs: (1, 3511)
[M::mem_pestat] skip orientation RR as there are not enough pairs
[M::mem_pestat] skip orientation RF
[M::mem_process_seqs] Processed 90422 reads in 10.559 CPU sec, 10.361 real sec
[M::process] read 89690 sequences (10000123 bp)...
[M::mem_pestat] # candidate unique pairs for (FF, FR, RF, RR): (9, 43502, 8, 7)
[M::mem_pestat] skip orientation FF as there are not enough pairs
[M::mem_pestat] analyzing insert size distribution for orientation FR...
[M::mem_pestat] (25, 50, 75) percentile: (77, 119, 176)
[M::mem_pestat] low and high boundaries for computing mean and std.dev: (1, 374)
[M::mem_pestat] mean and std.dev: (132.73, 71.24)
[M::mem_pestat] low and high boundaries for proper pairs: (1, 473)
[M::mem_pestat] skip orientation RF as there are not enough pairs
[M::mem_pestat] skip orientation RR as there are not enough pairs
[M::mem_process_seqs] Processed 90132 reads in 10.321 CPU sec, 10.111 real sec
[M::process] read 88668 sequences (10000056 bp)...
[M::mem_pestat] # candidate unique pairs for (FF, FR, RF, RR): (6, 43398, 10, 6)
[M::mem_pestat] skip orientation FF as there are not enough pairs
[M::mem_pestat] analyzing insert size distribution for orientation FR...
[M::mem_pestat] (25, 50, 75) percentile: (77, 119, 175)
[M::mem_pestat] low and high boundaries for computing mean and std.dev: (1, 371)
[M::mem_pestat] mean and std.dev: (133.11, 70.92)
[M::mem_pestat] low and high boundaries for proper pairs: (1, 469)
[M::mem_pestat] analyzing insert size distribution for orientation RF...
[M::mem_pestat] (25, 50, 75) percentile: (339, 1593, 1605)
[M::mem_pestat] low and high boundaries for computing mean and std.dev: (1, 4137)
[M::mem_pestat] mean and std.dev: (1056.67, 868.28)
[M::mem_pestat] low and high boundaries for proper pairs: (1, 5403)
[M::mem_pestat] skip orientation RR as there are not enough pairs
[M::mem_pestat] skip orientation RF
[M::mem_process_seqs] Processed 89690 reads in 9.054 CPU sec, 8.682 real sec
[M::process] read 87344 sequences (10000067 bp)...
[M::mem_pestat] # candidate unique pairs for (FF, FR, RF, RR): (4, 42823, 9, 4)
[M::mem_pestat] skip orientation FF as there are not enough pairs
[M::mem_pestat] analyzing insert size distribution for orientation FR...
[M::mem_pestat] (25, 50, 75) percentile: (80, 120, 177)
[M::mem_pestat] low and high boundaries for computing mean and std.dev: (1, 371)
[M::mem_pestat] mean and std.dev: (134.58, 70.87)
[M::mem_pestat] low and high boundaries for proper pairs: (1, 468)
[M::mem_pestat] skip orientation RF as there are not enough pairs
[M::mem_pestat] skip orientation RR as there are not enough pairs
[M::mem_process_seqs] Processed 88668 reads in 10.776 CPU sec, 10.578 real sec
[M::process] read 88280 sequences (10000189 bp)...
[M::mem_pestat] # candidate unique pairs for (FF, FR, RF, RR): (5, 42215, 16, 5)
[M::mem_pestat] skip orientation FF as there are not enough pairs
[M::mem_pestat] analyzing insert size distribution for orientation FR...
[M::mem_pestat] (25, 50, 75) percentile: (81, 123, 179)
[M::mem_pestat] low and high boundaries for computing mean and std.dev: (1, 375)
[M::mem_pestat] mean and std.dev: (136.68, 71.01)
[M::mem_pestat] low and high boundaries for proper pairs: (1, 473)
[M::mem_pestat] analyzing insert size distribution for orientation RF...
[M::mem_pestat] (25, 50, 75) percentile: (970, 2488, 4820)
[M::mem_pestat] low and high boundaries for computing mean and std.dev: (1, 12520)
[M::mem_pestat] mean and std.dev: (3334.69, 2934.60)
[M::mem_pestat] low and high boundaries for proper pairs: (1, 16370)
[M::mem_pestat] skip orientation RR as there are not enough pairs
[M::mem_pestat] skip orientation RF
[M::mem_process_seqs] Processed 87344 reads in 12.278 CPU sec, 12.241 real sec
[M::process] read 89268 sequences (10000024 bp)...
[M::mem_pestat] # candidate unique pairs for (FF, FR, RF, RR): (5, 42612, 8, 6)
[M::mem_pestat] skip orientation FF as there are not enough pairs
[M::mem_pestat] analyzing insert size distribution for orientation FR...
[M::mem_pestat] (25, 50, 75) percentile: (80, 121, 180)
[M::mem_pestat] low and high boundaries for computing mean and std.dev: (1, 380)
[M::mem_pestat] mean and std.dev: (136.20, 72.30)
[M::mem_pestat] low and high boundaries for proper pairs: (1, 480)
[M::mem_pestat] skip orientation RF as there are not enough pairs
[M::mem_pestat] skip orientation RR as there are not enough pairs
[M::mem_process_seqs] Processed 88280 reads in 10.525 CPU sec, 10.387 real sec
[M::process] read 89112 sequences (10000090 bp)...
[M::mem_pestat] # candidate unique pairs for (FF, FR, RF, RR): (8, 43192, 6, 6)
[M::mem_pestat] skip orientation FF as there are not enough pairs
[M::mem_pestat] analyzing insert size distribution for orientation FR...
[M::mem_pestat] (25, 50, 75) percentile: (79, 120, 178)
[M::mem_pestat] low and high boundaries for computing mean and std.dev: (1, 376)
[M::mem_pestat] mean and std.dev: (134.60, 71.64)
[M::mem_pestat] low and high boundaries for proper pairs: (1, 475)
[M::mem_pestat] skip orientation RF as there are not enough pairs
[M::mem_pestat] skip orientation RR as there are not enough pairs
[M::mem_process_seqs] Processed 89268 reads in 7.779 CPU sec, 7.556 real sec
[M::process] read 88548 sequences (10000237 bp)...
[M::mem_pestat] # candidate unique pairs for (FF, FR, RF, RR): (4, 43108, 13, 3)
[M::mem_pestat] skip orientation FF as there are not enough pairs
[M::mem_pestat] analyzing insert size distribution for orientation FR...
[M::mem_pestat] (25, 50, 75) percentile: (79, 120, 179)
[M::mem_pestat] low and high boundaries for computing mean and std.dev: (1, 379)
[M::mem_pestat] mean and std.dev: (135.24, 72.36)
[M::mem_pestat] low and high boundaries for proper pairs: (1, 479)
[M::mem_pestat] analyzing insert size distribution for orientation RF...
[M::mem_pestat] (25, 50, 75) percentile: (139, 250, 492)
[M::mem_pestat] low and high boundaries for computing mean and std.dev: (1, 1198)
[M::mem_pestat] mean and std.dev: (307.67, 299.62)
[M::mem_pestat] low and high boundaries for proper pairs: (1, 1551)
[M::mem_pestat] skip orientation RR as there are not enough pairs
[M::mem_pestat] skip orientation RF
[M::mem_process_seqs] Processed 89112 reads in 8.332 CPU sec, 8.065 real sec
[M::process] read 87706 sequences (10000086 bp)...
[M::mem_pestat] # candidate unique pairs for (FF, FR, RF, RR): (6, 42945, 12, 2)
[M::mem_pestat] skip orientation FF as there are not enough pairs
[M::mem_pestat] analyzing insert size distribution for orientation FR...
[M::mem_pestat] (25, 50, 75) percentile: (80, 120, 179)
[M::mem_pestat] low and high boundaries for computing mean and std.dev: (1, 377)
[M::mem_pestat] mean and std.dev: (135.42, 71.62)
[M::mem_pestat] low and high boundaries for proper pairs: (1, 476)
[M::mem_pestat] analyzing insert size distribution for orientation RF...
[M::mem_pestat] (25, 50, 75) percentile: (215, 466, 615)
[M::mem_pestat] low and high boundaries for computing mean and std.dev: (1, 1415)
[M::mem_pestat] mean and std.dev: (317.80, 179.80)
[M::mem_pestat] low and high boundaries for proper pairs: (1, 1815)
[M::mem_pestat] skip orientation RR as there are not enough pairs
[M::mem_pestat] skip orientation RF
[M::mem_process_seqs] Processed 88548 reads in 8.524 CPU sec, 8.188 real sec
[M::process] read 86536 sequences (10000243 bp)...
[M::mem_pestat] # candidate unique pairs for (FF, FR, RF, RR): (6, 42577, 12, 2)
[M::mem_pestat] skip orientation FF as there are not enough pairs
[M::mem_pestat] analyzing insert size distribution for orientation FR...
[M::mem_pestat] (25, 50, 75) percentile: (81, 123, 179)
[M::mem_pestat] low and high boundaries for computing mean and std.dev: (1, 375)
[M::mem_pestat] mean and std.dev: (136.48, 71.01)
[M::mem_pestat] low and high boundaries for proper pairs: (1, 473)
[M::mem_pestat] analyzing insert size distribution for orientation RF...
[M::mem_pestat] (25, 50, 75) percentile: (300, 1080, 2099)
[M::mem_pestat] low and high boundaries for computing mean and std.dev: (1, 5697)
[M::mem_pestat] mean and std.dev: (1375.83, 1505.12)
[M::mem_pestat] low and high boundaries for proper pairs: (1, 7496)
[M::mem_pestat] skip orientation RR as there are not enough pairs
[M::mem_pestat] skip orientation RF
[M::mem_process_seqs] Processed 87706 reads in 8.954 CPU sec, 8.681 real sec
[M::process] read 47580 sequences (5626696 bp)...
[M::mem_pestat] # candidate unique pairs for (FF, FR, RF, RR): (7, 42058, 12, 8)
[M::mem_pestat] skip orientation FF as there are not enough pairs
[M::mem_pestat] analyzing insert size distribution for orientation FR...
[M::mem_pestat] (25, 50, 75) percentile: (84, 124, 182)
[M::mem_pestat] low and high boundaries for computing mean and std.dev: (1, 378)
[M::mem_pestat] mean and std.dev: (138.44, 70.68)
[M::mem_pestat] low and high boundaries for proper pairs: (1, 476)
[M::mem_pestat] analyzing insert size distribution for orientation RF...
[M::mem_pestat] (25, 50, 75) percentile: (411, 1253, 6356)
[M::mem_pestat] low and high boundaries for computing mean and std.dev: (1, 18246)
[M::mem_pestat] mean and std.dev: (2643.58, 3099.67)
[M::mem_pestat] low and high boundaries for proper pairs: (1, 24191)
[M::mem_pestat] skip orientation RR as there are not enough pairs
[M::mem_pestat] skip orientation RF
[M::mem_process_seqs] Processed 86536 reads in 8.901 CPU sec, 8.713 real sec
[M::mem_pestat] # candidate unique pairs for (FF, FR, RF, RR): (6, 22957, 21, 2)
[M::mem_pestat] skip orientation FF as there are not enough pairs
[M::mem_pestat] analyzing insert size distribution for orientation FR...
[M::mem_pestat] (25, 50, 75) percentile: (87, 128, 184)
[M::mem_pestat] low and high boundaries for computing mean and std.dev: (1, 378)
[M::mem_pestat] mean and std.dev: (141.38, 70.36)
[M::mem_pestat] low and high boundaries for proper pairs: (1, 475)
[M::mem_pestat] analyzing insert size distribution for orientation RF...
[M::mem_pestat] (25, 50, 75) percentile: (413, 1242, 7372)
[M::mem_pestat] low and high boundaries for computing mean and std.dev: (1, 21290)
[M::mem_pestat] mean and std.dev: (3089.67, 3298.76)
[M::mem_pestat] low and high boundaries for proper pairs: (1, 28249)
[M::mem_pestat] skip orientation RR as there are not enough pairs
[M::mem_pestat] skip orientation RF
[M::mem_process_seqs] Processed 47580 reads in 6.053 CPU sec, 5.980 real sec
[main] Version: 0.7.17-r1188
[main] CMD: bwa mem -R @RG\tID:SRR12983962\tSM:SRR12983962\tLB:lib1\tPL:ILLUMINA -t 1 assembly/GCF_009858895.2_ASM985889v3_genomic.fna fastqs/SRR12983962_1.fastq.gz fastqs/SRR12983962_2.fastq.gz
[main] Real time: 121.497 sec; CPU: 123.629 sec
