[M::bwa_idx_load_from_disk] read 0 ALT contigs
[M::process] read 81064 sequences (10000009 bp)...
[M::process] read 81218 sequences (10000022 bp)...
[M::mem_pestat] # candidate unique pairs for (FF, FR, RF, RR): (10, 39859, 12, 12)
[M::mem_pestat] analyzing insert size distribution for orientation FF...
[M::mem_pestat] (25, 50, 75) percentile: (149, 394, 447)
[M::mem_pestat] low and high boundaries for computing mean and std.dev: (1, 1043)
[M::mem_pestat] mean and std.dev: (271.25, 140.21)
[M::mem_pestat] low and high boundaries for proper pairs: (1, 1341)
[M::mem_pestat] analyzing insert size distribution for orientation FR...
[M::mem_pestat] (25, 50, 75) percentile: (98, 154, 229)
[M::mem_pestat] low and high boundaries for computing mean and std.dev: (1, 491)
[M::mem_pestat] mean and std.dev: (169.99, 94.40)
[M::mem_pestat] low and high boundaries for proper pairs: (1, 622)
[M::mem_pestat] analyzing insert size distribution for orientation RF...
[M::mem_pestat] (25, 50, 75) percentile: (408, 1173, 5131)
[M::mem_pestat] low and high boundaries for computing mean and std.dev: (1, 14577)
[M::mem_pestat] mean and std.dev: (2882.58, 3097.43)
[M::mem_pestat] low and high boundaries for proper pairs: (1, 19300)
[M::mem_pestat] analyzing insert size distribution for orientation RR...
[M::mem_pestat] (25, 50, 75) percentile: (241, 926, 4184)
[M::mem_pestat] low and high boundaries for computing mean and std.dev: (1, 12070)
[M::mem_pestat] mean and std.dev: (2412.33, 2887.09)
[M::mem_pestat] low and high boundaries for proper pairs: (1, 16013)
[M::mem_pestat] skip orientation FF
[M::mem_pestat] skip orientation RF
[M::mem_pestat] skip orientation RR
[M::mem_process_seqs] Processed 81064 reads in 3.856 CPU sec, 3.754 real sec
[M::process] read 81004 sequences (10000183 bp)...
[M::mem_pestat] # candidate unique pairs for (FF, FR, RF, RR): (13, 39981, 8, 12)
[M::mem_pestat] analyzing insert size distribution for orientation FF...
[M::mem_pestat] (25, 50, 75) percentile: (126, 254, 8271)
[M::mem_pestat] low and high boundaries for computing mean and std.dev: (1, 24561)
[M::mem_pestat] mean and std.dev: (2160.62, 3565.08)
[M::mem_pestat] low and high boundaries for proper pairs: (1, 32706)
[M::mem_pestat] analyzing insert size distribution for orientation FR...
[M::mem_pestat] (25, 50, 75) percentile: (97, 151, 229)
[M::mem_pestat] low and high boundaries for computing mean and std.dev: (1, 493)
[M::mem_pestat] mean and std.dev: (168.52, 93.86)
[M::mem_pestat] low and high boundaries for proper pairs: (1, 625)
[M::mem_pestat] skip orientation RF as there are not enough pairs
[M::mem_pestat] analyzing insert size distribution for orientation RR...
[M::mem_pestat] (25, 50, 75) percentile: (280, 403, 939)
[M::mem_pestat] low and high boundaries for computing mean and std.dev: (1, 2257)
[M::mem_pestat] mean and std.dev: (411.00, 238.76)
[M::mem_pestat] low and high boundaries for proper pairs: (1, 2916)
[M::mem_pestat] skip orientation FF
[M::mem_pestat] skip orientation RR
[M::mem_process_seqs] Processed 81218 reads in 3.926 CPU sec, 3.605 real sec
[M::process] read 80560 sequences (10000068 bp)...
[M::mem_pestat] # candidate unique pairs for (FF, FR, RF, RR): (15, 39888, 14, 8)
[M::mem_pestat] analyzing insert size distribution for orientation FF...
[M::mem_pestat] (25, 50, 75) percentile: (234, 309, 2984)
[M::mem_pestat] low and high boundaries for computing mean and std.dev: (1, 8484)
[M::mem_pestat] mean and std.dev: (1567.07, 2541.11)
[M::mem_pestat] low and high boundaries for proper pairs: (1, 11731)
[M::mem_pestat] analyzing insert size distribution for orientation FR...
[M::mem_pestat] (25, 50, 75) percentile: (98, 153, 230)
[M::mem_pestat] low and high boundaries for computing mean and std.dev: (1, 494)
[M::mem_pestat] mean and std.dev: (169.80, 94.56)
[M::mem_pestat] low and high boundaries for proper pairs: (1, 626)
[M::mem_pestat] analyzing insert size distribution for orientation RF...
[M::mem_pestat] (25, 50, 75) percentile: (322, 2293, 5282)
[M::mem_pestat] low and high boundaries for computing mean and std.dev: (1, 15202)
[M::mem_pestat] mean and std.dev: (2605.07, 2339.16)
[M::mem_pestat] low and high boundaries for proper pairs: (1, 20162)
[M::mem_pestat] skip orientation RR as there are not enough pairs
[M::mem_pestat] skip orientation FF
[M::mem_pestat] skip orientation RF
[M::mem_process_seqs] Processed 81004 reads in 3.939 CPU sec, 3.835 real sec
[M::process] read 29392 sequences (3645552 bp)...
[M::mem_pestat] # candidate unique pairs for (FF, FR, RF, RR): (12, 39656, 17, 11)
[M::mem_pestat] analyzing insert size distribution for orientation FF...
[M::mem_pestat] (25, 50, 75) percentile: (240, 630, 6238)
[M::mem_pestat] low and high boundaries for computing mean and std.dev: (1, 18234)
[M::mem_pestat] mean and std.dev: (2379.42, 3141.76)
[M::mem_pestat] low and high boundaries for proper pairs: (1, 24232)
[M::mem_pestat] analyzing insert size distribution for orientation FR...
[M::mem_pestat] (25, 50, 75) percentile: (100, 154, 230)
[M::mem_pestat] low and high boundaries for computing mean and std.dev: (1, 490)
[M::mem_pestat] mean and std.dev: (170.20, 93.03)
[M::mem_pestat] low and high boundaries for proper pairs: (1, 620)
[M::mem_pestat] analyzing insert size distribution for orientation RF...
[M::mem_pestat] (25, 50, 75) percentile: (253, 718, 3770)
[M::mem_pestat] low and high boundaries for computing mean and std.dev: (1, 10804)
[M::mem_pestat] mean and std.dev: (1807.06, 2241.17)
[M::mem_pestat] low and high boundaries for proper pairs: (1, 14321)
[M::mem_pestat] analyzing insert size distribution for orientation RR...
[M::mem_pestat] (25, 50, 75) percentile: (152, 186, 199)
[M::mem_pestat] low and high boundaries for computing mean and std.dev: (58, 293)
[M::mem_pestat] mean and std.dev: (153.67, 42.60)
[M::mem_pestat] low and high boundaries for proper pairs: (1, 340)
[M::mem_pestat] skip orientation FF
[M::mem_pestat] skip orientation RF
[M::mem_pestat] skip orientation RR
[M::mem_process_seqs] Processed 80560 reads in 3.921 CPU sec, 3.915 real sec
[M::mem_pestat] # candidate unique pairs for (FF, FR, RF, RR): (3, 14482, 2, 5)
[M::mem_pestat] skip orientation FF as there are not enough pairs
[M::mem_pestat] analyzing insert size distribution for orientation FR...
[M::mem_pestat] (25, 50, 75) percentile: (101, 153, 231)
[M::mem_pestat] low and high boundaries for computing mean and std.dev: (1, 491)
[M::mem_pestat] mean and std.dev: (170.04, 93.18)
[M::mem_pestat] low and high boundaries for proper pairs: (1, 621)
[M::mem_pestat] skip orientation RF as there are not enough pairs
[M::mem_pestat] skip orientation RR as there are not enough pairs
[M::mem_process_seqs] Processed 29392 reads in 1.499 CPU sec, 1.637 real sec
[main] Version: 0.7.17-r1188
[main] CMD: bwa mem -R @RG\tID:SRR13644088\tSM:SRR13644088\tLB:lib1\tPL:ILLUMINA -t 1 assembly/GCF_009858895.2_ASM985889v3_genomic.fna fastqs/SRR13644088_1.fastq.gz fastqs/SRR13644088_2.fastq.gz
[main] Real time: 17.297 sec; CPU: 17.441 sec
