[M::bwa_idx_load_from_disk] read 0 ALT contigs
[M::process] read 81158 sequences (10000035 bp)...
[M::process] read 80674 sequences (10000179 bp)...
[M::mem_pestat] # candidate unique pairs for (FF, FR, RF, RR): (1, 3479, 0, 1)
[M::mem_pestat] skip orientation FF as there are not enough pairs
[M::mem_pestat] analyzing insert size distribution for orientation FR...
[M::mem_pestat] (25, 50, 75) percentile: (92, 143, 208)
[M::mem_pestat] low and high boundaries for computing mean and std.dev: (1, 440)
[M::mem_pestat] mean and std.dev: (154.74, 79.44)
[M::mem_pestat] low and high boundaries for proper pairs: (1, 556)
[M::mem_pestat] skip orientation RF as there are not enough pairs
[M::mem_pestat] skip orientation RR as there are not enough pairs
[M::mem_process_seqs] Processed 81158 reads in 1.226 CPU sec, 1.044 real sec
[M::process] read 33202 sequences (4133518 bp)...
[M::mem_pestat] # candidate unique pairs for (FF, FR, RF, RR): (0, 3535, 0, 0)
[M::mem_pestat] skip orientation FF as there are not enough pairs
[M::mem_pestat] analyzing insert size distribution for orientation FR...
[M::mem_pestat] (25, 50, 75) percentile: (92, 147, 212)
[M::mem_pestat] low and high boundaries for computing mean and std.dev: (1, 452)
[M::mem_pestat] mean and std.dev: (157.55, 80.82)
[M::mem_pestat] low and high boundaries for proper pairs: (1, 572)
[M::mem_pestat] skip orientation RF as there are not enough pairs
[M::mem_pestat] skip orientation RR as there are not enough pairs
[M::mem_process_seqs] Processed 80674 reads in 1.184 CPU sec, 1.055 real sec
[M::mem_pestat] # candidate unique pairs for (FF, FR, RF, RR): (0, 1474, 1, 0)
[M::mem_pestat] skip orientation FF as there are not enough pairs
[M::mem_pestat] analyzing insert size distribution for orientation FR...
[M::mem_pestat] (25, 50, 75) percentile: (91, 145, 213)
[M::mem_pestat] low and high boundaries for computing mean and std.dev: (1, 457)
[M::mem_pestat] mean and std.dev: (158.86, 83.30)
[M::mem_pestat] low and high boundaries for proper pairs: (1, 579)
[M::mem_pestat] skip orientation RF as there are not enough pairs
[M::mem_pestat] skip orientation RR as there are not enough pairs
[M::mem_process_seqs] Processed 33202 reads in 0.560 CPU sec, 0.477 real sec
[main] Version: 0.7.17-r1188
[main] CMD: bwa mem -R @RG\tID:SRR13644060\tSM:SRR13644060\tLB:lib1\tPL:ILLUMINA -t 1 assembly/GCF_009858895.2_ASM985889v3_genomic.fna fastqs/SRR13644060_1.fastq.gz fastqs/SRR13644060_2.fastq.gz
[main] Real time: 2.912 sec; CPU: 3.221 sec
