20:07:45.223 INFO  NativeLibraryLoader - Loading libgkl_compression.so from jar:file:/home/progs/anaconda2/envs/covid-variant-example/share/picard-2.24.2-0/picard.jar!/com/intel/gkl/native/libgkl_compression.so
[Tue Feb 09 20:07:45 EST 2021] MarkDuplicates --INPUT bams/SRR12638341.sorted.bam --OUTPUT bams/SRR12638341.sorted.markdup.bam --METRICS_FILE stats/SRR12638341.metrics.txt --MAX_SEQUENCES_FOR_DISK_READ_ENDS_MAP 50000 --MAX_FILE_HANDLES_FOR_READ_ENDS_MAP 8000 --SORTING_COLLECTION_SIZE_RATIO 0.25 --TAG_DUPLICATE_SET_MEMBERS false --REMOVE_SEQUENCING_DUPLICATES false --TAGGING_POLICY DontTag --CLEAR_DT true --DUPLEX_UMI false --ADD_PG_TAG_TO_READS true --REMOVE_DUPLICATES false --ASSUME_SORTED false --DUPLICATE_SCORING_STRATEGY SUM_OF_BASE_QUALITIES --PROGRAM_RECORD_ID MarkDuplicates --PROGRAM_GROUP_NAME MarkDuplicates --READ_NAME_REGEX <optimized capture of last three ':' separated fields as numeric values> --OPTICAL_DUPLICATE_PIXEL_DISTANCE 100 --MAX_OPTICAL_DUPLICATE_SET_SIZE 300000 --VERBOSITY INFO --QUIET false --VALIDATION_STRINGENCY STRICT --COMPRESSION_LEVEL 5 --MAX_RECORDS_IN_RAM 500000 --CREATE_INDEX false --CREATE_MD5_FILE false --GA4GH_CLIENT_SECRETS client_secrets.json --help false --version false --showHidden false --USE_JDK_DEFLATER false --USE_JDK_INFLATER false
[Tue Feb 09 20:07:45 EST 2021] Executing as davecarlson@hal9000 on Linux 3.10.0-957.12.2.el7.x86_64 amd64; OpenJDK 64-Bit Server VM 11.0.8-internal+0-adhoc..src; Deflater: Intel; Inflater: Intel; Provider GCS is not available; Picard version: Version:2.24.2
INFO	2021-02-09 20:07:45	MarkDuplicates	Start of doWork freeMemory: 530665672; totalMemory: 536870912; maxMemory: 2147483648
INFO	2021-02-09 20:07:45	MarkDuplicates	Reading input file and constructing read end information.
INFO	2021-02-09 20:07:45	MarkDuplicates	Will retain up to 7780737 data points before spilling to disk.
WARNING	2021-02-09 20:07:45	AbstractOpticalDuplicateFinderCommandLineProgram	A field field parsed out of a read name was expected to contain an integer and did not. Read name: SRR12638341.5968. Cause: String 'SRR12638341.5968' did not start with a parsable number.
INFO	2021-02-09 20:07:47	MarkDuplicates	Read 244126 records. 0 pairs never matched.
INFO	2021-02-09 20:07:47	MarkDuplicates	After buildSortedReadEndLists freeMemory: 441213904; totalMemory: 536870912; maxMemory: 2147483648
INFO	2021-02-09 20:07:47	MarkDuplicates	Will retain up to 67108864 duplicate indices before spilling to disk.
INFO	2021-02-09 20:07:47	MarkDuplicates	Traversing read pair information and detecting duplicates.
INFO	2021-02-09 20:07:47	MarkDuplicates	Traversing fragment information and detecting duplicates.
INFO	2021-02-09 20:07:47	MarkDuplicates	Sorting list of duplicate records.
INFO	2021-02-09 20:07:47	MarkDuplicates	After generateDuplicateIndexes freeMemory: 528769272; totalMemory: 1074790400; maxMemory: 2147483648
INFO	2021-02-09 20:07:47	MarkDuplicates	Marking 59714 records as duplicates.
INFO	2021-02-09 20:07:47	MarkDuplicates	Found 0 optical duplicate clusters.
INFO	2021-02-09 20:07:47	MarkDuplicates	Reads are assumed to be ordered by: coordinate
INFO	2021-02-09 20:07:50	MarkDuplicates	Writing complete. Closing input iterator.
INFO	2021-02-09 20:07:50	MarkDuplicates	Duplicate Index cleanup.
INFO	2021-02-09 20:07:50	MarkDuplicates	Getting Memory Stats.
INFO	2021-02-09 20:07:50	MarkDuplicates	Before output close freeMemory: 528412952; totalMemory: 536870912; maxMemory: 2147483648
INFO	2021-02-09 20:07:50	MarkDuplicates	Closed outputs. Getting more Memory Stats.
INFO	2021-02-09 20:07:50	MarkDuplicates	After output close freeMemory: 528412952; totalMemory: 536870912; maxMemory: 2147483648
[Tue Feb 09 20:07:50 EST 2021] picard.sam.markduplicates.MarkDuplicates done. Elapsed time: 0.09 minutes.
Runtime.totalMemory()=536870912
