[M::bwa_idx_load_from_disk] read 0 ALT contigs
[M::process] read 85600 sequences (10000199 bp)...
[M::process] read 85446 sequences (10000097 bp)...
[M::mem_pestat] # candidate unique pairs for (FF, FR, RF, RR): (6, 41814, 8, 4)
[M::mem_pestat] skip orientation FF as there are not enough pairs
[M::mem_pestat] analyzing insert size distribution for orientation FR...
[M::mem_pestat] (25, 50, 75) percentile: (85, 134, 196)
[M::mem_pestat] low and high boundaries for computing mean and std.dev: (1, 418)
[M::mem_pestat] mean and std.dev: (147.17, 76.66)
[M::mem_pestat] low and high boundaries for proper pairs: (1, 529)
[M::mem_pestat] skip orientation RF as there are not enough pairs
[M::mem_pestat] skip orientation RR as there are not enough pairs
[M::mem_process_seqs] Processed 85600 reads in 3.178 CPU sec, 2.901 real sec
[M::process] read 48068 sequences (5660108 bp)...
[M::mem_pestat] # candidate unique pairs for (FF, FR, RF, RR): (1, 41730, 10, 3)
[M::mem_pestat] skip orientation FF as there are not enough pairs
[M::mem_pestat] analyzing insert size distribution for orientation FR...
[M::mem_pestat] (25, 50, 75) percentile: (86, 134, 196)
[M::mem_pestat] low and high boundaries for computing mean and std.dev: (1, 416)
[M::mem_pestat] mean and std.dev: (147.66, 76.60)
[M::mem_pestat] low and high boundaries for proper pairs: (1, 526)
[M::mem_pestat] analyzing insert size distribution for orientation RF...
[M::mem_pestat] (25, 50, 75) percentile: (314, 943, 2899)
[M::mem_pestat] low and high boundaries for computing mean and std.dev: (1, 8069)
[M::mem_pestat] mean and std.dev: (1877.50, 2364.36)
[M::mem_pestat] low and high boundaries for proper pairs: (1, 11335)
[M::mem_pestat] skip orientation RR as there are not enough pairs
[M::mem_pestat] skip orientation RF
[M::mem_process_seqs] Processed 85446 reads in 3.442 CPU sec, 3.299 real sec
[M::mem_pestat] # candidate unique pairs for (FF, FR, RF, RR): (1, 23543, 1, 2)
[M::mem_pestat] skip orientation FF as there are not enough pairs
[M::mem_pestat] analyzing insert size distribution for orientation FR...
[M::mem_pestat] (25, 50, 75) percentile: (87, 135, 197)
[M::mem_pestat] low and high boundaries for computing mean and std.dev: (1, 417)
[M::mem_pestat] mean and std.dev: (148.34, 76.26)
[M::mem_pestat] low and high boundaries for proper pairs: (1, 527)
[M::mem_pestat] skip orientation RF as there are not enough pairs
[M::mem_pestat] skip orientation RR as there are not enough pairs
[M::mem_process_seqs] Processed 48068 reads in 2.187 CPU sec, 2.096 real sec
[main] Version: 0.7.17-r1188
[main] CMD: bwa mem -R @RG\tID:SRR12638346\tSM:SRR12638346\tLB:lib1\tPL:ILLUMINA -t 1 assembly/GCF_009858895.2_ASM985889v3_genomic.fna fastqs/SRR12638346_1.fastq.gz fastqs/SRR12638346_2.fastq.gz
[main] Real time: 9.066 sec; CPU: 9.135 sec
