[M::bwa_idx_load_from_disk] read 0 ALT contigs
[M::process] read 193464 sequences (23875511 bp)...
[M::mem_pestat] # candidate unique pairs for (FF, FR, RF, RR): (14, 64289, 9, 13)
[M::mem_pestat] analyzing insert size distribution for orientation FF...
[M::mem_pestat] (25, 50, 75) percentile: (197, 5501, 6386)
[M::mem_pestat] low and high boundaries for computing mean and std.dev: (1, 18764)
[M::mem_pestat] mean and std.dev: (3585.43, 3076.75)
[M::mem_pestat] low and high boundaries for proper pairs: (1, 24953)
[M::mem_pestat] analyzing insert size distribution for orientation FR...
[M::mem_pestat] (25, 50, 75) percentile: (97, 151, 220)
[M::mem_pestat] low and high boundaries for computing mean and std.dev: (1, 466)
[M::mem_pestat] mean and std.dev: (163.50, 82.78)
[M::mem_pestat] low and high boundaries for proper pairs: (1, 589)
[M::mem_pestat] skip orientation RF as there are not enough pairs
[M::mem_pestat] analyzing insert size distribution for orientation RR...
[M::mem_pestat] (25, 50, 75) percentile: (81, 164, 3039)
[M::mem_pestat] low and high boundaries for computing mean and std.dev: (1, 8955)
[M::mem_pestat] mean and std.dev: (1422.62, 2589.33)
[M::mem_pestat] low and high boundaries for proper pairs: (1, 11913)
[M::mem_pestat] skip orientation FF
[M::mem_pestat] skip orientation RR
[M::mem_process_seqs] Processed 193464 reads in 8.752 CPU sec, 0.302 real sec
[main] Version: 0.7.17-r1188
[main] CMD: bwa mem -R @RG\tID:SRR13644057\tSM:SRR13644057\tLB:lib1\tPL:ILLUMINA -t 40 assembly/GCF_009858895.2_ASM985889v3_genomic.fna fastqs/SRR13644057_1.fastq.gz fastqs/SRR13644057_2.fastq.gz
[main] Real time: 1.655 sec; CPU: 9.338 sec
