[M::bwa_idx_load_from_disk] read 0 ALT contigs
[M::process] read 86128 sequences (10000012 bp)...
[M::process] read 85794 sequences (10000188 bp)...
[M::mem_pestat] # candidate unique pairs for (FF, FR, RF, RR): (4, 41419, 2, 4)
[M::mem_pestat] skip orientation FF as there are not enough pairs
[M::mem_pestat] analyzing insert size distribution for orientation FR...
[M::mem_pestat] (25, 50, 75) percentile: (85, 133, 197)
[M::mem_pestat] low and high boundaries for computing mean and std.dev: (1, 421)
[M::mem_pestat] mean and std.dev: (147.48, 77.69)
[M::mem_pestat] low and high boundaries for proper pairs: (1, 533)
[M::mem_pestat] skip orientation RF as there are not enough pairs
[M::mem_pestat] skip orientation RR as there are not enough pairs
[M::mem_process_seqs] Processed 86128 reads in 3.257 CPU sec, 3.029 real sec
[M::process] read 85846 sequences (10000282 bp)...
[M::mem_pestat] # candidate unique pairs for (FF, FR, RF, RR): (1, 41233, 10, 5)
[M::mem_pestat] skip orientation FF as there are not enough pairs
[M::mem_pestat] analyzing insert size distribution for orientation FR...
[M::mem_pestat] (25, 50, 75) percentile: (85, 135, 199)
[M::mem_pestat] low and high boundaries for computing mean and std.dev: (1, 427)
[M::mem_pestat] mean and std.dev: (148.43, 78.05)
[M::mem_pestat] low and high boundaries for proper pairs: (1, 541)
[M::mem_pestat] analyzing insert size distribution for orientation RF...
[M::mem_pestat] (25, 50, 75) percentile: (891, 2590, 9327)
[M::mem_pestat] low and high boundaries for computing mean and std.dev: (1, 26199)
[M::mem_pestat] mean and std.dev: (4146.00, 3791.27)
[M::mem_pestat] low and high boundaries for proper pairs: (1, 34635)
[M::mem_pestat] skip orientation RR as there are not enough pairs
[M::mem_pestat] skip orientation RF
[M::mem_process_seqs] Processed 85794 reads in 3.629 CPU sec, 3.293 real sec
[M::process] read 85020 sequences (10000251 bp)...
[M::mem_pestat] # candidate unique pairs for (FF, FR, RF, RR): (4, 41317, 1, 3)
[M::mem_pestat] skip orientation FF as there are not enough pairs
[M::mem_pestat] analyzing insert size distribution for orientation FR...
[M::mem_pestat] (25, 50, 75) percentile: (86, 134, 199)
[M::mem_pestat] low and high boundaries for computing mean and std.dev: (1, 425)
[M::mem_pestat] mean and std.dev: (147.87, 77.86)
[M::mem_pestat] low and high boundaries for proper pairs: (1, 538)
[M::mem_pestat] skip orientation RF as there are not enough pairs
[M::mem_pestat] skip orientation RR as there are not enough pairs
[M::mem_process_seqs] Processed 85846 reads in 3.638 CPU sec, 3.292 real sec
[M::process] read 85316 sequences (10000109 bp)...
[M::mem_pestat] # candidate unique pairs for (FF, FR, RF, RR): (6, 41010, 4, 4)
[M::mem_pestat] skip orientation FF as there are not enough pairs
[M::mem_pestat] analyzing insert size distribution for orientation FR...
[M::mem_pestat] (25, 50, 75) percentile: (87, 135, 199)
[M::mem_pestat] low and high boundaries for computing mean and std.dev: (1, 423)
[M::mem_pestat] mean and std.dev: (149.47, 77.72)
[M::mem_pestat] low and high boundaries for proper pairs: (1, 535)
[M::mem_pestat] skip orientation RF as there are not enough pairs
[M::mem_pestat] skip orientation RR as there are not enough pairs
[M::mem_process_seqs] Processed 85020 reads in 3.722 CPU sec, 3.381 real sec
[M::process] read 85638 sequences (10000142 bp)...
[M::mem_pestat] # candidate unique pairs for (FF, FR, RF, RR): (4, 41084, 9, 3)
[M::mem_pestat] skip orientation FF as there are not enough pairs
[M::mem_pestat] analyzing insert size distribution for orientation FR...
[M::mem_pestat] (25, 50, 75) percentile: (86, 136, 200)
[M::mem_pestat] low and high boundaries for computing mean and std.dev: (1, 428)
[M::mem_pestat] mean and std.dev: (149.15, 77.85)
[M::mem_pestat] low and high boundaries for proper pairs: (1, 542)
[M::mem_pestat] skip orientation RF as there are not enough pairs
[M::mem_pestat] skip orientation RR as there are not enough pairs
[M::mem_process_seqs] Processed 85316 reads in 4.169 CPU sec, 3.905 real sec
[M::process] read 85732 sequences (10000272 bp)...
[M::mem_pestat] # candidate unique pairs for (FF, FR, RF, RR): (3, 41129, 11, 4)
[M::mem_pestat] skip orientation FF as there are not enough pairs
[M::mem_pestat] analyzing insert size distribution for orientation FR...
[M::mem_pestat] (25, 50, 75) percentile: (86, 135, 199)
[M::mem_pestat] low and high boundaries for computing mean and std.dev: (1, 425)
[M::mem_pestat] mean and std.dev: (148.80, 78.01)
[M::mem_pestat] low and high boundaries for proper pairs: (1, 538)
[M::mem_pestat] analyzing insert size distribution for orientation RF...
[M::mem_pestat] (25, 50, 75) percentile: (672, 916, 6207)
[M::mem_pestat] low and high boundaries for computing mean and std.dev: (1, 17277)
[M::mem_pestat] mean and std.dev: (2773.45, 3417.21)
[M::mem_pestat] low and high boundaries for proper pairs: (1, 22812)
[M::mem_pestat] skip orientation RR as there are not enough pairs
[M::mem_pestat] skip orientation RF
[M::mem_process_seqs] Processed 85638 reads in 3.917 CPU sec, 3.644 real sec
[M::process] read 85250 sequences (10000208 bp)...
[M::mem_pestat] # candidate unique pairs for (FF, FR, RF, RR): (7, 41180, 9, 6)
[M::mem_pestat] skip orientation FF as there are not enough pairs
[M::mem_pestat] analyzing insert size distribution for orientation FR...
[M::mem_pestat] (25, 50, 75) percentile: (85, 135, 199)
[M::mem_pestat] low and high boundaries for computing mean and std.dev: (1, 427)
[M::mem_pestat] mean and std.dev: (148.66, 78.28)
[M::mem_pestat] low and high boundaries for proper pairs: (1, 541)
[M::mem_pestat] skip orientation RF as there are not enough pairs
[M::mem_pestat] skip orientation RR as there are not enough pairs
[M::mem_process_seqs] Processed 85732 reads in 4.222 CPU sec, 4.263 real sec
[M::process] read 81650 sequences (9720280 bp)...
[M::mem_pestat] # candidate unique pairs for (FF, FR, RF, RR): (7, 41081, 3, 4)
[M::mem_pestat] skip orientation FF as there are not enough pairs
[M::mem_pestat] analyzing insert size distribution for orientation FR...
[M::mem_pestat] (25, 50, 75) percentile: (86, 135, 199)
[M::mem_pestat] low and high boundaries for computing mean and std.dev: (1, 425)
[M::mem_pestat] mean and std.dev: (149.08, 77.59)
[M::mem_pestat] low and high boundaries for proper pairs: (1, 538)
[M::mem_pestat] skip orientation RF as there are not enough pairs
[M::mem_pestat] skip orientation RR as there are not enough pairs
[M::mem_process_seqs] Processed 85250 reads in 4.405 CPU sec, 4.261 real sec
[M::mem_pestat] # candidate unique pairs for (FF, FR, RF, RR): (6, 39466, 7, 8)
[M::mem_pestat] skip orientation FF as there are not enough pairs
[M::mem_pestat] analyzing insert size distribution for orientation FR...
[M::mem_pestat] (25, 50, 75) percentile: (89, 138, 202)
[M::mem_pestat] low and high boundaries for computing mean and std.dev: (1, 428)
[M::mem_pestat] mean and std.dev: (151.63, 77.68)
[M::mem_pestat] low and high boundaries for proper pairs: (1, 541)
[M::mem_pestat] skip orientation RF as there are not enough pairs
[M::mem_pestat] skip orientation RR as there are not enough pairs
[M::mem_process_seqs] Processed 81650 reads in 3.572 CPU sec, 4.264 real sec
[main] Version: 0.7.17-r1188
[main] CMD: bwa mem -R @RG\tID:SRR12638348\tSM:SRR12638348\tLB:lib1\tPL:ILLUMINA -t 1 assembly/GCF_009858895.2_ASM985889v3_genomic.fna fastqs/SRR12638348_1.fastq.gz fastqs/SRR12638348_2.fastq.gz
[main] Real time: 34.288 sec; CPU: 34.868 sec
