[M::bwa_idx_load_from_disk] read 0 ALT contigs
[M::process] read 282574 sequences (34428869 bp)...
[M::mem_pestat] # candidate unique pairs for (FF, FR, RF, RR): (43, 136846, 24, 45)
[M::mem_pestat] analyzing insert size distribution for orientation FF...
[M::mem_pestat] (25, 50, 75) percentile: (139, 222, 3351)
[M::mem_pestat] low and high boundaries for computing mean and std.dev: (1, 9775)
[M::mem_pestat] mean and std.dev: (1841.72, 2739.97)
[M::mem_pestat] low and high boundaries for proper pairs: (1, 12987)
[M::mem_pestat] analyzing insert size distribution for orientation FR...
[M::mem_pestat] (25, 50, 75) percentile: (95, 146, 213)
[M::mem_pestat] low and high boundaries for computing mean and std.dev: (1, 449)
[M::mem_pestat] mean and std.dev: (159.77, 82.65)
[M::mem_pestat] low and high boundaries for proper pairs: (1, 567)
[M::mem_pestat] analyzing insert size distribution for orientation RF...
[M::mem_pestat] (25, 50, 75) percentile: (1322, 2931, 8033)
[M::mem_pestat] low and high boundaries for computing mean and std.dev: (1, 21455)
[M::mem_pestat] mean and std.dev: (4113.42, 3387.27)
[M::mem_pestat] low and high boundaries for proper pairs: (1, 28166)
[M::mem_pestat] analyzing insert size distribution for orientation RR...
[M::mem_pestat] (25, 50, 75) percentile: (187, 306, 4138)
[M::mem_pestat] low and high boundaries for computing mean and std.dev: (1, 12040)
[M::mem_pestat] mean and std.dev: (2091.13, 2677.31)
[M::mem_pestat] low and high boundaries for proper pairs: (1, 15991)
[M::mem_pestat] skip orientation FF
[M::mem_pestat] skip orientation RF
[M::mem_pestat] skip orientation RR
[M::mem_process_seqs] Processed 282574 reads in 14.762 CPU sec, 0.484 real sec
[main] Version: 0.7.17-r1188
[main] CMD: bwa mem -R @RG\tID:SRR13644095\tSM:SRR13644095\tLB:lib1\tPL:ILLUMINA -t 40 assembly/GCF_009858895.2_ASM985889v3_genomic.fna fastqs/SRR13644095_1.fastq.gz fastqs/SRR13644095_2.fastq.gz
[main] Real time: 2.884 sec; CPU: 15.663 sec
