[M::bwa_idx_load_from_disk] read 0 ALT contigs
[M::process] read 957452 sequences (108800557 bp)...
[M::mem_pestat] # candidate unique pairs for (FF, FR, RF, RR): (49, 462212, 87, 62)
[M::mem_pestat] analyzing insert size distribution for orientation FF...
[M::mem_pestat] (25, 50, 75) percentile: (140, 466, 1856)
[M::mem_pestat] low and high boundaries for computing mean and std.dev: (1, 5288)
[M::mem_pestat] mean and std.dev: (675.14, 810.98)
[M::mem_pestat] low and high boundaries for proper pairs: (1, 7004)
[M::mem_pestat] analyzing insert size distribution for orientation FR...
[M::mem_pestat] (25, 50, 75) percentile: (81, 123, 178)
[M::mem_pestat] low and high boundaries for computing mean and std.dev: (1, 372)
[M::mem_pestat] mean and std.dev: (135.87, 70.45)
[M::mem_pestat] low and high boundaries for proper pairs: (1, 469)
[M::mem_pestat] analyzing insert size distribution for orientation RF...
[M::mem_pestat] (25, 50, 75) percentile: (357, 830, 1575)
[M::mem_pestat] low and high boundaries for computing mean and std.dev: (1, 4011)
[M::mem_pestat] mean and std.dev: (888.71, 862.22)
[M::mem_pestat] low and high boundaries for proper pairs: (1, 5229)
[M::mem_pestat] analyzing insert size distribution for orientation RR...
[M::mem_pestat] (25, 50, 75) percentile: (112, 424, 3416)
[M::mem_pestat] low and high boundaries for computing mean and std.dev: (1, 10024)
[M::mem_pestat] mean and std.dev: (2170.85, 2944.21)
[M::mem_pestat] low and high boundaries for proper pairs: (1, 13948)
[M::mem_pestat] skip orientation FF
[M::mem_pestat] skip orientation RF
[M::mem_pestat] skip orientation RR
[M::mem_process_seqs] Processed 957452 reads in 194.281 CPU sec, 5.279 real sec
[main] Version: 0.7.17-r1188
[main] CMD: bwa mem -R @RG\tID:SRR12983963\tSM:SRR12983963\tLB:lib1\tPL:ILLUMINA -t 40 assembly/GCF_009858895.2_ASM985889v3_genomic.fna fastqs/SRR12983963_1.fastq.gz fastqs/SRR12983963_2.fastq.gz
[main] Real time: 12.822 sec; CPU: 197.262 sec
