[M::bwa_idx_load_from_disk] read 0 ALT contigs
[M::process] read 341996 sequences (41657946 bp)...
[M::mem_pestat] # candidate unique pairs for (FF, FR, RF, RR): (38, 166636, 41, 36)
[M::mem_pestat] analyzing insert size distribution for orientation FF...
[M::mem_pestat] (25, 50, 75) percentile: (145, 345, 2382)
[M::mem_pestat] low and high boundaries for computing mean and std.dev: (1, 6856)
[M::mem_pestat] mean and std.dev: (1353.86, 1928.96)
[M::mem_pestat] low and high boundaries for proper pairs: (1, 9093)
[M::mem_pestat] analyzing insert size distribution for orientation FR...
[M::mem_pestat] (25, 50, 75) percentile: (95, 147, 216)
[M::mem_pestat] low and high boundaries for computing mean and std.dev: (1, 458)
[M::mem_pestat] mean and std.dev: (160.84, 83.69)
[M::mem_pestat] low and high boundaries for proper pairs: (1, 579)
[M::mem_pestat] analyzing insert size distribution for orientation RF...
[M::mem_pestat] (25, 50, 75) percentile: (434, 2165, 5173)
[M::mem_pestat] low and high boundaries for computing mean and std.dev: (1, 14651)
[M::mem_pestat] mean and std.dev: (2984.61, 2666.56)
[M::mem_pestat] low and high boundaries for proper pairs: (1, 19390)
[M::mem_pestat] analyzing insert size distribution for orientation RR...
[M::mem_pestat] (25, 50, 75) percentile: (197, 262, 1318)
[M::mem_pestat] low and high boundaries for computing mean and std.dev: (1, 3560)
[M::mem_pestat] mean and std.dev: (657.78, 886.58)
[M::mem_pestat] low and high boundaries for proper pairs: (1, 4681)
[M::mem_pestat] skip orientation FF
[M::mem_pestat] skip orientation RF
[M::mem_pestat] skip orientation RR
[M::mem_process_seqs] Processed 341996 reads in 17.826 CPU sec, 0.606 real sec
[main] Version: 0.7.17-r1188
[main] CMD: bwa mem -R @RG\tID:SRR13644091\tSM:SRR13644091\tLB:lib1\tPL:ILLUMINA -t 40 assembly/GCF_009858895.2_ASM985889v3_genomic.fna fastqs/SRR13644091_1.fastq.gz fastqs/SRR13644091_2.fastq.gz
[main] Real time: 3.357 sec; CPU: 19.111 sec
