[M::bwa_idx_load_from_disk] read 0 ALT contigs
[M::process] read 85022 sequences (10000078 bp)...
[M::process] read 84590 sequences (10000125 bp)...
[M::mem_pestat] # candidate unique pairs for (FF, FR, RF, RR): (2, 40832, 1, 3)
[M::mem_pestat] skip orientation FF as there are not enough pairs
[M::mem_pestat] analyzing insert size distribution for orientation FR...
[M::mem_pestat] (25, 50, 75) percentile: (87, 134, 192)
[M::mem_pestat] low and high boundaries for computing mean and std.dev: (1, 402)
[M::mem_pestat] mean and std.dev: (145.96, 74.14)
[M::mem_pestat] low and high boundaries for proper pairs: (1, 507)
[M::mem_pestat] skip orientation RF as there are not enough pairs
[M::mem_pestat] skip orientation RR as there are not enough pairs
[M::mem_process_seqs] Processed 85022 reads in 3.458 CPU sec, 3.264 real sec
[M::process] read 84386 sequences (10000191 bp)...
[M::mem_pestat] # candidate unique pairs for (FF, FR, RF, RR): (2, 40598, 3, 2)
[M::mem_pestat] skip orientation FF as there are not enough pairs
[M::mem_pestat] analyzing insert size distribution for orientation FR...
[M::mem_pestat] (25, 50, 75) percentile: (88, 135, 196)
[M::mem_pestat] low and high boundaries for computing mean and std.dev: (1, 412)
[M::mem_pestat] mean and std.dev: (148.11, 75.56)
[M::mem_pestat] low and high boundaries for proper pairs: (1, 520)
[M::mem_pestat] skip orientation RF as there are not enough pairs
[M::mem_pestat] skip orientation RR as there are not enough pairs
[M::mem_process_seqs] Processed 84590 reads in 3.464 CPU sec, 3.131 real sec
[M::process] read 29370 sequences (3479301 bp)...
[M::mem_pestat] # candidate unique pairs for (FF, FR, RF, RR): (6, 40576, 1, 6)
[M::mem_pestat] skip orientation FF as there are not enough pairs
[M::mem_pestat] analyzing insert size distribution for orientation FR...
[M::mem_pestat] (25, 50, 75) percentile: (88, 136, 196)
[M::mem_pestat] low and high boundaries for computing mean and std.dev: (1, 412)
[M::mem_pestat] mean and std.dev: (148.49, 75.53)
[M::mem_pestat] low and high boundaries for proper pairs: (1, 520)
[M::mem_pestat] skip orientation RF as there are not enough pairs
[M::mem_pestat] skip orientation RR as there are not enough pairs
[M::mem_process_seqs] Processed 84386 reads in 3.416 CPU sec, 3.232 real sec
[M::mem_pestat] # candidate unique pairs for (FF, FR, RF, RR): (1, 14105, 1, 1)
[M::mem_pestat] skip orientation FF as there are not enough pairs
[M::mem_pestat] analyzing insert size distribution for orientation FR...
[M::mem_pestat] (25, 50, 75) percentile: (89, 135, 193)
[M::mem_pestat] low and high boundaries for computing mean and std.dev: (1, 401)
[M::mem_pestat] mean and std.dev: (147.46, 74.53)
[M::mem_pestat] low and high boundaries for proper pairs: (1, 505)
[M::mem_pestat] skip orientation RF as there are not enough pairs
[M::mem_pestat] skip orientation RR as there are not enough pairs
[M::mem_process_seqs] Processed 29370 reads in 1.268 CPU sec, 1.158 real sec
[main] Version: 0.7.17-r1188
[main] CMD: bwa mem -R @RG\tID:SRR12638334\tSM:SRR12638334\tLB:lib1\tPL:ILLUMINA -t 1 assembly/GCF_009858895.2_ASM985889v3_genomic.fna fastqs/SRR12638334_1.fastq.gz fastqs/SRR12638334_2.fastq.gz
[main] Real time: 11.275 sec; CPU: 11.892 sec
