[M::bwa_idx_load_from_disk] read 0 ALT contigs
[M::process] read 299226 sequences (37391499 bp)...
[M::mem_pestat] # candidate unique pairs for (FF, FR, RF, RR): (45, 147155, 31, 51)
[M::mem_pestat] analyzing insert size distribution for orientation FF...
[M::mem_pestat] (25, 50, 75) percentile: (189, 375, 2694)
[M::mem_pestat] low and high boundaries for computing mean and std.dev: (1, 7704)
[M::mem_pestat] mean and std.dev: (1204.17, 1989.43)
[M::mem_pestat] low and high boundaries for proper pairs: (1, 10209)
[M::mem_pestat] analyzing insert size distribution for orientation FR...
[M::mem_pestat] (25, 50, 75) percentile: (102, 159, 237)
[M::mem_pestat] low and high boundaries for computing mean and std.dev: (1, 507)
[M::mem_pestat] mean and std.dev: (174.57, 94.84)
[M::mem_pestat] low and high boundaries for proper pairs: (1, 642)
[M::mem_pestat] analyzing insert size distribution for orientation RF...
[M::mem_pestat] (25, 50, 75) percentile: (1547, 3435, 5872)
[M::mem_pestat] low and high boundaries for computing mean and std.dev: (1, 14522)
[M::mem_pestat] mean and std.dev: (3787.52, 2948.25)
[M::mem_pestat] low and high boundaries for proper pairs: (1, 18847)
[M::mem_pestat] analyzing insert size distribution for orientation RR...
[M::mem_pestat] (25, 50, 75) percentile: (167, 409, 2102)
[M::mem_pestat] low and high boundaries for computing mean and std.dev: (1, 5972)
[M::mem_pestat] mean and std.dev: (771.95, 1045.62)
[M::mem_pestat] low and high boundaries for proper pairs: (1, 7907)
[M::mem_pestat] skip orientation FF
[M::mem_pestat] skip orientation RF
[M::mem_pestat] skip orientation RR
[M::mem_process_seqs] Processed 299226 reads in 15.734 CPU sec, 0.520 real sec
[main] Version: 0.7.17-r1188
[main] CMD: bwa mem -R @RG\tID:SRR13644089\tSM:SRR13644089\tLB:lib1\tPL:ILLUMINA -t 40 assembly/GCF_009858895.2_ASM985889v3_genomic.fna fastqs/SRR13644089_1.fastq.gz fastqs/SRR13644089_2.fastq.gz
[main] Real time: 2.999 sec; CPU: 16.680 sec
