[M::bwa_idx_load_from_disk] read 0 ALT contigs
[M::process] read 416302 sequences (50508552 bp)...
[M::mem_pestat] # candidate unique pairs for (FF, FR, RF, RR): (36, 202374, 38, 40)
[M::mem_pestat] analyzing insert size distribution for orientation FF...
[M::mem_pestat] (25, 50, 75) percentile: (213, 313, 1457)
[M::mem_pestat] low and high boundaries for computing mean and std.dev: (1, 3945)
[M::mem_pestat] mean and std.dev: (458.47, 617.68)
[M::mem_pestat] low and high boundaries for proper pairs: (1, 5189)
[M::mem_pestat] analyzing insert size distribution for orientation FR...
[M::mem_pestat] (25, 50, 75) percentile: (94, 146, 214)
[M::mem_pestat] low and high boundaries for computing mean and std.dev: (1, 454)
[M::mem_pestat] mean and std.dev: (159.64, 84.27)
[M::mem_pestat] low and high boundaries for proper pairs: (1, 574)
[M::mem_pestat] analyzing insert size distribution for orientation RF...
[M::mem_pestat] (25, 50, 75) percentile: (923, 2728, 7347)
[M::mem_pestat] low and high boundaries for computing mean and std.dev: (1, 20195)
[M::mem_pestat] mean and std.dev: (3839.45, 3413.03)
[M::mem_pestat] low and high boundaries for proper pairs: (1, 26619)
[M::mem_pestat] analyzing insert size distribution for orientation RR...
[M::mem_pestat] (25, 50, 75) percentile: (167, 306, 2475)
[M::mem_pestat] low and high boundaries for computing mean and std.dev: (1, 7091)
[M::mem_pestat] mean and std.dev: (1079.39, 1571.66)
[M::mem_pestat] low and high boundaries for proper pairs: (1, 9399)
[M::mem_pestat] skip orientation FF
[M::mem_pestat] skip orientation RF
[M::mem_pestat] skip orientation RR
[M::mem_process_seqs] Processed 416302 reads in 22.686 CPU sec, 1.111 real sec
[main] Version: 0.7.17-r1188
[main] CMD: bwa mem -R @RG\tID:SRR13644080\tSM:SRR13644080\tLB:lib1\tPL:ILLUMINA -t 40 assembly/GCF_009858895.2_ASM985889v3_genomic.fna fastqs/SRR13644080_1.fastq.gz fastqs/SRR13644080_2.fastq.gz
[main] Real time: 4.472 sec; CPU: 23.958 sec
