[M::bwa_idx_load_from_disk] read 0 ALT contigs
[M::process] read 282360 sequences (34526247 bp)...
[M::mem_pestat] # candidate unique pairs for (FF, FR, RF, RR): (24, 121782, 30, 18)
[M::mem_pestat] analyzing insert size distribution for orientation FF...
[M::mem_pestat] (25, 50, 75) percentile: (113, 196, 5226)
[M::mem_pestat] low and high boundaries for computing mean and std.dev: (1, 15452)
[M::mem_pestat] mean and std.dev: (1965.04, 2791.18)
[M::mem_pestat] low and high boundaries for proper pairs: (1, 20565)
[M::mem_pestat] analyzing insert size distribution for orientation FR...
[M::mem_pestat] (25, 50, 75) percentile: (95, 148, 216)
[M::mem_pestat] low and high boundaries for computing mean and std.dev: (1, 458)
[M::mem_pestat] mean and std.dev: (160.98, 81.84)
[M::mem_pestat] low and high boundaries for proper pairs: (1, 579)
[M::mem_pestat] analyzing insert size distribution for orientation RF...
[M::mem_pestat] (25, 50, 75) percentile: (878, 1215, 3690)
[M::mem_pestat] low and high boundaries for computing mean and std.dev: (1, 9314)
[M::mem_pestat] mean and std.dev: (2223.93, 2053.33)
[M::mem_pestat] low and high boundaries for proper pairs: (1, 12126)
[M::mem_pestat] analyzing insert size distribution for orientation RR...
[M::mem_pestat] (25, 50, 75) percentile: (172, 317, 2968)
[M::mem_pestat] low and high boundaries for computing mean and std.dev: (1, 8560)
[M::mem_pestat] mean and std.dev: (1507.53, 1962.08)
[M::mem_pestat] low and high boundaries for proper pairs: (1, 11356)
[M::mem_pestat] skip orientation FF
[M::mem_pestat] skip orientation RF
[M::mem_pestat] skip orientation RR
[M::mem_process_seqs] Processed 282360 reads in 13.522 CPU sec, 0.453 real sec
[main] Version: 0.7.17-r1188
[main] CMD: bwa mem -R @RG\tID:SRR13644083\tSM:SRR13644083\tLB:lib1\tPL:ILLUMINA -t 40 assembly/GCF_009858895.2_ASM985889v3_genomic.fna fastqs/SRR13644083_1.fastq.gz fastqs/SRR13644083_2.fastq.gz
[main] Real time: 2.535 sec; CPU: 14.325 sec
