[M::bwa_idx_load_from_disk] read 0 ALT contigs
[M::process] read 82008 sequences (10000080 bp)...
[M::process] read 82170 sequences (10000027 bp)...
[M::mem_pestat] # candidate unique pairs for (FF, FR, RF, RR): (11, 40092, 9, 13)
[M::mem_pestat] analyzing insert size distribution for orientation FF...
[M::mem_pestat] (25, 50, 75) percentile: (155, 196, 458)
[M::mem_pestat] low and high boundaries for computing mean and std.dev: (1, 1064)
[M::mem_pestat] mean and std.dev: (193.78, 108.14)
[M::mem_pestat] low and high boundaries for proper pairs: (1, 1367)
[M::mem_pestat] analyzing insert size distribution for orientation FR...
[M::mem_pestat] (25, 50, 75) percentile: (95, 145, 212)
[M::mem_pestat] low and high boundaries for computing mean and std.dev: (1, 446)
[M::mem_pestat] mean and std.dev: (158.81, 81.84)
[M::mem_pestat] low and high boundaries for proper pairs: (1, 563)
[M::mem_pestat] skip orientation RF as there are not enough pairs
[M::mem_pestat] analyzing insert size distribution for orientation RR...
[M::mem_pestat] (25, 50, 75) percentile: (138, 228, 649)
[M::mem_pestat] low and high boundaries for computing mean and std.dev: (1, 1671)
[M::mem_pestat] mean and std.dev: (240.45, 168.63)
[M::mem_pestat] low and high boundaries for proper pairs: (1, 2182)
[M::mem_pestat] skip orientation FF
[M::mem_pestat] skip orientation RR
[M::mem_process_seqs] Processed 82008 reads in 3.817 CPU sec, 3.856 real sec
[M::process] read 81688 sequences (10000068 bp)...
[M::mem_pestat] # candidate unique pairs for (FF, FR, RF, RR): (12, 40170, 9, 13)
[M::mem_pestat] analyzing insert size distribution for orientation FF...
[M::mem_pestat] (25, 50, 75) percentile: (192, 315, 638)
[M::mem_pestat] low and high boundaries for computing mean and std.dev: (1, 1530)
[M::mem_pestat] mean and std.dev: (301.70, 174.21)
[M::mem_pestat] low and high boundaries for proper pairs: (1, 1976)
[M::mem_pestat] analyzing insert size distribution for orientation FR...
[M::mem_pestat] (25, 50, 75) percentile: (95, 145, 212)
[M::mem_pestat] low and high boundaries for computing mean and std.dev: (1, 446)
[M::mem_pestat] mean and std.dev: (158.97, 82.43)
[M::mem_pestat] low and high boundaries for proper pairs: (1, 563)
[M::mem_pestat] skip orientation RF as there are not enough pairs
[M::mem_pestat] analyzing insert size distribution for orientation RR...
[M::mem_pestat] (25, 50, 75) percentile: (233, 372, 3845)
[M::mem_pestat] low and high boundaries for computing mean and std.dev: (1, 11069)
[M::mem_pestat] mean and std.dev: (2062.31, 2978.79)
[M::mem_pestat] low and high boundaries for proper pairs: (1, 14681)
[M::mem_pestat] skip orientation FF
[M::mem_pestat] skip orientation RR
[M::mem_process_seqs] Processed 82170 reads in 3.845 CPU sec, 3.699 real sec
[M::process] read 45716 sequences (5587387 bp)...
[M::mem_pestat] # candidate unique pairs for (FF, FR, RF, RR): (13, 39987, 9, 13)
[M::mem_pestat] analyzing insert size distribution for orientation FF...
[M::mem_pestat] (25, 50, 75) percentile: (189, 2110, 8088)
[M::mem_pestat] low and high boundaries for computing mean and std.dev: (1, 23886)
[M::mem_pestat] mean and std.dev: (3219.46, 3448.07)
[M::mem_pestat] low and high boundaries for proper pairs: (1, 31785)
[M::mem_pestat] analyzing insert size distribution for orientation FR...
[M::mem_pestat] (25, 50, 75) percentile: (96, 147, 213)
[M::mem_pestat] low and high boundaries for computing mean and std.dev: (1, 447)
[M::mem_pestat] mean and std.dev: (160.32, 82.53)
[M::mem_pestat] low and high boundaries for proper pairs: (1, 564)
[M::mem_pestat] skip orientation RF as there are not enough pairs
[M::mem_pestat] analyzing insert size distribution for orientation RR...
[M::mem_pestat] (25, 50, 75) percentile: (127, 190, 428)
[M::mem_pestat] low and high boundaries for computing mean and std.dev: (1, 1030)
[M::mem_pestat] mean and std.dev: (195.64, 106.51)
[M::mem_pestat] low and high boundaries for proper pairs: (1, 1331)
[M::mem_pestat] skip orientation FF
[M::mem_pestat] skip orientation RR
[M::mem_process_seqs] Processed 81688 reads in 3.972 CPU sec, 3.722 real sec
[M::mem_pestat] # candidate unique pairs for (FF, FR, RF, RR): (12, 22340, 4, 7)
[M::mem_pestat] analyzing insert size distribution for orientation FF...
[M::mem_pestat] (25, 50, 75) percentile: (176, 208, 1637)
[M::mem_pestat] low and high boundaries for computing mean and std.dev: (1, 4559)
[M::mem_pestat] mean and std.dev: (616.64, 994.59)
[M::mem_pestat] low and high boundaries for proper pairs: (1, 6020)
[M::mem_pestat] analyzing insert size distribution for orientation FR...
[M::mem_pestat] (25, 50, 75) percentile: (96, 146, 212)
[M::mem_pestat] low and high boundaries for computing mean and std.dev: (1, 444)
[M::mem_pestat] mean and std.dev: (159.63, 82.32)
[M::mem_pestat] low and high boundaries for proper pairs: (1, 560)
[M::mem_pestat] skip orientation RF as there are not enough pairs
[M::mem_pestat] skip orientation RR as there are not enough pairs
[M::mem_pestat] skip orientation FF
[M::mem_process_seqs] Processed 45716 reads in 2.181 CPU sec, 2.317 real sec
[main] Version: 0.7.17-r1188
[main] CMD: bwa mem -R @RG\tID:SRR13644098\tSM:SRR13644098\tLB:lib1\tPL:ILLUMINA -t 1 assembly/GCF_009858895.2_ASM985889v3_genomic.fna fastqs/SRR13644098_1.fastq.gz fastqs/SRR13644098_2.fastq.gz
[main] Real time: 14.289 sec; CPU: 14.149 sec
