[M::bwa_idx_load_from_disk] read 0 ALT contigs
[M::process] read 89512 sequences (10000182 bp)...
[M::process] read 89594 sequences (10000237 bp)...
[M::mem_pestat] # candidate unique pairs for (FF, FR, RF, RR): (3, 42940, 10, 2)
[M::mem_pestat] skip orientation FF as there are not enough pairs
[M::mem_pestat] analyzing insert size distribution for orientation FR...
[M::mem_pestat] (25, 50, 75) percentile: (78, 119, 177)
[M::mem_pestat] low and high boundaries for computing mean and std.dev: (1, 375)
[M::mem_pestat] mean and std.dev: (133.60, 71.56)
[M::mem_pestat] low and high boundaries for proper pairs: (1, 474)
[M::mem_pestat] analyzing insert size distribution for orientation RF...
[M::mem_pestat] (25, 50, 75) percentile: (291, 495, 1110)
[M::mem_pestat] low and high boundaries for computing mean and std.dev: (1, 2748)
[M::mem_pestat] mean and std.dev: (646.78, 505.29)
[M::mem_pestat] low and high boundaries for proper pairs: (1, 3567)
[M::mem_pestat] skip orientation RR as there are not enough pairs
[M::mem_pestat] skip orientation RF
[M::mem_process_seqs] Processed 89512 reads in 18.045 CPU sec, 18.143 real sec
[M::process] read 89126 sequences (10000095 bp)...
[M::mem_pestat] # candidate unique pairs for (FF, FR, RF, RR): (7, 42992, 4, 7)
[M::mem_pestat] skip orientation FF as there are not enough pairs
[M::mem_pestat] analyzing insert size distribution for orientation FR...
[M::mem_pestat] (25, 50, 75) percentile: (78, 119, 177)
[M::mem_pestat] low and high boundaries for computing mean and std.dev: (1, 375)
[M::mem_pestat] mean and std.dev: (133.39, 71.62)
[M::mem_pestat] low and high boundaries for proper pairs: (1, 474)
[M::mem_pestat] skip orientation RF as there are not enough pairs
[M::mem_pestat] skip orientation RR as there are not enough pairs
[M::mem_process_seqs] Processed 89594 reads in 16.843 CPU sec, 16.884 real sec
[M::process] read 88626 sequences (10000223 bp)...
[M::mem_pestat] # candidate unique pairs for (FF, FR, RF, RR): (9, 42855, 7, 8)
[M::mem_pestat] skip orientation FF as there are not enough pairs
[M::mem_pestat] analyzing insert size distribution for orientation FR...
[M::mem_pestat] (25, 50, 75) percentile: (79, 119, 176)
[M::mem_pestat] low and high boundaries for computing mean and std.dev: (1, 370)
[M::mem_pestat] mean and std.dev: (133.37, 70.73)
[M::mem_pestat] low and high boundaries for proper pairs: (1, 467)
[M::mem_pestat] skip orientation RF as there are not enough pairs
[M::mem_pestat] skip orientation RR as there are not enough pairs
[M::mem_process_seqs] Processed 89126 reads in 14.614 CPU sec, 14.286 real sec
[M::process] read 88220 sequences (10000108 bp)...
[M::mem_pestat] # candidate unique pairs for (FF, FR, RF, RR): (8, 42585, 9, 6)
[M::mem_pestat] skip orientation FF as there are not enough pairs
[M::mem_pestat] analyzing insert size distribution for orientation FR...
[M::mem_pestat] (25, 50, 75) percentile: (80, 121, 177)
[M::mem_pestat] low and high boundaries for computing mean and std.dev: (1, 371)
[M::mem_pestat] mean and std.dev: (134.10, 70.61)
[M::mem_pestat] low and high boundaries for proper pairs: (1, 468)
[M::mem_pestat] skip orientation RF as there are not enough pairs
[M::mem_pestat] skip orientation RR as there are not enough pairs
[M::mem_process_seqs] Processed 88626 reads in 17.477 CPU sec, 17.501 real sec
[M::process] read 88576 sequences (10000015 bp)...
[M::mem_pestat] # candidate unique pairs for (FF, FR, RF, RR): (5, 42605, 9, 8)
[M::mem_pestat] skip orientation FF as there are not enough pairs
[M::mem_pestat] analyzing insert size distribution for orientation FR...
[M::mem_pestat] (25, 50, 75) percentile: (80, 121, 178)
[M::mem_pestat] low and high boundaries for computing mean and std.dev: (1, 374)
[M::mem_pestat] mean and std.dev: (135.00, 70.96)
[M::mem_pestat] low and high boundaries for proper pairs: (1, 472)
[M::mem_pestat] skip orientation RF as there are not enough pairs
[M::mem_pestat] skip orientation RR as there are not enough pairs
[M::mem_process_seqs] Processed 88220 reads in 14.245 CPU sec, 13.977 real sec
[M::process] read 88478 sequences (10000007 bp)...
[M::mem_pestat] # candidate unique pairs for (FF, FR, RF, RR): (5, 42636, 11, 9)
[M::mem_pestat] skip orientation FF as there are not enough pairs
[M::mem_pestat] analyzing insert size distribution for orientation FR...
[M::mem_pestat] (25, 50, 75) percentile: (80, 121, 179)
[M::mem_pestat] low and high boundaries for computing mean and std.dev: (1, 377)
[M::mem_pestat] mean and std.dev: (135.03, 71.61)
[M::mem_pestat] low and high boundaries for proper pairs: (1, 476)
[M::mem_pestat] analyzing insert size distribution for orientation RF...
[M::mem_pestat] (25, 50, 75) percentile: (413, 765, 2657)
[M::mem_pestat] low and high boundaries for computing mean and std.dev: (1, 7145)
[M::mem_pestat] mean and std.dev: (1232.00, 1034.65)
[M::mem_pestat] low and high boundaries for proper pairs: (1, 9389)
[M::mem_pestat] skip orientation RR as there are not enough pairs
[M::mem_pestat] skip orientation RF
[M::mem_process_seqs] Processed 88576 reads in 13.575 CPU sec, 13.323 real sec
[M::process] read 87896 sequences (10000021 bp)...
[M::mem_pestat] # candidate unique pairs for (FF, FR, RF, RR): (5, 42641, 2, 3)
[M::mem_pestat] skip orientation FF as there are not enough pairs
[M::mem_pestat] analyzing insert size distribution for orientation FR...
[M::mem_pestat] (25, 50, 75) percentile: (80, 121, 179)
[M::mem_pestat] low and high boundaries for computing mean and std.dev: (1, 377)
[M::mem_pestat] mean and std.dev: (135.22, 71.41)
[M::mem_pestat] low and high boundaries for proper pairs: (1, 476)
[M::mem_pestat] skip orientation RF as there are not enough pairs
[M::mem_pestat] skip orientation RR as there are not enough pairs
[M::mem_process_seqs] Processed 88478 reads in 12.394 CPU sec, 12.118 real sec
[M::process] read 86754 sequences (10000010 bp)...
[M::mem_pestat] # candidate unique pairs for (FF, FR, RF, RR): (5, 42365, 9, 4)
[M::mem_pestat] skip orientation FF as there are not enough pairs
[M::mem_pestat] analyzing insert size distribution for orientation FR...
[M::mem_pestat] (25, 50, 75) percentile: (81, 122, 179)
[M::mem_pestat] low and high boundaries for computing mean and std.dev: (1, 375)
[M::mem_pestat] mean and std.dev: (135.87, 71.31)
[M::mem_pestat] low and high boundaries for proper pairs: (1, 473)
[M::mem_pestat] skip orientation RF as there are not enough pairs
[M::mem_pestat] skip orientation RR as there are not enough pairs
[M::mem_process_seqs] Processed 87896 reads in 13.855 CPU sec, 13.520 real sec
[M::process] read 12068 sequences (1409755 bp)...
[M::mem_pestat] # candidate unique pairs for (FF, FR, RF, RR): (5, 41884, 11, 9)
[M::mem_pestat] skip orientation FF as there are not enough pairs
[M::mem_pestat] analyzing insert size distribution for orientation FR...
[M::mem_pestat] (25, 50, 75) percentile: (83, 125, 182)
[M::mem_pestat] low and high boundaries for computing mean and std.dev: (1, 380)
[M::mem_pestat] mean and std.dev: (138.37, 71.81)
[M::mem_pestat] low and high boundaries for proper pairs: (1, 479)
[M::mem_pestat] analyzing insert size distribution for orientation RF...
[M::mem_pestat] (25, 50, 75) percentile: (269, 639, 919)
[M::mem_pestat] low and high boundaries for computing mean and std.dev: (1, 2219)
[M::mem_pestat] mean and std.dev: (555.00, 460.46)
[M::mem_pestat] low and high boundaries for proper pairs: (1, 2869)
[M::mem_pestat] skip orientation RR as there are not enough pairs
[M::mem_pestat] skip orientation RF
[M::mem_process_seqs] Processed 86754 reads in 14.665 CPU sec, 14.493 real sec
[M::mem_pestat] # candidate unique pairs for (FF, FR, RF, RR): (0, 5839, 1, 2)
[M::mem_pestat] skip orientation FF as there are not enough pairs
[M::mem_pestat] analyzing insert size distribution for orientation FR...
[M::mem_pestat] (25, 50, 75) percentile: (85, 127, 184)
[M::mem_pestat] low and high boundaries for computing mean and std.dev: (1, 382)
[M::mem_pestat] mean and std.dev: (140.11, 71.36)
[M::mem_pestat] low and high boundaries for proper pairs: (1, 481)
[M::mem_pestat] skip orientation RF as there are not enough pairs
[M::mem_pestat] skip orientation RR as there are not enough pairs
[M::mem_process_seqs] Processed 12068 reads in 1.956 CPU sec, 1.876 real sec
[main] Version: 0.7.17-r1188
[main] CMD: bwa mem -R @RG\tID:SRR12983958\tSM:SRR12983958\tLB:lib1\tPL:ILLUMINA -t 1 assembly/GCF_009858895.2_ASM985889v3_genomic.fna fastqs/SRR12983958_1.fastq.gz fastqs/SRR12983958_2.fastq.gz
[main] Real time: 136.498 sec; CPU: 137.934 sec
