[M::bwa_idx_load_from_disk] read 0 ALT contigs
[M::process] read 280298 sequences (34223160 bp)...
[M::mem_pestat] # candidate unique pairs for (FF, FR, RF, RR): (30, 126269, 38, 25)
[M::mem_pestat] analyzing insert size distribution for orientation FF...
[M::mem_pestat] (25, 50, 75) percentile: (194, 716, 3377)
[M::mem_pestat] low and high boundaries for computing mean and std.dev: (1, 9743)
[M::mem_pestat] mean and std.dev: (1806.72, 2250.34)
[M::mem_pestat] low and high boundaries for proper pairs: (1, 12926)
[M::mem_pestat] analyzing insert size distribution for orientation FR...
[M::mem_pestat] (25, 50, 75) percentile: (95, 146, 213)
[M::mem_pestat] low and high boundaries for computing mean and std.dev: (1, 449)
[M::mem_pestat] mean and std.dev: (159.52, 81.16)
[M::mem_pestat] low and high boundaries for proper pairs: (1, 567)
[M::mem_pestat] analyzing insert size distribution for orientation RF...
[M::mem_pestat] (25, 50, 75) percentile: (317, 1390, 2832)
[M::mem_pestat] low and high boundaries for computing mean and std.dev: (1, 7862)
[M::mem_pestat] mean and std.dev: (1575.40, 1610.89)
[M::mem_pestat] low and high boundaries for proper pairs: (1, 10377)
[M::mem_pestat] analyzing insert size distribution for orientation RR...
[M::mem_pestat] (25, 50, 75) percentile: (222, 620, 957)
[M::mem_pestat] low and high boundaries for computing mean and std.dev: (1, 2427)
[M::mem_pestat] mean and std.dev: (448.40, 276.60)
[M::mem_pestat] low and high boundaries for proper pairs: (1, 3162)
[M::mem_pestat] skip orientation FF
[M::mem_pestat] skip orientation RF
[M::mem_pestat] skip orientation RR
[M::mem_process_seqs] Processed 280298 reads in 14.022 CPU sec, 0.467 real sec
[main] Version: 0.7.17-r1188
[main] CMD: bwa mem -R @RG\tID:SRR13644081\tSM:SRR13644081\tLB:lib1\tPL:ILLUMINA -t 40 assembly/GCF_009858895.2_ASM985889v3_genomic.fna fastqs/SRR13644081_1.fastq.gz fastqs/SRR13644081_2.fastq.gz
[main] Real time: 2.700 sec; CPU: 14.978 sec
