[M::bwa_idx_load_from_disk] read 0 ALT contigs
[M::process] read 279190 sequences (34689510 bp)...
[M::mem_pestat] # candidate unique pairs for (FF, FR, RF, RR): (60, 136514, 39, 57)
[M::mem_pestat] analyzing insert size distribution for orientation FF...
[M::mem_pestat] (25, 50, 75) percentile: (246, 445, 4304)
[M::mem_pestat] low and high boundaries for computing mean and std.dev: (1, 12420)
[M::mem_pestat] mean and std.dev: (2282.30, 2869.16)
[M::mem_pestat] low and high boundaries for proper pairs: (1, 16478)
[M::mem_pestat] analyzing insert size distribution for orientation FR...
[M::mem_pestat] (25, 50, 75) percentile: (100, 153, 223)
[M::mem_pestat] low and high boundaries for computing mean and std.dev: (1, 469)
[M::mem_pestat] mean and std.dev: (166.32, 85.30)
[M::mem_pestat] low and high boundaries for proper pairs: (1, 592)
[M::mem_pestat] analyzing insert size distribution for orientation RF...
[M::mem_pestat] (25, 50, 75) percentile: (588, 1450, 4676)
[M::mem_pestat] low and high boundaries for computing mean and std.dev: (1, 12852)
[M::mem_pestat] mean and std.dev: (2773.85, 2849.17)
[M::mem_pestat] low and high boundaries for proper pairs: (1, 16940)
[M::mem_pestat] analyzing insert size distribution for orientation RR...
[M::mem_pestat] (25, 50, 75) percentile: (172, 313, 2048)
[M::mem_pestat] low and high boundaries for computing mean and std.dev: (1, 5800)
[M::mem_pestat] mean and std.dev: (856.20, 1336.62)
[M::mem_pestat] low and high boundaries for proper pairs: (1, 7676)
[M::mem_pestat] skip orientation FF
[M::mem_pestat] skip orientation RF
[M::mem_pestat] skip orientation RR
[M::mem_process_seqs] Processed 279190 reads in 14.907 CPU sec, 0.487 real sec
[main] Version: 0.7.17-r1188
[main] CMD: bwa mem -R @RG\tID:SRR13644101\tSM:SRR13644101\tLB:lib1\tPL:ILLUMINA -t 40 assembly/GCF_009858895.2_ASM985889v3_genomic.fna fastqs/SRR13644101_1.fastq.gz fastqs/SRR13644101_2.fastq.gz
[main] Real time: 2.892 sec; CPU: 15.831 sec
