[M::bwa_idx_load_from_disk] read 0 ALT contigs
[M::process] read 86300 sequences (10000077 bp)...
[M::process] read 85850 sequences (10000093 bp)...
[M::mem_pestat] # candidate unique pairs for (FF, FR, RF, RR): (3, 39459, 18, 4)
[M::mem_pestat] skip orientation FF as there are not enough pairs
[M::mem_pestat] analyzing insert size distribution for orientation FR...
[M::mem_pestat] (25, 50, 75) percentile: (84, 130, 191)
[M::mem_pestat] low and high boundaries for computing mean and std.dev: (1, 405)
[M::mem_pestat] mean and std.dev: (144.53, 76.16)
[M::mem_pestat] low and high boundaries for proper pairs: (1, 512)
[M::mem_pestat] analyzing insert size distribution for orientation RF...
[M::mem_pestat] (25, 50, 75) percentile: (250, 1073, 1174)
[M::mem_pestat] low and high boundaries for computing mean and std.dev: (1, 3022)
[M::mem_pestat] mean and std.dev: (789.88, 508.15)
[M::mem_pestat] low and high boundaries for proper pairs: (1, 3946)
[M::mem_pestat] skip orientation RR as there are not enough pairs
[M::mem_pestat] skip orientation RF
[M::mem_process_seqs] Processed 86300 reads in 3.623 CPU sec, 3.373 real sec
[M::process] read 86290 sequences (10000117 bp)...
[M::mem_pestat] # candidate unique pairs for (FF, FR, RF, RR): (3, 39228, 16, 7)
[M::mem_pestat] skip orientation FF as there are not enough pairs
[M::mem_pestat] analyzing insert size distribution for orientation FR...
[M::mem_pestat] (25, 50, 75) percentile: (85, 131, 191)
[M::mem_pestat] low and high boundaries for computing mean and std.dev: (1, 403)
[M::mem_pestat] mean and std.dev: (144.81, 75.44)
[M::mem_pestat] low and high boundaries for proper pairs: (1, 509)
[M::mem_pestat] analyzing insert size distribution for orientation RF...
[M::mem_pestat] (25, 50, 75) percentile: (277, 962, 2826)
[M::mem_pestat] low and high boundaries for computing mean and std.dev: (1, 7924)
[M::mem_pestat] mean and std.dev: (1664.06, 1888.07)
[M::mem_pestat] low and high boundaries for proper pairs: (1, 10473)
[M::mem_pestat] skip orientation RR as there are not enough pairs
[M::mem_pestat] skip orientation RF
[M::mem_process_seqs] Processed 85850 reads in 3.462 CPU sec, 3.238 real sec
[M::process] read 85824 sequences (10000104 bp)...
[M::mem_pestat] # candidate unique pairs for (FF, FR, RF, RR): (4, 39491, 16, 2)
[M::mem_pestat] skip orientation FF as there are not enough pairs
[M::mem_pestat] analyzing insert size distribution for orientation FR...
[M::mem_pestat] (25, 50, 75) percentile: (84, 129, 190)
[M::mem_pestat] low and high boundaries for computing mean and std.dev: (1, 402)
[M::mem_pestat] mean and std.dev: (144.20, 75.80)
[M::mem_pestat] low and high boundaries for proper pairs: (1, 508)
[M::mem_pestat] analyzing insert size distribution for orientation RF...
[M::mem_pestat] (25, 50, 75) percentile: (870, 1073, 1628)
[M::mem_pestat] low and high boundaries for computing mean and std.dev: (1, 3144)
[M::mem_pestat] mean and std.dev: (947.86, 483.98)
[M::mem_pestat] low and high boundaries for proper pairs: (1, 3902)
[M::mem_pestat] skip orientation RR as there are not enough pairs
[M::mem_pestat] skip orientation RF
[M::mem_process_seqs] Processed 86290 reads in 3.411 CPU sec, 3.040 real sec
[M::process] read 85570 sequences (10000009 bp)...
[M::mem_pestat] # candidate unique pairs for (FF, FR, RF, RR): (4, 39273, 6, 3)
[M::mem_pestat] skip orientation FF as there are not enough pairs
[M::mem_pestat] analyzing insert size distribution for orientation FR...
[M::mem_pestat] (25, 50, 75) percentile: (85, 131, 192)
[M::mem_pestat] low and high boundaries for computing mean and std.dev: (1, 406)
[M::mem_pestat] mean and std.dev: (145.20, 75.41)
[M::mem_pestat] low and high boundaries for proper pairs: (1, 513)
[M::mem_pestat] skip orientation RF as there are not enough pairs
[M::mem_pestat] skip orientation RR as there are not enough pairs
[M::mem_process_seqs] Processed 85824 reads in 3.414 CPU sec, 3.079 real sec
[M::process] read 85466 sequences (10000132 bp)...
[M::mem_pestat] # candidate unique pairs for (FF, FR, RF, RR): (1, 39229, 10, 0)
[M::mem_pestat] skip orientation FF as there are not enough pairs
[M::mem_pestat] analyzing insert size distribution for orientation FR...
[M::mem_pestat] (25, 50, 75) percentile: (85, 131, 191)
[M::mem_pestat] low and high boundaries for computing mean and std.dev: (1, 403)
[M::mem_pestat] mean and std.dev: (145.33, 75.67)
[M::mem_pestat] low and high boundaries for proper pairs: (1, 509)
[M::mem_pestat] analyzing insert size distribution for orientation RF...
[M::mem_pestat] (25, 50, 75) percentile: (339, 2477, 3649)
[M::mem_pestat] low and high boundaries for computing mean and std.dev: (1, 10269)
[M::mem_pestat] mean and std.dev: (2311.80, 2378.24)
[M::mem_pestat] low and high boundaries for proper pairs: (1, 13579)
[M::mem_pestat] skip orientation RR as there are not enough pairs
[M::mem_pestat] skip orientation RF
[M::mem_process_seqs] Processed 85570 reads in 3.632 CPU sec, 3.513 real sec
[M::process] read 84688 sequences (10000293 bp)...
[M::mem_pestat] # candidate unique pairs for (FF, FR, RF, RR): (5, 39315, 15, 4)
[M::mem_pestat] skip orientation FF as there are not enough pairs
[M::mem_pestat] analyzing insert size distribution for orientation FR...
[M::mem_pestat] (25, 50, 75) percentile: (86, 131, 192)
[M::mem_pestat] low and high boundaries for computing mean and std.dev: (1, 404)
[M::mem_pestat] mean and std.dev: (145.33, 75.16)
[M::mem_pestat] low and high boundaries for proper pairs: (1, 510)
[M::mem_pestat] analyzing insert size distribution for orientation RF...
[M::mem_pestat] (25, 50, 75) percentile: (275, 684, 1151)
[M::mem_pestat] low and high boundaries for computing mean and std.dev: (1, 2903)
[M::mem_pestat] mean and std.dev: (710.46, 720.58)
[M::mem_pestat] low and high boundaries for proper pairs: (1, 3779)
[M::mem_pestat] skip orientation RR as there are not enough pairs
[M::mem_pestat] skip orientation RF
[M::mem_process_seqs] Processed 85466 reads in 3.023 CPU sec, 2.724 real sec
[M::process] read 85504 sequences (10000102 bp)...
[M::mem_pestat] # candidate unique pairs for (FF, FR, RF, RR): (6, 38952, 16, 2)
[M::mem_pestat] skip orientation FF as there are not enough pairs
[M::mem_pestat] analyzing insert size distribution for orientation FR...
[M::mem_pestat] (25, 50, 75) percentile: (87, 134, 195)
[M::mem_pestat] low and high boundaries for computing mean and std.dev: (1, 411)
[M::mem_pestat] mean and std.dev: (147.42, 75.61)
[M::mem_pestat] low and high boundaries for proper pairs: (1, 519)
[M::mem_pestat] analyzing insert size distribution for orientation RF...
[M::mem_pestat] (25, 50, 75) percentile: (182, 938, 1133)
[M::mem_pestat] low and high boundaries for computing mean and std.dev: (1, 3035)
[M::mem_pestat] mean and std.dev: (763.69, 554.40)
[M::mem_pestat] low and high boundaries for proper pairs: (1, 3986)
[M::mem_pestat] skip orientation RR as there are not enough pairs
[M::mem_pestat] skip orientation RF
[M::mem_process_seqs] Processed 84688 reads in 3.227 CPU sec, 3.082 real sec
[M::process] read 85498 sequences (10000124 bp)...
[M::mem_pestat] # candidate unique pairs for (FF, FR, RF, RR): (2, 39183, 14, 3)
[M::mem_pestat] skip orientation FF as there are not enough pairs
[M::mem_pestat] analyzing insert size distribution for orientation FR...
[M::mem_pestat] (25, 50, 75) percentile: (86, 132, 193)
[M::mem_pestat] low and high boundaries for computing mean and std.dev: (1, 407)
[M::mem_pestat] mean and std.dev: (146.03, 76.32)
[M::mem_pestat] low and high boundaries for proper pairs: (1, 514)
[M::mem_pestat] analyzing insert size distribution for orientation RF...
[M::mem_pestat] (25, 50, 75) percentile: (239, 1058, 1867)
[M::mem_pestat] low and high boundaries for computing mean and std.dev: (1, 5123)
[M::mem_pestat] mean and std.dev: (1043.62, 1090.85)
[M::mem_pestat] low and high boundaries for proper pairs: (1, 6751)
[M::mem_pestat] skip orientation RR as there are not enough pairs
[M::mem_pestat] skip orientation RF
[M::mem_process_seqs] Processed 85504 reads in 3.181 CPU sec, 2.972 real sec
[M::process] read 85334 sequences (10000294 bp)...
[M::mem_pestat] # candidate unique pairs for (FF, FR, RF, RR): (1, 39154, 12, 4)
[M::mem_pestat] skip orientation FF as there are not enough pairs
[M::mem_pestat] analyzing insert size distribution for orientation FR...
[M::mem_pestat] (25, 50, 75) percentile: (85, 132, 192)
[M::mem_pestat] low and high boundaries for computing mean and std.dev: (1, 406)
[M::mem_pestat] mean and std.dev: (145.78, 75.77)
[M::mem_pestat] low and high boundaries for proper pairs: (1, 513)
[M::mem_pestat] analyzing insert size distribution for orientation RF...
[M::mem_pestat] (25, 50, 75) percentile: (389, 1034, 1263)
[M::mem_pestat] low and high boundaries for computing mean and std.dev: (1, 3011)
[M::mem_pestat] mean and std.dev: (830.25, 440.90)
[M::mem_pestat] low and high boundaries for proper pairs: (1, 3885)
[M::mem_pestat] skip orientation RR as there are not enough pairs
[M::mem_pestat] skip orientation RF
[M::mem_process_seqs] Processed 85498 reads in 3.308 CPU sec, 2.861 real sec
[M::process] read 85216 sequences (10000036 bp)...
[M::mem_pestat] # candidate unique pairs for (FF, FR, RF, RR): (7, 39080, 14, 3)
[M::mem_pestat] skip orientation FF as there are not enough pairs
[M::mem_pestat] analyzing insert size distribution for orientation FR...
[M::mem_pestat] (25, 50, 75) percentile: (86, 133, 193)
[M::mem_pestat] low and high boundaries for computing mean and std.dev: (1, 407)
[M::mem_pestat] mean and std.dev: (146.44, 76.09)
[M::mem_pestat] low and high boundaries for proper pairs: (1, 514)
[M::mem_pestat] analyzing insert size distribution for orientation RF...
[M::mem_pestat] (25, 50, 75) percentile: (276, 976, 1099)
[M::mem_pestat] low and high boundaries for computing mean and std.dev: (1, 2745)
[M::mem_pestat] mean and std.dev: (646.46, 409.30)
[M::mem_pestat] low and high boundaries for proper pairs: (1, 3568)
[M::mem_pestat] skip orientation RR as there are not enough pairs
[M::mem_pestat] skip orientation RF
[M::mem_process_seqs] Processed 85334 reads in 2.973 CPU sec, 2.679 real sec
[M::process] read 85068 sequences (10000057 bp)...
[M::mem_pestat] # candidate unique pairs for (FF, FR, RF, RR): (4, 39111, 11, 2)
[M::mem_pestat] skip orientation FF as there are not enough pairs
[M::mem_pestat] analyzing insert size distribution for orientation FR...
[M::mem_pestat] (25, 50, 75) percentile: (86, 132, 192)
[M::mem_pestat] low and high boundaries for computing mean and std.dev: (1, 404)
[M::mem_pestat] mean and std.dev: (146.32, 75.76)
[M::mem_pestat] low and high boundaries for proper pairs: (1, 510)
[M::mem_pestat] analyzing insert size distribution for orientation RF...
[M::mem_pestat] (25, 50, 75) percentile: (932, 959, 2609)
[M::mem_pestat] low and high boundaries for computing mean and std.dev: (1, 5963)
[M::mem_pestat] mean and std.dev: (1626.36, 1506.42)
[M::mem_pestat] low and high boundaries for proper pairs: (1, 7652)
[M::mem_pestat] skip orientation RR as there are not enough pairs
[M::mem_pestat] skip orientation RF
[M::mem_process_seqs] Processed 85216 reads in 2.984 CPU sec, 2.633 real sec
[M::process] read 84614 sequences (10000107 bp)...
[M::mem_pestat] # candidate unique pairs for (FF, FR, RF, RR): (4, 39050, 18, 4)
[M::mem_pestat] skip orientation FF as there are not enough pairs
[M::mem_pestat] analyzing insert size distribution for orientation FR...
[M::mem_pestat] (25, 50, 75) percentile: (87, 133, 193)
[M::mem_pestat] low and high boundaries for computing mean and std.dev: (1, 405)
[M::mem_pestat] mean and std.dev: (146.53, 75.77)
[M::mem_pestat] low and high boundaries for proper pairs: (1, 511)
[M::mem_pestat] analyzing insert size distribution for orientation RF...
[M::mem_pestat] (25, 50, 75) percentile: (404, 960, 1222)
[M::mem_pestat] low and high boundaries for computing mean and std.dev: (1, 2858)
[M::mem_pestat] mean and std.dev: (746.27, 453.00)
[M::mem_pestat] low and high boundaries for proper pairs: (1, 3676)
[M::mem_pestat] skip orientation RR as there are not enough pairs
[M::mem_pestat] skip orientation RF
[M::mem_process_seqs] Processed 85068 reads in 2.735 CPU sec, 2.458 real sec
[M::process] read 77470 sequences (9249807 bp)...
[M::mem_pestat] # candidate unique pairs for (FF, FR, RF, RR): (2, 38969, 14, 6)
[M::mem_pestat] skip orientation FF as there are not enough pairs
[M::mem_pestat] analyzing insert size distribution for orientation FR...
[M::mem_pestat] (25, 50, 75) percentile: (88, 133, 192)
[M::mem_pestat] low and high boundaries for computing mean and std.dev: (1, 400)
[M::mem_pestat] mean and std.dev: (146.80, 75.10)
[M::mem_pestat] low and high boundaries for proper pairs: (1, 504)
[M::mem_pestat] analyzing insert size distribution for orientation RF...
[M::mem_pestat] (25, 50, 75) percentile: (687, 1070, 1127)
[M::mem_pestat] low and high boundaries for computing mean and std.dev: (1, 2007)
[M::mem_pestat] mean and std.dev: (885.23, 399.53)
[M::mem_pestat] low and high boundaries for proper pairs: (1, 2483)
[M::mem_pestat] skip orientation RR as there are not enough pairs
[M::mem_pestat] skip orientation RF
[M::mem_process_seqs] Processed 84614 reads in 2.718 CPU sec, 2.461 real sec
[M::mem_pestat] # candidate unique pairs for (FF, FR, RF, RR): (3, 35769, 10, 3)
[M::mem_pestat] skip orientation FF as there are not enough pairs
[M::mem_pestat] analyzing insert size distribution for orientation FR...
[M::mem_pestat] (25, 50, 75) percentile: (90, 135, 196)
[M::mem_pestat] low and high boundaries for computing mean and std.dev: (1, 408)
[M::mem_pestat] mean and std.dev: (149.32, 75.82)
[M::mem_pestat] low and high boundaries for proper pairs: (1, 514)
[M::mem_pestat] analyzing insert size distribution for orientation RF...
[M::mem_pestat] (25, 50, 75) percentile: (280, 896, 1079)
[M::mem_pestat] low and high boundaries for computing mean and std.dev: (1, 2677)
[M::mem_pestat] mean and std.dev: (705.00, 429.89)
[M::mem_pestat] low and high boundaries for proper pairs: (1, 3476)
[M::mem_pestat] skip orientation RR as there are not enough pairs
[M::mem_pestat] skip orientation RF
[M::mem_process_seqs] Processed 77470 reads in 2.562 CPU sec, 2.440 real sec
[main] Version: 0.7.17-r1188
[main] CMD: bwa mem -R @RG\tID:SRR12983969\tSM:SRR12983969\tLB:lib1\tPL:ILLUMINA -t 1 assembly/GCF_009858895.2_ASM985889v3_genomic.fna fastqs/SRR12983969_1.fastq.gz fastqs/SRR12983969_2.fastq.gz
[main] Real time: 41.344 sec; CPU: 44.606 sec
