[M::bwa_idx_load_from_disk] read 0 ALT contigs
[M::process] read 1426282 sequences (167946718 bp)...
[M::mem_pestat] # candidate unique pairs for (FF, FR, RF, RR): (59, 687046, 103, 43)
[M::mem_pestat] analyzing insert size distribution for orientation FF...
[M::mem_pestat] (25, 50, 75) percentile: (121, 255, 3123)
[M::mem_pestat] low and high boundaries for computing mean and std.dev: (1, 9127)
[M::mem_pestat] mean and std.dev: (1627.66, 2459.70)
[M::mem_pestat] low and high boundaries for proper pairs: (1, 12129)
[M::mem_pestat] analyzing insert size distribution for orientation FR...
[M::mem_pestat] (25, 50, 75) percentile: (87, 134, 194)
[M::mem_pestat] low and high boundaries for computing mean and std.dev: (1, 408)
[M::mem_pestat] mean and std.dev: (147.31, 76.19)
[M::mem_pestat] low and high boundaries for proper pairs: (1, 515)
[M::mem_pestat] analyzing insert size distribution for orientation RF...
[M::mem_pestat] (25, 50, 75) percentile: (390, 896, 1528)
[M::mem_pestat] low and high boundaries for computing mean and std.dev: (1, 3804)
[M::mem_pestat] mean and std.dev: (806.14, 641.12)
[M::mem_pestat] low and high boundaries for proper pairs: (1, 4942)
[M::mem_pestat] analyzing insert size distribution for orientation RR...
[M::mem_pestat] (25, 50, 75) percentile: (197, 371, 3608)
[M::mem_pestat] low and high boundaries for computing mean and std.dev: (1, 10430)
[M::mem_pestat] mean and std.dev: (2223.09, 3022.04)
[M::mem_pestat] low and high boundaries for proper pairs: (1, 14311)
[M::mem_pestat] skip orientation FF
[M::mem_pestat] skip orientation RF
[M::mem_pestat] skip orientation RR
[M::mem_process_seqs] Processed 1426282 reads in 62.881 CPU sec, 2.042 real sec
[main] Version: 0.7.17-r1188
[main] CMD: bwa mem -R @RG\tID:SRR12983970\tSM:SRR12983970\tLB:lib1\tPL:ILLUMINA -t 40 assembly/GCF_009858895.2_ASM985889v3_genomic.fna fastqs/SRR12983970_1.fastq.gz fastqs/SRR12983970_2.fastq.gz
[main] Real time: 13.255 sec; CPU: 67.263 sec
