[M::bwa_idx_load_from_disk] read 0 ALT contigs
[M::process] read 81032 sequences (10000077 bp)...
[M::process] read 80912 sequences (10000220 bp)...
[M::mem_pestat] # candidate unique pairs for (FF, FR, RF, RR): (11, 39782, 19, 3)
[M::mem_pestat] analyzing insert size distribution for orientation FF...
[M::mem_pestat] (25, 50, 75) percentile: (190, 276, 771)
[M::mem_pestat] low and high boundaries for computing mean and std.dev: (1, 1933)
[M::mem_pestat] mean and std.dev: (442.10, 458.46)
[M::mem_pestat] low and high boundaries for proper pairs: (1, 2514)
[M::mem_pestat] analyzing insert size distribution for orientation FR...
[M::mem_pestat] (25, 50, 75) percentile: (97, 157, 241)
[M::mem_pestat] low and high boundaries for computing mean and std.dev: (1, 529)
[M::mem_pestat] mean and std.dev: (175.98, 103.07)
[M::mem_pestat] low and high boundaries for proper pairs: (1, 673)
[M::mem_pestat] analyzing insert size distribution for orientation RF...
[M::mem_pestat] (25, 50, 75) percentile: (745, 1343, 3381)
[M::mem_pestat] low and high boundaries for computing mean and std.dev: (1, 8653)
[M::mem_pestat] mean and std.dev: (1875.95, 1800.72)
[M::mem_pestat] low and high boundaries for proper pairs: (1, 11289)
[M::mem_pestat] skip orientation RR as there are not enough pairs
[M::mem_pestat] skip orientation FF
[M::mem_pestat] skip orientation RF
[M::mem_process_seqs] Processed 81032 reads in 4.002 CPU sec, 3.938 real sec
[M::process] read 80604 sequences (10000188 bp)...
[M::mem_pestat] # candidate unique pairs for (FF, FR, RF, RR): (9, 39800, 12, 7)
[M::mem_pestat] skip orientation FF as there are not enough pairs
[M::mem_pestat] analyzing insert size distribution for orientation FR...
[M::mem_pestat] (25, 50, 75) percentile: (97, 157, 241)
[M::mem_pestat] low and high boundaries for computing mean and std.dev: (1, 529)
[M::mem_pestat] mean and std.dev: (175.77, 102.47)
[M::mem_pestat] low and high boundaries for proper pairs: (1, 673)
[M::mem_pestat] analyzing insert size distribution for orientation RF...
[M::mem_pestat] (25, 50, 75) percentile: (453, 1214, 2674)
[M::mem_pestat] low and high boundaries for computing mean and std.dev: (1, 7116)
[M::mem_pestat] mean and std.dev: (1411.67, 1063.94)
[M::mem_pestat] low and high boundaries for proper pairs: (1, 9337)
[M::mem_pestat] skip orientation RR as there are not enough pairs
[M::mem_pestat] skip orientation RF
[M::mem_process_seqs] Processed 80912 reads in 4.164 CPU sec, 3.847 real sec
[M::process] read 18482 sequences (2296411 bp)...
[M::mem_pestat] # candidate unique pairs for (FF, FR, RF, RR): (6, 39662, 15, 2)
[M::mem_pestat] skip orientation FF as there are not enough pairs
[M::mem_pestat] analyzing insert size distribution for orientation FR...
[M::mem_pestat] (25, 50, 75) percentile: (99, 159, 244)
[M::mem_pestat] low and high boundaries for computing mean and std.dev: (1, 534)
[M::mem_pestat] mean and std.dev: (178.56, 105.22)
[M::mem_pestat] low and high boundaries for proper pairs: (1, 679)
[M::mem_pestat] analyzing insert size distribution for orientation RF...
[M::mem_pestat] (25, 50, 75) percentile: (365, 1113, 3060)
[M::mem_pestat] low and high boundaries for computing mean and std.dev: (1, 8450)
[M::mem_pestat] mean and std.dev: (1315.46, 1267.29)
[M::mem_pestat] low and high boundaries for proper pairs: (1, 11145)
[M::mem_pestat] skip orientation RR as there are not enough pairs
[M::mem_pestat] skip orientation RF
[M::mem_process_seqs] Processed 80604 reads in 4.076 CPU sec, 4.143 real sec
[M::mem_pestat] # candidate unique pairs for (FF, FR, RF, RR): (1, 9106, 5, 0)
[M::mem_pestat] skip orientation FF as there are not enough pairs
[M::mem_pestat] analyzing insert size distribution for orientation FR...
[M::mem_pestat] (25, 50, 75) percentile: (99, 157, 241)
[M::mem_pestat] low and high boundaries for computing mean and std.dev: (1, 525)
[M::mem_pestat] mean and std.dev: (176.63, 102.83)
[M::mem_pestat] low and high boundaries for proper pairs: (1, 667)
[M::mem_pestat] skip orientation RF as there are not enough pairs
[M::mem_pestat] skip orientation RR as there are not enough pairs
[M::mem_process_seqs] Processed 18482 reads in 1.038 CPU sec, 1.055 real sec
[main] Version: 0.7.17-r1188
[main] CMD: bwa mem -R @RG\tID:SRR13644085\tSM:SRR13644085\tLB:lib1\tPL:ILLUMINA -t 1 assembly/GCF_009858895.2_ASM985889v3_genomic.fna fastqs/SRR13644085_1.fastq.gz fastqs/SRR13644085_2.fastq.gz
[main] Real time: 13.472 sec; CPU: 13.592 sec
