[M::bwa_idx_load_from_disk] read 0 ALT contigs
[M::process] read 409804 sequences (48681024 bp)...
[M::mem_pestat] # candidate unique pairs for (FF, FR, RF, RR): (36, 200406, 104, 30)
[M::mem_pestat] analyzing insert size distribution for orientation FF...
[M::mem_pestat] (25, 50, 75) percentile: (196, 445, 2450)
[M::mem_pestat] low and high boundaries for computing mean and std.dev: (1, 6958)
[M::mem_pestat] mean and std.dev: (1448.67, 1770.54)
[M::mem_pestat] low and high boundaries for proper pairs: (1, 9212)
[M::mem_pestat] analyzing insert size distribution for orientation FR...
[M::mem_pestat] (25, 50, 75) percentile: (89, 136, 200)
[M::mem_pestat] low and high boundaries for computing mean and std.dev: (1, 422)
[M::mem_pestat] mean and std.dev: (150.06, 78.70)
[M::mem_pestat] low and high boundaries for proper pairs: (1, 533)
[M::mem_pestat] analyzing insert size distribution for orientation RF...
[M::mem_pestat] (25, 50, 75) percentile: (272, 538, 1149)
[M::mem_pestat] low and high boundaries for computing mean and std.dev: (1, 2903)
[M::mem_pestat] mean and std.dev: (647.79, 588.93)
[M::mem_pestat] low and high boundaries for proper pairs: (1, 3780)
[M::mem_pestat] analyzing insert size distribution for orientation RR...
[M::mem_pestat] (25, 50, 75) percentile: (186, 2695, 6395)
[M::mem_pestat] low and high boundaries for computing mean and std.dev: (1, 18813)
[M::mem_pestat] mean and std.dev: (3429.33, 3354.62)
[M::mem_pestat] low and high boundaries for proper pairs: (1, 25022)
[M::mem_pestat] skip orientation FF
[M::mem_pestat] skip orientation RF
[M::mem_pestat] skip orientation RR
[M::mem_process_seqs] Processed 409804 reads in 45.753 CPU sec, 1.359 real sec
[main] Version: 0.7.17-r1188
[main] CMD: bwa mem -R @RG\tID:SRR12983967\tSM:SRR12983967\tLB:lib1\tPL:ILLUMINA -t 40 assembly/GCF_009858895.2_ASM985889v3_genomic.fna fastqs/SRR12983967_1.fastq.gz fastqs/SRR12983967_2.fastq.gz
[main] Real time: 4.692 sec; CPU: 47.026 sec
